#
# There is insufficient memory for the Java Runtime Environment to continue.
# Native memory allocation (malloc) failed to allocate 1859056 bytes for Chunk::new
# Possible reasons:
#   The system is out of physical RAM or swap space
#   In 32 bit mode, the process size limit was hit
# Possible solutions:
#   Reduce memory load on the system
#   Increase physical memory or swap space
#   Check if swap backing store is full
#   Use 64 bit Java on a 64 bit OS
#   Decrease Java heap size (-Xmx/-Xms)
#   Decrease number of Java threads
#   Decrease Java thread stack sizes (-Xss)
#   Set larger code cache with -XX:ReservedCodeCacheSize=
# This output file may be truncated or incomplete.
#
#  Out of Memory Error (allocation.cpp:390), pid=10324, tid=13980
#
# JRE version: Java(TM) SE Runtime Environment (8.0_65-b17) (build 1.8.0_65-b17)
# Java VM: Java HotSpot(TM) 64-Bit Server VM (25.65-b01 mixed mode windows-amd64 compressed oops)
# Failed to write core dump. Minidumps are not enabled by default on client versions of Windows
#

---------------  T H R E A D  ---------------

Current thread (0x0000000055fea000):  JavaThread "C2 CompilerThread1" daemon [_thread_in_native, id=13980, stack(0x0000000056980000,0x0000000056a80000)]

Stack: [0x0000000056980000,0x0000000056a80000]
[error occurred during error reporting (printing stack bounds), id 0xc0000005]

Native frames: (J=compiled Java code, j=interpreted, Vv=VM code, C=native code)


Current CompileTask:
C2:   7447 1736       4       com.android.dx.cf.code.Simulator$SimVisitor::visitConstant (332 bytes)


---------------  P R O C E S S  ---------------

Java Threads: ( => current thread )
  0x0000000056289000 JavaThread "pool-2-thread-4" [_thread_blocked, id=7528, stack(0x0000000056fe0000,0x00000000570e0000)]
  0x000000005627e000 JavaThread "pool-2-thread-3" [_thread_blocked, id=13072, stack(0x0000000057130000,0x0000000057230000)]
  0x000000005627d000 JavaThread "pool-2-thread-2" [_thread_blocked, id=2268, stack(0x0000000056e70000,0x0000000056f70000)]
  0x00000000562a7000 JavaThread "pool-3-thread-1" [_thread_blocked, id=4448, stack(0x0000000055c90000,0x0000000055d90000)]
  0x00000000562a4000 JavaThread "pool-2-thread-1" [_thread_blocked, id=14232, stack(0x0000000056c60000,0x0000000056d60000)]
  0x0000000056075000 JavaThread "Service Thread" daemon [_thread_blocked, id=7708, stack(0x0000000056430000,0x0000000056530000)]
  0x0000000054d5b000 JavaThread "C1 CompilerThread2" daemon [_thread_blocked, id=7740, stack(0x0000000056b40000,0x0000000056c40000)]
=>0x0000000055fea000 JavaThread "C2 CompilerThread1" daemon [_thread_in_native, id=13980, stack(0x0000000056980000,0x0000000056a80000)]
  0x0000000055fe6000 JavaThread "C2 CompilerThread0" daemon [_thread_in_native, id=10004, stack(0x0000000056840000,0x0000000056940000)]
  0x0000000055fdc800 JavaThread "Attach Listener" daemon [_thread_blocked, id=12284, stack(0x00000000566a0000,0x00000000567a0000)]
  0x0000000054d50000 JavaThread "Signal Dispatcher" daemon [_thread_blocked, id=13812, stack(0x0000000056540000,0x0000000056640000)]
  0x0000000054cf3800 JavaThread "Finalizer" daemon [_thread_blocked, id=13512, stack(0x0000000055ed0000,0x0000000055fd0000)]
  0x0000000054cf2000 JavaThread "Reference Handler" daemon [_thread_blocked, id=13376, stack(0x0000000055da0000,0x0000000055ea0000)]
  0x000000000215e800 JavaThread "main" [_thread_blocked, id=9704, stack(0x00000000023d0000,0x00000000024d0000)]

Other Threads:
  0x0000000054cec800 VMThread [stack: 0x0000000055b40000,0x0000000055c40000] [id=13808]
  0x00000000560d7800 WatcherThread [stack: 0x0000000056d70000,0x0000000056e70000] [id=11288]

VM state:not at safepoint (normal execution)

VM Mutex/Monitor currently owned by a thread: None

Heap:
 PSYoungGen      total 38400K, used 30561K [0x00000000eab00000, 0x00000000ef600000, 0x0000000100000000)
  eden space 33280K, 76% used [0x00000000eab00000,0x00000000ec3de600,0x00000000ecb80000)
  from space 5120K, 99% used [0x00000000ecb80000,0x00000000ed07a178,0x00000000ed080000)
  to   space 5120K, 0% used [0x00000000ef100000,0x00000000ef100000,0x00000000ef600000)
 ParOldGen       total 87552K, used 10547K [0x00000000c0000000, 0x00000000c5580000, 0x00000000eab00000)
  object space 87552K, 12% used [0x00000000c0000000,0x00000000c0a4cd80,0x00000000c5580000)
 Metaspace       used 6354K, capacity 7128K, committed 7424K, reserved 1056768K
  class space    used 626K, capacity 656K, committed 768K, reserved 1048576K

Card table byte_map: [0x0000000011890000,0x0000000011aa0000] byte_map_base: 0x0000000011290000

Marking Bits: (ParMarkBitMap*) 0x000000005ab3a5b0
 Begin Bits: [0x0000000012160000, 0x0000000013160000)
 End Bits:   [0x0000000013160000, 0x0000000014160000)

Polling page: 0x0000000000310000

CodeCache: size=245760Kb used=7233Kb max_used=7260Kb free=238526Kb
 bounds [0x00000000024d0000, 0x0000000002c00000, 0x00000000114d0000]
 total_blobs=1950 nmethods=1679 adapters=184
 compilation: enabled

Compilation events (10 events):
Event: 5.637 Thread 0x0000000054d5b000 nmethod 1731 0x0000000002b93b10 code [0x0000000002b93c80, 0x0000000002b93ed0]
Event: 7.062 Thread 0x0000000054d5b000 1732       3       java.util.HashMap::put (13 bytes)
Event: 7.063 Thread 0x0000000054d5b000 nmethod 1732 0x0000000002b93490 code [0x0000000002b93620, 0x0000000002b939d8]
Event: 7.063 Thread 0x0000000055fea000 1733       4       com.android.dx.rop.type.Type::compareTo (9 bytes)
Event: 7.064 Thread 0x0000000055fea000 nmethod 1733 0x0000000002b93050 code [0x0000000002b931a0, 0x0000000002b93358]
Event: 7.325 Thread 0x0000000055fea000 1734       4       com.android.dx.ssa.back.LivenessAnalyzer::<init> (55 bytes)
Event: 7.329 Thread 0x0000000055fea000 nmethod 1734 0x0000000002bcde50 code [0x0000000002bcdfc0, 0x0000000002bce398]
Event: 7.329 Thread 0x0000000055fea000 1735       4       com.android.dx.rop.code.PlainCstInsn::accept (8 bytes)
Event: 7.329 Thread 0x0000000055fea000 nmethod 1735 0x0000000002ad5750 code [0x0000000002ad5880, 0x0000000002ad58f8]
Event: 7.329 Thread 0x0000000055fea000 1736       4       com.android.dx.cf.code.Simulator$SimVisitor::visitConstant (332 bytes)

GC Heap History (6 events):
Event: 2.348 GC heap before
{Heap before GC invocations=1 (full 0):
 PSYoungGen      total 38400K, used 33280K [0x00000000eab00000, 0x00000000ed580000, 0x0000000100000000)
  eden space 33280K, 100% used [0x00000000eab00000,0x00000000ecb80000,0x00000000ecb80000)
  from space 5120K, 0% used [0x00000000ed080000,0x00000000ed080000,0x00000000ed580000)
  to   space 5120K, 0% used [0x00000000ecb80000,0x00000000ecb80000,0x00000000ed080000)
 ParOldGen       total 87552K, used 0K [0x00000000c0000000, 0x00000000c5580000, 0x00000000eab00000)
  object space 87552K, 0% used [0x00000000c0000000,0x00000000c0000000,0x00000000c5580000)
 Metaspace       used 6015K, capacity 6900K, committed 7040K, reserved 1056768K
  class space    used 602K, capacity 620K, committed 640K, reserved 1048576K
Event: 2.554 GC heap after
Heap after GC invocations=1 (full 0):
 PSYoungGen      total 38400K, used 5118K [0x00000000eab00000, 0x00000000ed580000, 0x0000000100000000)
  eden space 33280K, 0% used [0x00000000eab00000,0x00000000eab00000,0x00000000ecb80000)
  from space 5120K, 99% used [0x00000000ecb80000,0x00000000ed07fa68,0x00000000ed080000)
  to   space 5120K, 0% used [0x00000000ed080000,0x00000000ed080000,0x00000000ed580000)
 ParOldGen       total 87552K, used 1633K [0x00000000c0000000, 0x00000000c5580000, 0x00000000eab00000)
  object space 87552K, 1% used [0x00000000c0000000,0x00000000c0198670,0x00000000c5580000)
 Metaspace       used 6015K, capacity 6900K, committed 7040K, reserved 1056768K
  class space    used 602K, capacity 620K, committed 640K, reserved 1048576K
}
Event: 3.111 GC heap before
{Heap before GC invocations=2 (full 0):
 PSYoungGen      total 38400K, used 38398K [0x00000000eab00000, 0x00000000ed580000, 0x0000000100000000)
  eden space 33280K, 100% used [0x00000000eab00000,0x00000000ecb80000,0x00000000ecb80000)
  from space 5120K, 99% used [0x00000000ecb80000,0x00000000ed07fa68,0x00000000ed080000)
  to   space 5120K, 0% used [0x00000000ed080000,0x00000000ed080000,0x00000000ed580000)
 ParOldGen       total 87552K, used 1633K [0x00000000c0000000, 0x00000000c5580000, 0x00000000eab00000)
  object space 87552K, 1% used [0x00000000c0000000,0x00000000c0198670,0x00000000c5580000)
 Metaspace       used 6181K, capacity 7028K, committed 7296K, reserved 1056768K
  class space    used 604K, capacity 620K, committed 640K, reserved 1048576K
Event: 3.196 GC heap after
Heap after GC invocations=2 (full 0):
 PSYoungGen      total 38400K, used 5111K [0x00000000eab00000, 0x00000000ef600000, 0x0000000100000000)
  eden space 33280K, 0% used [0x00000000eab00000,0x00000000eab00000,0x00000000ecb80000)
  from space 5120K, 99% used [0x00000000ed080000,0x00000000ed57dfb8,0x00000000ed580000)
  to   space 5120K, 0% used [0x00000000ecb80000,0x00000000ecb80000,0x00000000ed080000)
 ParOldGen       total 87552K, used 5838K [0x00000000c0000000, 0x00000000c5580000, 0x00000000eab00000)
  object space 87552K, 6% used [0x00000000c0000000,0x00000000c05b38f0,0x00000000c5580000)
 Metaspace       used 6181K, capacity 7028K, committed 7296K, reserved 1056768K
  class space    used 604K, capacity 620K, committed 640K, reserved 1048576K
}
Event: 3.981 GC heap before
{Heap before GC invocations=3 (full 0):
 PSYoungGen      total 38400K, used 38391K [0x00000000eab00000, 0x00000000ef600000, 0x0000000100000000)
  eden space 33280K, 100% used [0x00000000eab00000,0x00000000ecb80000,0x00000000ecb80000)
  from space 5120K, 99% used [0x00000000ed080000,0x00000000ed57dfb8,0x00000000ed580000)
  to   space 5120K, 0% used [0x00000000ecb80000,0x00000000ecb80000,0x00000000ed080000)
 ParOldGen       total 87552K, used 5838K [0x00000000c0000000, 0x00000000c5580000, 0x00000000eab00000)
  object space 87552K, 6% used [0x00000000c0000000,0x00000000c05b38f0,0x00000000c5580000)
 Metaspace       used 6330K, capacity 7128K, committed 7424K, reserved 1056768K
  class space    used 626K, capacity 656K, committed 768K, reserved 1048576K
Event: 4.131 GC heap after
Heap after GC invocations=3 (full 0):
 PSYoungGen      total 38400K, used 5096K [0x00000000eab00000, 0x00000000ef600000, 0x0000000100000000)
  eden space 33280K, 0% used [0x00000000eab00000,0x00000000eab00000,0x00000000ecb80000)
  from space 5120K, 99% used [0x00000000ecb80000,0x00000000ed07a178,0x00000000ed080000)
  to   space 5120K, 0% used [0x00000000ef100000,0x00000000ef100000,0x00000000ef600000)
 ParOldGen       total 87552K, used 10547K [0x00000000c0000000, 0x00000000c5580000, 0x00000000eab00000)
  object space 87552K, 12% used [0x00000000c0000000,0x00000000c0a4cd80,0x00000000c5580000)
 Metaspace       used 6330K, capacity 7128K, committed 7424K, reserved 1056768K
  class space    used 626K, capacity 656K, committed 768K, reserved 1048576K
}

Deoptimization events (10 events):
Event: 3.891 Thread 0x00000000562a4000 Uncommon trap: reason=bimorphic action=maybe_recompile pc=0x0000000002b46628 method=com.android.dx.cf.code.BytecodeArray.parseInstruction(ILcom/android/dx/cf/code/BytecodeArray$Visitor;)I @ 907
Event: 3.891 Thread 0x00000000562a4000 Uncommon trap: reason=bimorphic action=maybe_recompile pc=0x0000000002b46628 method=com.android.dx.cf.code.BytecodeArray.parseInstruction(ILcom/android/dx/cf/code/BytecodeArray$Visitor;)I @ 907
Event: 3.891 Thread 0x00000000562a4000 Uncommon trap: reason=bimorphic action=maybe_recompile pc=0x0000000002b46628 method=com.android.dx.cf.code.BytecodeArray.parseInstruction(ILcom/android/dx/cf/code/BytecodeArray$Visitor;)I @ 907
Event: 3.891 Thread 0x00000000562a4000 Uncommon trap: reason=bimorphic action=maybe_recompile pc=0x0000000002b46628 method=com.android.dx.cf.code.BytecodeArray.parseInstruction(ILcom/android/dx/cf/code/BytecodeArray$Visitor;)I @ 907
Event: 3.900 Thread 0x0000000056289000 Uncommon trap: reason=unstable_if action=reinterpret pc=0x0000000002931fac method=com.android.dx.util.IntList.binarysearch(I)I @ 105
Event: 3.901 Thread 0x0000000056289000 Uncommon trap: reason=unstable_if action=reinterpret pc=0x0000000002b30fac method=com.android.dx.ssa.SsaBasicBlock.newFromRop(Lcom/android/dx/rop/code/RopMethod;ILcom/android/dx/ssa/SsaMethod;)Lcom/android/dx/ssa/SsaBasicBlock; @ 164
Event: 3.909 Thread 0x0000000056289000 Uncommon trap: reason=unstable_if action=reinterpret pc=0x0000000002b40564 method=com.android.dx.rop.code.BasicBlockList.preferredSuccessorOf(Lcom/android/dx/rop/code/BasicBlock;)Lcom/android/dx/rop/code/BasicBlock; @ 58
Event: 4.281 Thread 0x0000000056289000 Uncommon trap: reason=bimorphic action=maybe_recompile pc=0x0000000002b63c60 method=com.android.dx.ssa.LiteralOpUpgrader.tryReplacingWithConstant(Lcom/android/dx/ssa/NormalSsaInsn;)Z @ 52
Event: 4.281 Thread 0x0000000056289000 Uncommon trap: reason=bimorphic action=maybe_recompile pc=0x0000000002b63c60 method=com.android.dx.ssa.LiteralOpUpgrader.tryReplacingWithConstant(Lcom/android/dx/ssa/NormalSsaInsn;)Z @ 52
Event: 4.814 Thread 0x00000000562a4000 Uncommon trap: reason=unstable_if action=reinterpret pc=0x00000000029c4798 method=java.util.HashMap.putVal(ILjava/lang/Object;Ljava/lang/Object;ZZ)Ljava/lang/Object; @ 109

Internal exceptions (6 events):
Event: 0.087 Thread 0x000000000215e800 Exception <a 'java/lang/NoSuchMethodError': Method sun.misc.Unsafe.defineClass(Ljava/lang/String;[BII)Ljava/lang/Class; name or signature does not match> (0x00000000eab130a0) thrown at [C:\workspace\8-2-build-windows-amd64-cygwin\jdk8u65\4987\hotspot\src\sˆ`»°Y\¶?
Event: 0.087 Thread 0x000000000215e800 Exception <a 'java/lang/NoSuchMethodError': Method sun.misc.Unsafe.prefetchRead(Ljava/lang/Object;J)V name or signature does not match> (0x00000000eab13388) thrown at [C:\workspace\8-2-build-windows-amd64-cygwin\jdk8u65\4987\hotspot\src\share\vm\prims\jni.ù0RÑÇºõ?
Event: 1.358 Thread 0x000000000215e800 Implicit null exception at 0x0000000002775847 to 0x0000000002777529
Event: 3.534 Thread 0x000000005627d000 Exception <a 'java/lang/ArrayIndexOutOfBoundsException': 18> (0x00000000eb8eb2a8) thrown at [C:\workspace\8-2-build-windows-amd64-cygwin\jdk8u65\4987\hotspot\src\share\vm\interpreter\interpreterRuntime.cpp, line 366]
Event: 3.535 Thread 0x000000005627d000 Exception <a 'java/lang/ArrayIndexOutOfBoundsException'> (0x00000000eb8ece28) thrown at [C:\workspace\8-2-build-windows-amd64-cygwin\jdk8u65\4987\hotspot\src\share\vm\runtime\sharedRuntime.cpp, line 605]
Event: 3.536 Thread 0x000000005627d000 Exception <a 'java/lang/ArrayIndexOutOfBoundsException'> (0x00000000eb8ee110) thrown at [C:\workspace\8-2-build-windows-amd64-cygwin\jdk8u65\4987\hotspot\src\share\vm\runtime\sharedRuntime.cpp, line 605]

Events (10 events):
Event: 4.281 Thread 0x0000000056289000 DEOPT PACKING pc=0x0000000002b63c60 sp=0x00000000570de520
Event: 4.281 Thread 0x0000000056289000 DEOPT UNPACKING pc=0x000000000251582a sp=0x00000000570de4c0 mode 2
Event: 4.281 Thread 0x0000000056289000 Uncommon trap: trap_request=0xffffffc6 fr.pc=0x0000000002b63c60
Event: 4.281 Thread 0x0000000056289000 DEOPT PACKING pc=0x0000000002b63c60 sp=0x00000000570de520
Event: 4.281 Thread 0x0000000056289000 DEOPT UNPACKING pc=0x000000000251582a sp=0x00000000570de4c0 mode 2
Event: 4.373 Executing VM operation: EnableBiasedLocking
Event: 4.374 Executing VM operation: EnableBiasedLocking done
Event: 4.814 Thread 0x00000000562a4000 Uncommon trap: trap_request=0xffffff65 fr.pc=0x00000000029c4798
Event: 4.814 Thread 0x00000000562a4000 DEOPT PACKING pc=0x00000000029c4798 sp=0x0000000056d5e470
Event: 4.814 Thread 0x00000000562a4000 DEOPT UNPACKING pc=0x000000000251582a sp=0x0000000056d5e388 mode 2


Dynamic libraries:
0x000000013fb80000 - 0x000000013fbb7000 	C:\Program Files\Java\jdk1.8.0_65\bin\java.exe
0x0000000076db0000 - 0x0000000076f58000 	C:\Windows\SYSTEM32\ntdll.dll
0x0000000076b90000 - 0x0000000076caf000 	C:\Windows\system32\kernel32.dll
0x000007fefcf50000 - 0x000007fefcfbc000 	C:\Windows\system32\KERNELBASE.dll
0x000007fefd860000 - 0x000007fefd93b000 	C:\Windows\system32\ADVAPI32.dll
0x000007fefd250000 - 0x000007fefd2ef000 	C:\Windows\system32\msvcrt.dll
0x000007fefd440000 - 0x000007fefd45f000 	C:\Windows\SYSTEM32\sechost.dll
0x000007fefd2f0000 - 0x000007fefd41d000 	C:\Windows\system32\RPCRT4.dll
0x0000000076cb0000 - 0x0000000076daa000 	C:\Windows\system32\USER32.dll
0x000007fefdec0000 - 0x000007fefdf27000 	C:\Windows\system32\GDI32.dll
0x000007feff0b0000 - 0x000007feff0be000 	C:\Windows\system32\LPK.dll
0x000007fefd710000 - 0x000007fefd7d9000 	C:\Windows\system32\USP10.dll
0x000007fefa9c0000 - 0x000007fefabb4000 	C:\Windows\WinSxS\amd64_microsoft.windows.common-controls_6595b64144ccf1df_6.0.7601.18807_none_fa381d5f175bfb52\COMCTL32.dll
0x000007fefd7e0000 - 0x000007fefd851000 	C:\Windows\system32\SHLWAPI.dll
0x000007fefd460000 - 0x000007fefd48e000 	C:\Windows\system32\IMM32.DLL
0x000007fefd940000 - 0x000007fefda49000 	C:\Windows\system32\MSCTF.dll
0x000007fefcc70000 - 0x000007fefcca1000 	C:\Windows\system32\nvinitx.dll
0x000007fefcc60000 - 0x000007fefcc6c000 	C:\Windows\system32\VERSION.dll
0x000000005bb10000 - 0x000000005bbe2000 	C:\Program Files\Java\jdk1.8.0_65\jre\bin\msvcr100.dll
0x000000005a330000 - 0x000000005abb9000 	C:\Program Files\Java\jdk1.8.0_65\jre\bin\server\jvm.dll
0x000007feec300000 - 0x000007feec309000 	C:\Windows\system32\WSOCK32.dll
0x000007fefd540000 - 0x000007fefd58d000 	C:\Windows\system32\WS2_32.dll
0x000007fefd490000 - 0x000007fefd498000 	C:\Windows\system32\NSI.dll
0x000007fefa3d0000 - 0x000007fefa40b000 	C:\Windows\system32\WINMM.dll
0x0000000076f80000 - 0x0000000076f87000 	C:\Windows\system32\PSAPI.DLL
0x000000005c280000 - 0x000000005c28f000 	C:\Program Files\Java\jdk1.8.0_65\jre\bin\verify.dll
0x000000005c200000 - 0x000000005c229000 	C:\Program Files\Java\jdk1.8.0_65\jre\bin\java.dll
0x000000005c1e0000 - 0x000000005c1f6000 	C:\Program Files\Java\jdk1.8.0_65\jre\bin\zip.dll
0x000007fefe140000 - 0x000007fefeec8000 	C:\Windows\system32\SHELL32.dll
0x000007fefdf30000 - 0x000007fefe133000 	C:\Windows\system32\ole32.dll
0x000007fefccb0000 - 0x000007fefccbf000 	C:\Windows\system32\profapi.dll

VM Arguments:
jvm_args: -Djava.awt.headless=true -Xmx1024M -Dfile.encoding=GBK -Duser.country=CN -Duser.language=zh -Duser.variant 
java_command: com.android.dx.command.Main --dex --force-jumbo --num-threads=4 --multi-dex --output E:\AndroidStudioProjects\GankIO\app\build\intermediates\transforms\dex\debug\folders\1000\10\com.android.support-recyclerview-v7-23.4.0_6fbad451184ff0e41a5cff04e89c3262fa1a4976 E:\AndroidStudioProjects\GankIO\app\build\intermediates\exploded-aar\com.android.support\recyclerview-v7\23.4.0\jars\classes.jar
java_class_path (initial): E:\Users\Administrator\AppData\Local\Android\sdk\build-tools\23.0.3\lib\dx.jar
Launcher Type: SUN_STANDARD

Environment Variables:
JAVA_HOME=C:\Program Files\Java\jdk1.8.0_65
CLASSPATH=.;C:\Program Files\Java\jdk1.8.0_65\lib
PATH=C:\ProgramData\Oracle\Java\javapath;E:\Users\Administrator\AppData\Local\Android\sdk\platform-tools;C:\Program Files\Java\jdk1.8.0_65\bin;C:\Windows\system32;C:\Windows;C:\Windows\System32\Wbem;C:\Windows\System32\WindowsPowerShell\v1.0\;C:\Program Files\nodejs\;C:\Users\Administrator\AppData\Roaming\npm;C:\Users\Administrator\AppData\Local\atom\bin
USERNAME=Administrator
OS=Windows_NT
PROCESSOR_IDENTIFIER=Intel64 Family 6 Model 60 Stepping 3, GenuineIntel



---------------  S Y S T E M  ---------------

OS: Windows 7 , 64 bit Build 7601 (6.1.7601.18798)

CPU:total 4 (2 cores per cpu, 2 threads per core) family 6 model 60 stepping 3, cmov, cx8, fxsr, mmx, sse, sse2, sse3, ssse3, sse4.1, sse4.2, popcnt, avx, avx2, aes, clmul, erms, lzcnt, ht, tsc, tscinvbit, bmi1, bmi2

Memory: 4k page, physical 8313136k(554624k free), swap 12504876k(5444k free)

vm_info: Java HotSpot(TM) 64-Bit Server VM (25.65-b01) for windows-amd64 JRE (1.8.0_65-b17), built on Oct  6 2015 16:39:20 by "java_re" with MS VC++ 10.0 (VS2010)

time: Sat Dec 03 17:56:59 2016
elapsed time: 7 seconds (0d 0h 0m 7s)

