#
# There is insufficient memory for the Java Runtime Environment to continue.
# Native memory allocation (malloc) failed to allocate 2390896 bytes for Chunk::new
# Possible reasons:
#   The system is out of physical RAM or swap space
#   In 32 bit mode, the process size limit was hit
# Possible solutions:
#   Reduce memory load on the system
#   Increase physical memory or swap space
#   Check if swap backing store is full
#   Use 64 bit Java on a 64 bit OS
#   Decrease Java heap size (-Xmx/-Xms)
#   Decrease number of Java threads
#   Decrease Java thread stack sizes (-Xss)
#   Set larger code cache with -XX:ReservedCodeCacheSize=
# This output file may be truncated or incomplete.
#
#  Out of Memory Error (allocation.cpp:390), pid=8600, tid=9852
#
# JRE version: Java(TM) SE Runtime Environment (8.0_65-b17) (build 1.8.0_65-b17)
# Java VM: Java HotSpot(TM) 64-Bit Server VM (25.65-b01 mixed mode windows-amd64 compressed oops)
# Failed to write core dump. Minidumps are not enabled by default on client versions of Windows
#

---------------  T H R E A D  ---------------

Current thread (0x0000000054d2f000):  JavaThread "C2 CompilerThread1" daemon [_thread_in_native, id=9852, stack(0x00000000568f0000,0x00000000569f0000)]

Stack: [0x00000000568f0000,0x00000000569f0000]
[error occurred during error reporting (printing stack bounds), id 0xc0000005]

Native frames: (J=compiled Java code, j=interpreted, Vv=VM code, C=native code)


Current CompileTask:
C2:   7019 1842   !   4       com.android.dx.cf.cst.ConstantPoolParser::parse0 (731 bytes)


---------------  P R O C E S S  ---------------

Java Threads: ( => current thread )
  0x00000000562fe800 JavaThread "pool-2-thread-4" [_thread_blocked, id=9164, stack(0x00000000574c0000,0x00000000575c0000)]
  0x00000000562fb000 JavaThread "pool-2-thread-3" [_thread_blocked, id=5048, stack(0x0000000057390000,0x0000000057490000)]
  0x00000000562f3000 JavaThread "pool-2-thread-2" [_thread_blocked, id=5164, stack(0x0000000057220000,0x0000000057320000)]
  0x00000000562f2800 JavaThread "pool-3-thread-1" [_thread_blocked, id=8028, stack(0x0000000057120000,0x0000000057220000)]
  0x00000000562f1000 JavaThread "pool-2-thread-1" [_thread_blocked, id=980, stack(0x0000000056a60000,0x0000000056b60000)]
  0x00000000560af800 JavaThread "Service Thread" daemon [_thread_blocked, id=8040, stack(0x0000000056cc0000,0x0000000056dc0000)]
  0x00000000560a4000 JavaThread "C1 CompilerThread2" daemon [_thread_blocked, id=8712, stack(0x0000000056b80000,0x0000000056c80000)]
=>0x0000000054d2f000 JavaThread "C2 CompilerThread1" daemon [_thread_in_native, id=9852, stack(0x00000000568f0000,0x00000000569f0000)]
  0x0000000054d2a800 JavaThread "C2 CompilerThread0" daemon [_thread_blocked, id=8536, stack(0x0000000056490000,0x0000000056590000)]
  0x000000005609b000 JavaThread "Attach Listener" daemon [_thread_blocked, id=5204, stack(0x00000000567f0000,0x00000000568f0000)]
  0x0000000056098800 JavaThread "Signal Dispatcher" daemon [_thread_blocked, id=8724, stack(0x00000000565c0000,0x00000000566c0000)]
  0x0000000054cc3800 JavaThread "Finalizer" daemon [_thread_blocked, id=8344, stack(0x0000000055e00000,0x0000000055f00000)]
  0x0000000054cc2000 JavaThread "Reference Handler" daemon [_thread_blocked, id=6032, stack(0x0000000055f90000,0x0000000056090000)]
  0x00000000020fe800 JavaThread "main" [_thread_blocked, id=8008, stack(0x0000000002490000,0x0000000002590000)]

Other Threads:
  0x0000000054cbc800 VMThread [stack: 0x0000000055d00000,0x0000000055e00000] [id=8636]
  0x00000000560b8800 WatcherThread [stack: 0x0000000056ed0000,0x0000000056fd0000] [id=10112]

VM state:at safepoint (normal execution)

VM Mutex/Monitor currently owned by a thread:  ([mutex/lock_event])
[0x00000000020fc380] Threads_lock - owner thread: 0x0000000054cbc800
[0x00000000020fc880] Heap_lock - owner thread: 0x00000000562f1000

Heap:
 PSYoungGen      total 71680K, used 71676K [0x00000000eab00000, 0x00000000f3700000, 0x0000000100000000)
  eden space 66560K, 100% used [0x00000000eab00000,0x00000000eec00000,0x00000000eec00000)
  from space 5120K, 99% used [0x00000000eec00000,0x00000000ef0ff270,0x00000000ef100000)
  to   space 5120K, 99% used [0x00000000f3200000,0x00000000f36fab28,0x00000000f3700000)
 ParOldGen       total 87552K, used 25295K [0x00000000c0000000, 0x00000000c5580000, 0x00000000eab00000)
  object space 87552K, 28% used [0x00000000c0000000,0x00000000c18b3d48,0x00000000c5580000)
 Metaspace       used 6398K, capacity 7128K, committed 7424K, reserved 1056768K
  class space    used 623K, capacity 656K, committed 768K, reserved 1048576K

Card table byte_map: [0x0000000011950000,0x0000000011b60000] byte_map_base: 0x0000000011350000

Marking Bits: (ParMarkBitMap*) 0x00000000675aa5b0
 Begin Bits: [0x0000000012130000, 0x0000000013130000)
 End Bits:   [0x0000000013130000, 0x0000000014130000)

Polling page: 0x0000000000110000

CodeCache: size=245760Kb used=7022Kb max_used=7022Kb free=238737Kb
 bounds [0x0000000002590000, 0x0000000002c80000, 0x0000000011590000]
 total_blobs=2089 nmethods=1818 adapters=184
 compilation: enabled

Compilation events (10 events):
Event: 6.680 Thread 0x00000000560a4000 1866       2       java.util.concurrent.locks.AbstractQueuedSynchronizer::acquire (27 bytes)
Event: 6.680 Thread 0x00000000560a4000 nmethod 1866 0x0000000002c5b310 code [0x0000000002c5b4a0, 0x0000000002c5b6b8]
Event: 6.710 Thread 0x0000000054d2a800 nmethod 1856 0x0000000002c6a110 code [0x0000000002c6a3a0, 0x0000000002c6c6f8]
Event: 6.710 Thread 0x0000000054d2a800 1861       4       com.android.dx.cf.code.RopperMachine::getSources (264 bytes)
Event: 6.727 Thread 0x0000000054d2a800 nmethod 1861 0x0000000002c6f9d0 code [0x0000000002c6fbc0, 0x0000000002c70658]
Event: 6.727 Thread 0x0000000054d2a800 1859   !   4       com.android.dx.cf.code.RopperMachine::run (1550 bytes)
Event: 6.910 Thread 0x00000000560a4000 1869       2       com.android.dx.ssa.back.RegisterAllocator::insertMoveBefore (240 bytes)
Event: 6.913 Thread 0x00000000560a4000 nmethod 1869 0x0000000002c67750 code [0x0000000002c67a60, 0x0000000002c689c8]
Event: 6.913 Thread 0x00000000560a4000 1870       3       com.android.dx.ssa.SsaMethod::convertRopToSsaBlocks (103 bytes)
Event: 6.914 Thread 0x00000000560a4000 nmethod 1870 0x0000000002c65a10 code [0x0000000002c65c80, 0x0000000002c66dc8]

GC Heap History (7 events):
Event: 1.830 GC heap before
{Heap before GC invocations=1 (full 0):
 PSYoungGen      total 38400K, used 33280K [0x00000000eab00000, 0x00000000ed580000, 0x0000000100000000)
  eden space 33280K, 100% used [0x00000000eab00000,0x00000000ecb80000,0x00000000ecb80000)
  from space 5120K, 0% used [0x00000000ed080000,0x00000000ed080000,0x00000000ed580000)
  to   space 5120K, 0% used [0x00000000ecb80000,0x00000000ecb80000,0x00000000ed080000)
 ParOldGen       total 87552K, used 0K [0x00000000c0000000, 0x00000000c5580000, 0x00000000eab00000)
  object space 87552K, 0% used [0x00000000c0000000,0x00000000c0000000,0x00000000c5580000)
 Metaspace       used 5987K, capacity 6902K, committed 7040K, reserved 1056768K
  class space    used 601K, capacity 622K, committed 640K, reserved 1048576K
Event: 1.924 GC heap after
Heap after GC invocations=1 (full 0):
 PSYoungGen      total 38400K, used 5106K [0x00000000eab00000, 0x00000000ef600000, 0x0000000100000000)
  eden space 33280K, 0% used [0x00000000eab00000,0x00000000eab00000,0x00000000ecb80000)
  from space 5120K, 99% used [0x00000000ecb80000,0x00000000ed07cad8,0x00000000ed080000)
  to   space 5120K, 0% used [0x00000000ef100000,0x00000000ef100000,0x00000000ef600000)
 ParOldGen       total 87552K, used 1273K [0x00000000c0000000, 0x00000000c5580000, 0x00000000eab00000)
  object space 87552K, 1% used [0x00000000c0000000,0x00000000c013e740,0x00000000c5580000)
 Metaspace       used 5987K, capacity 6902K, committed 7040K, reserved 1056768K
  class space    used 601K, capacity 622K, committed 640K, reserved 1048576K
}
Event: 2.329 GC heap before
{Heap before GC invocations=2 (full 0):
 PSYoungGen      total 38400K, used 38386K [0x00000000eab00000, 0x00000000ef600000, 0x0000000100000000)
  eden space 33280K, 100% used [0x00000000eab00000,0x00000000ecb80000,0x00000000ecb80000)
  from space 5120K, 99% used [0x00000000ecb80000,0x00000000ed07cad8,0x00000000ed080000)
  to   space 5120K, 0% used [0x00000000ef100000,0x00000000ef100000,0x00000000ef600000)
 ParOldGen       total 87552K, used 1273K [0x00000000c0000000, 0x00000000c5580000, 0x00000000eab00000)
  object space 87552K, 1% used [0x00000000c0000000,0x00000000c013e740,0x00000000c5580000)
 Metaspace       used 6112K, capacity 6936K, committed 7168K, reserved 1056768K
  class space    used 621K, capacity 656K, committed 768K, reserved 1048576K
Event: 4.529 GC heap after
Heap after GC invocations=2 (full 0):
 PSYoungGen      total 71680K, used 5096K [0x00000000eab00000, 0x00000000ef600000, 0x0000000100000000)
  eden space 66560K, 0% used [0x00000000eab00000,0x00000000eab00000,0x00000000eec00000)
  from space 5120K, 99% used [0x00000000ef100000,0x00000000ef5fa290,0x00000000ef600000)
  to   space 5120K, 0% used [0x00000000eec00000,0x00000000eec00000,0x00000000ef100000)
 ParOldGen       total 87552K, used 6024K [0x00000000c0000000, 0x00000000c5580000, 0x00000000eab00000)
  object space 87552K, 6% used [0x00000000c0000000,0x00000000c05e2370,0x00000000c5580000)
 Metaspace       used 6112K, capacity 6936K, committed 7168K, reserved 1056768K
  class space    used 621K, capacity 656K, committed 768K, reserved 1048576K
}
Event: 5.329 GC heap before
{Heap before GC invocations=3 (full 0):
 PSYoungGen      total 71680K, used 71656K [0x00000000eab00000, 0x00000000ef600000, 0x0000000100000000)
  eden space 66560K, 100% used [0x00000000eab00000,0x00000000eec00000,0x00000000eec00000)
  from space 5120K, 99% used [0x00000000ef100000,0x00000000ef5fa290,0x00000000ef600000)
  to   space 5120K, 0% used [0x00000000eec00000,0x00000000eec00000,0x00000000ef100000)
 ParOldGen       total 87552K, used 6024K [0x00000000c0000000, 0x00000000c5580000, 0x00000000eab00000)
  object space 87552K, 6% used [0x00000000c0000000,0x00000000c05e2370,0x00000000c5580000)
 Metaspace       used 6287K, capacity 7064K, committed 7424K, reserved 1056768K
  class space    used 621K, capacity 656K, committed 768K, reserved 1048576K
Event: 6.066 GC heap after
Heap after GC invocations=3 (full 0):
 PSYoungGen      total 71680K, used 5116K [0x00000000eab00000, 0x00000000f3700000, 0x0000000100000000)
  eden space 66560K, 0% used [0x00000000eab00000,0x00000000eab00000,0x00000000eec00000)
  from space 5120K, 99% used [0x00000000eec00000,0x00000000ef0ff270,0x00000000ef100000)
  to   space 5120K, 0% used [0x00000000f3200000,0x00000000f3200000,0x00000000f3700000)
 ParOldGen       total 87552K, used 14929K [0x00000000c0000000, 0x00000000c5580000, 0x00000000eab00000)
  object space 87552K, 17% used [0x00000000c0000000,0x00000000c0e94490,0x00000000c5580000)
 Metaspace       used 6287K, capacity 7064K, committed 7424K, reserved 1056768K
  class space    used 621K, capacity 656K, committed 768K, reserved 1048576K
}
Event: 6.919 GC heap before
{Heap before GC invocations=4 (full 0):
 PSYoungGen      total 71680K, used 71676K [0x00000000eab00000, 0x00000000f3700000, 0x0000000100000000)
  eden space 66560K, 100% used [0x00000000eab00000,0x00000000eec00000,0x00000000eec00000)
  from space 5120K, 99% used [0x00000000eec00000,0x00000000ef0ff270,0x00000000ef100000)
  to   space 5120K, 0% used [0x00000000f3200000,0x00000000f3200000,0x00000000f3700000)
 ParOldGen       total 87552K, used 14929K [0x00000000c0000000, 0x00000000c5580000, 0x00000000eab00000)
  object space 87552K, 17% used [0x00000000c0000000,0x00000000c0e94490,0x00000000c5580000)
 Metaspace       used 6398K, capacity 7128K, committed 7424K, reserved 1056768K
  class space    used 623K, capacity 656K, committed 768K, reserved 1048576K

Deoptimization events (10 events):
Event: 1.973 Thread 0x00000000562f1000 Uncommon trap: reason=bimorphic action=maybe_recompile pc=0x00000000028e330c method=java.util.HashMap.getNode(ILjava/lang/Object;)Ljava/util/HashMap$Node; @ 126
Event: 2.127 Thread 0x00000000562f3000 Uncommon trap: reason=unstable_if action=reinterpret pc=0x00000000028f9590 method=java.util.HashMap.putVal(ILjava/lang/Object;Ljava/lang/Object;ZZ)Ljava/lang/Object; @ 162
Event: 4.769 Thread 0x00000000020fe800 Uncommon trap: reason=unstable_if action=reinterpret pc=0x0000000002a6dbac method=com.android.dx.ssa.SCCP.simulateStmt(Lcom/android/dx/ssa/SsaInsn;)V @ 53
Event: 4.992 Thread 0x00000000020fe800 Uncommon trap: reason=unstable_if action=reinterpret pc=0x0000000002a83d90 method=com.android.dx.rop.code.RegisterSpec.intersect(Lcom/android/dx/rop/code/RegisterSpec;Z)Lcom/android/dx/rop/code/RegisterSpec; @ 8
Event: 5.128 Thread 0x00000000562f1000 Uncommon trap: reason=unstable_if action=reinterpret pc=0x0000000002a63804 method=java.util.HashMap.putVal(ILjava/lang/Object;Ljava/lang/Object;ZZ)Ljava/lang/Object; @ 109
Event: 5.195 Thread 0x00000000562f1000 Uncommon trap: reason=bimorphic action=maybe_recompile pc=0x0000000002a86290 method=java.util.HashMap.putVal(ILjava/lang/Object;Ljava/lang/Object;ZZ)Ljava/lang/Object; @ 203
Event: 6.160 Thread 0x00000000562fb000 Uncommon trap: reason=unstable_if action=reinterpret pc=0x0000000002b55bd0 method=com.android.dx.cf.code.ByteCatchList.listFor(I)Lcom/android/dx/cf/code/ByteCatchList; @ 47
Event: 6.463 Thread 0x00000000020fe800 Uncommon trap: reason=bimorphic action=maybe_recompile pc=0x0000000002a86290 method=java.util.HashMap.putVal(ILjava/lang/Object;Ljava/lang/Object;ZZ)Ljava/lang/Object; @ 203
Event: 6.465 Thread 0x00000000020fe800 Uncommon trap: reason=bimorphic action=maybe_recompile pc=0x0000000002a86290 method=java.util.HashMap.putVal(ILjava/lang/Object;Ljava/lang/Object;ZZ)Ljava/lang/Object; @ 203
Event: 6.473 Thread 0x00000000020fe800 Uncommon trap: reason=bimorphic action=maybe_recompile pc=0x0000000002a86290 method=java.util.HashMap.putVal(ILjava/lang/Object;Ljava/lang/Object;ZZ)Ljava/lang/Object; @ 203

Internal exceptions (7 events):
Event: 0.062 Thread 0x00000000020fe800 Exception <a 'java/lang/NoSuchMethodError': Method sun.misc.Unsafe.defineClass(Ljava/lang/String;[BII)Ljava/lang/Class; name or signature does not match> (0x00000000eab130a0) thrown at [C:\workspace\8-2-build-windows-amd64-cygwin\jdk8u65\4987\hotspot\src\ssW$l²¬¯?
Event: 0.062 Thread 0x00000000020fe800 Exception <a 'java/lang/NoSuchMethodError': Method sun.misc.Unsafe.prefetchRead(Ljava/lang/Object;J)V name or signature does not match> (0x00000000eab13388) thrown at [C:\workspace\8-2-build-windows-amd64-cygwin\jdk8u65\4987\hotspot\src\share\vm\prims\jni.òþÓèœ»ö?
Event: 1.421 Thread 0x00000000562fb000 Implicit null exception at 0x00000000028c9556 to 0x00000000028caee9
Event: 1.421 Thread 0x00000000562fb000 Implicit null exception at 0x00000000028b5bd7 to 0x00000000028b74e5
Event: 2.137 Thread 0x00000000562f3000 Exception <a 'java/lang/ArrayIndexOutOfBoundsException': 18> (0x00000000ebc42738) thrown at [C:\workspace\8-2-build-windows-amd64-cygwin\jdk8u65\4987\hotspot\src\share\vm\interpreter\interpreterRuntime.cpp, line 366]
Event: 2.137 Thread 0x00000000562f3000 Exception <a 'java/lang/ArrayIndexOutOfBoundsException': 145> (0x00000000ebc442b8) thrown at [C:\workspace\8-2-build-windows-amd64-cygwin\jdk8u65\4987\hotspot\src\share\vm\interpreter\interpreterRuntime.cpp, line 366]
Event: 2.138 Thread 0x00000000562f3000 Exception <a 'java/lang/ArrayIndexOutOfBoundsException': 40> (0x00000000ebc455a0) thrown at [C:\workspace\8-2-build-windows-amd64-cygwin\jdk8u65\4987\hotspot\src\share\vm\interpreter\interpreterRuntime.cpp, line 366]

Events (10 events):
Event: 6.654 Thread 0x00000000020fe800 DEOPT UNPACKING pc=0x00000000025d787f sp=0x000000000258e220 mode 0
Event: 6.673 Thread 0x00000000020fe800 DEOPT PACKING pc=0x0000000002a9681d sp=0x000000000258e460
Event: 6.673 Thread 0x00000000020fe800 DEOPT UNPACKING pc=0x00000000025d787f sp=0x000000000258e198 mode 0
Event: 6.684 loading class java/util/HashMap$KeySet
Event: 6.684 loading class java/util/HashMap$KeySet done
Event: 6.684 loading class java/util/HashMap$KeyIterator
Event: 6.684 loading class java/util/HashMap$KeyIterator done
Event: 6.912 Thread 0x00000000562f1000 DEOPT PACKING pc=0x0000000002a5b441 sp=0x0000000056b5eab0
Event: 6.912 Thread 0x00000000562f1000 DEOPT UNPACKING pc=0x00000000025d787f sp=0x0000000056b5e870 mode 0
Event: 6.919 Executing VM operation: ParallelGCFailedAllocation


Dynamic libraries:
0x000000013f670000 - 0x000000013f6a7000 	C:\Program Files\Java\jdk1.8.0_65\bin\java.exe
0x0000000077120000 - 0x00000000772c8000 	C:\Windows\SYSTEM32\ntdll.dll
0x0000000076f00000 - 0x000000007701f000 	C:\Windows\system32\kernel32.dll
0x000007fefd1f0000 - 0x000007fefd25c000 	C:\Windows\system32\KERNELBASE.dll
0x000007fefebd0000 - 0x000007fefecab000 	C:\Windows\system32\ADVAPI32.dll
0x000007fefeb30000 - 0x000007fefebcf000 	C:\Windows\system32\msvcrt.dll
0x000007feff280000 - 0x000007feff29f000 	C:\Windows\SYSTEM32\sechost.dll
0x000007fefdb20000 - 0x000007fefdc4d000 	C:\Windows\system32\RPCRT4.dll
0x0000000077020000 - 0x000000007711a000 	C:\Windows\system32\USER32.dll
0x000007fefdc50000 - 0x000007fefdcb7000 	C:\Windows\system32\GDI32.dll
0x000007fefd610000 - 0x000007fefd61e000 	C:\Windows\system32\LPK.dll
0x000007fefd7c0000 - 0x000007fefd889000 	C:\Windows\system32\USP10.dll
0x000007fefaad0000 - 0x000007fefacc4000 	C:\Windows\WinSxS\amd64_microsoft.windows.common-controls_6595b64144ccf1df_6.0.7601.18807_none_fa381d5f175bfb52\COMCTL32.dll
0x000007fefd890000 - 0x000007fefd901000 	C:\Windows\system32\SHLWAPI.dll
0x000007feff200000 - 0x000007feff22e000 	C:\Windows\system32\IMM32.DLL
0x000007fefecb0000 - 0x000007fefedb9000 	C:\Windows\system32\MSCTF.dll
0x000007fefcfe0000 - 0x000007fefd011000 	C:\Windows\system32\nvinitx.dll
0x000007fefcfd0000 - 0x000007fefcfdc000 	C:\Windows\system32\VERSION.dll
0x00000000680a0000 - 0x0000000068172000 	C:\Program Files\Java\jdk1.8.0_65\jre\bin\msvcr100.dll
0x0000000066da0000 - 0x0000000067629000 	C:\Program Files\Java\jdk1.8.0_65\jre\bin\server\jvm.dll
0x000007fefa020000 - 0x000007fefa029000 	C:\Windows\system32\WSOCK32.dll
0x000007feff230000 - 0x000007feff27d000 	C:\Windows\system32\WS2_32.dll
0x000007fefee60000 - 0x000007fefee68000 	C:\Windows\system32\NSI.dll
0x000007fefa6c0000 - 0x000007fefa6fb000 	C:\Windows\system32\WINMM.dll
0x00000000772e0000 - 0x00000000772e7000 	C:\Windows\system32\PSAPI.DLL
0x00000000687b0000 - 0x00000000687bf000 	C:\Program Files\Java\jdk1.8.0_65\jre\bin\verify.dll
0x0000000068780000 - 0x00000000687a9000 	C:\Program Files\Java\jdk1.8.0_65\jre\bin\java.dll
0x0000000068480000 - 0x0000000068496000 	C:\Program Files\Java\jdk1.8.0_65\jre\bin\zip.dll
0x000007fefdda0000 - 0x000007fefeb28000 	C:\Windows\system32\SHELL32.dll
0x000007fefd910000 - 0x000007fefdb13000 	C:\Windows\system32\ole32.dll
0x000007fefd020000 - 0x000007fefd02f000 	C:\Windows\system32\profapi.dll

VM Arguments:
jvm_args: -Djava.awt.headless=true -Xmx1024M -Dfile.encoding=GBK -Duser.country=CN -Duser.language=zh -Duser.variant 
java_command: com.android.dx.command.Main --dex --force-jumbo --num-threads=4 --multi-dex --output E:\AndroidStudioProjects\GankIO\app\build\intermediates\transforms\dex\debug\folders\1000\10\okhttp-3.4.1_a3a718343956c6e4d917a53a4fdd4a4dc134cda5 C:\Users\Administrator\.gradle\caches\modules-2\files-2.1\com.squareup.okhttp3\okhttp\3.4.1\c7c4f9e35c2fd5900da24f9872e3971801f08ce0\okhttp-3.4.1.jar
java_class_path (initial): E:\Users\Administrator\AppData\Local\Android\sdk\build-tools\23.0.3\lib\dx.jar
Launcher Type: SUN_STANDARD

Environment Variables:
JAVA_HOME=C:\Program Files\Java\jdk1.8.0_65
CLASSPATH=.;C:\Program Files\Java\jdk1.8.0_65\lib
PATH=C:\ProgramData\Oracle\Java\javapath;E:\Users\Administrator\AppData\Local\Android\sdk\platform-tools;C:\Program Files\Java\jdk1.8.0_65\bin;C:\Windows\system32;C:\Windows;C:\Windows\System32\Wbem;C:\Windows\System32\WindowsPowerShell\v1.0\;C:\Program Files\nodejs\;C:\Users\Administrator\AppData\Roaming\npm;C:\Users\Administrator\AppData\Local\atom\bin
USERNAME=Administrator
OS=Windows_NT
PROCESSOR_IDENTIFIER=Intel64 Family 6 Model 60 Stepping 3, GenuineIntel



---------------  S Y S T E M  ---------------

OS: Windows 7 , 64 bit Build 7601 (6.1.7601.18798)

CPU:total 4 (2 cores per cpu, 2 threads per core) family 6 model 60 stepping 3, cmov, cx8, fxsr, mmx, sse, sse2, sse3, ssse3, sse4.1, sse4.2, popcnt, avx, avx2, aes, clmul, erms, lzcnt, ht, tsc, tscinvbit, bmi1, bmi2

Memory: 4k page, physical 8313136k(530992k free), swap 12505196k(6788k free)

vm_info: Java HotSpot(TM) 64-Bit Server VM (25.65-b01) for windows-amd64 JRE (1.8.0_65-b17), built on Oct  6 2015 16:39:20 by "java_re" with MS VC++ 10.0 (VS2010)

time: Sun Dec 04 21:06:08 2016
elapsed time: 7 seconds (0d 0h 0m 7s)

