#
# There is insufficient memory for the Java Runtime Environment to continue.
# Native memory allocation (malloc) failed to allocate 816096 bytes for Chunk::new
# Possible reasons:
#   The system is out of physical RAM or swap space
#   In 32 bit mode, the process size limit was hit
# Possible solutions:
#   Reduce memory load on the system
#   Increase physical memory or swap space
#   Check if swap backing store is full
#   Use 64 bit Java on a 64 bit OS
#   Decrease Java heap size (-Xmx/-Xms)
#   Decrease number of Java threads
#   Decrease Java thread stack sizes (-Xss)
#   Set larger code cache with -XX:ReservedCodeCacheSize=
# This output file may be truncated or incomplete.
#
#  Out of Memory Error (allocation.cpp:390), pid=7068, tid=9072
#
# JRE version: Java(TM) SE Runtime Environment (8.0_65-b17) (build 1.8.0_65-b17)
# Java VM: Java HotSpot(TM) 64-Bit Server VM (25.65-b01 mixed mode windows-amd64 compressed oops)
# Failed to write core dump. Minidumps are not enabled by default on client versions of Windows
#

---------------  T H R E A D  ---------------

Current thread (0x0000000056266000):  JavaThread "C2 CompilerThread0" daemon [_thread_in_native, id=9072, stack(0x0000000056a00000,0x0000000056b00000)]

Stack: [0x0000000056a00000,0x0000000056b00000]
[error occurred during error reporting (printing stack bounds), id 0xc0000005]

Native frames: (J=compiled Java code, j=interpreted, Vv=VM code, C=native code)


Current CompileTask:
C2:   1443 1241       4       com.android.dx.ssa.SCCP::simulateStmt (481 bytes)


---------------  P R O C E S S  ---------------

Java Threads: ( => current thread )
  0x0000000056567000 JavaThread "pool-2-thread-4" [_thread_blocked, id=7492, stack(0x0000000057680000,0x0000000057780000)]
  0x000000005664b000 JavaThread "pool-2-thread-3" [_thread_blocked, id=9404, stack(0x00000000574c0000,0x00000000575c0000)]
  0x000000005654b000 JavaThread "pool-2-thread-2" [_thread_blocked, id=2348, stack(0x0000000057260000,0x0000000057360000)]
  0x000000005651c000 JavaThread "pool-3-thread-1" [_thread_blocked, id=9080, stack(0x0000000055eb0000,0x0000000055fb0000)]
  0x0000000056514800 JavaThread "pool-2-thread-1" [_thread_in_Java, id=7756, stack(0x0000000056900000,0x0000000056a00000)]
  0x00000000562ec800 JavaThread "Service Thread" daemon [_thread_blocked, id=7704, stack(0x0000000056e60000,0x0000000056f60000)]
  0x0000000054e7a800 JavaThread "C1 CompilerThread2" daemon [_thread_blocked, id=6340, stack(0x0000000056ca0000,0x0000000056da0000)]
  0x0000000054e79800 JavaThread "C2 CompilerThread1" daemon [_thread_in_native, id=8764, stack(0x0000000056b40000,0x0000000056c40000)]
=>0x0000000056266000 JavaThread "C2 CompilerThread0" daemon [_thread_in_native, id=9072, stack(0x0000000056a00000,0x0000000056b00000)]
  0x000000005625a800 JavaThread "Attach Listener" daemon [_thread_blocked, id=5100, stack(0x00000000566d0000,0x00000000567d0000)]
  0x0000000054e6e000 JavaThread "Signal Dispatcher" daemon [_thread_blocked, id=9580, stack(0x00000000567f0000,0x00000000568f0000)]
  0x0000000054e13800 JavaThread "Finalizer" daemon [_thread_blocked, id=10880, stack(0x0000000056150000,0x0000000056250000)]
  0x0000000054e12800 JavaThread "Reference Handler" daemon [_thread_blocked, id=3300, stack(0x0000000055ff0000,0x00000000560f0000)]
  0x00000000021ee800 JavaThread "main" [_thread_in_vm, id=6604, stack(0x0000000002380000,0x0000000002480000)]

Other Threads:
  0x0000000054e0d000 VMThread [stack: 0x0000000055db0000,0x0000000055eb0000] [id=5024]
  0x0000000056302800 WatcherThread [stack: 0x0000000057000000,0x0000000057100000] [id=10996]

VM state:not at safepoint (normal execution)

VM Mutex/Monitor currently owned by a thread: None

Heap:
 PSYoungGen      total 38400K, used 11802K [0x00000000eab00000, 0x00000000ed580000, 0x0000000100000000)
  eden space 33280K, 20% used [0x00000000eab00000,0x00000000eb186a70,0x00000000ecb80000)
  from space 5120K, 99% used [0x00000000ecb80000,0x00000000ed07ff30,0x00000000ed080000)
  to   space 5120K, 0% used [0x00000000ed080000,0x00000000ed080000,0x00000000ed580000)
 ParOldGen       total 87552K, used 1792K [0x00000000c0000000, 0x00000000c5580000, 0x00000000eab00000)
  object space 87552K, 2% used [0x00000000c0000000,0x00000000c01c0288,0x00000000c5580000)
 Metaspace       used 6093K, capacity 6964K, committed 7040K, reserved 1056768K
  class space    used 606K, capacity 620K, committed 640K, reserved 1048576K

Card table byte_map: [0x0000000011840000,0x0000000011a50000] byte_map_base: 0x0000000011240000

Marking Bits: (ParMarkBitMap*) 0x0000000060f3a5b0
 Begin Bits: [0x0000000012280000, 0x0000000013280000)
 End Bits:   [0x0000000013280000, 0x0000000014280000)

Polling page: 0x0000000000210000

CodeCache: size=245760Kb used=5167Kb max_used=5167Kb free=240592Kb
 bounds [0x0000000002480000, 0x00000000029a0000, 0x0000000011480000]
 total_blobs=1557 nmethods=1286 adapters=184
 compilation: enabled

Compilation events (10 events):
Event: 1.432 Thread 0x0000000054e7a800 1297       3       com.android.dx.rop.code.Insn::canThrow (8 bytes)
Event: 1.432 Thread 0x0000000054e7a800 nmethod 1297 0x000000000298cb90 code [0x000000000298cd00, 0x000000000298d048]
Event: 1.433 Thread 0x0000000054e7a800 1298       3       com.android.dx.ssa.back.SsaToRop::verifyValidExitPredecessor (53 bytes)
Event: 1.433 Thread 0x0000000054e7a800 nmethod 1298 0x000000000298d150 code [0x000000000298d340, 0x000000000298db58]
Event: 1.439 Thread 0x0000000054e7a800 1299       3       com.android.dx.util.LabeledList::set (45 bytes)
Event: 1.440 Thread 0x0000000054e7a800 nmethod 1299 0x000000000298e010 code [0x000000000298e240, 0x000000000298ef68]
Event: 1.441 Thread 0x0000000054e7a800 1301       3       com.android.dx.ssa.back.FirstFitLocalCombiningAllocator::tryMapReg (41 bytes)
Event: 1.442 Thread 0x0000000054e7a800 nmethod 1301 0x000000000298f750 code [0x000000000298f980, 0x0000000002990708]
Event: 1.442 Thread 0x0000000054e7a800 1302       1       com.android.dx.rop.code.Insn$BaseVisitor::visitThrowingCstInsn (1 bytes)
Event: 1.442 Thread 0x0000000054e7a800 nmethod 1302 0x0000000002990dd0 code [0x0000000002990f20, 0x0000000002991030]

GC Heap History (2 events):
Event: 1.342 GC heap before
{Heap before GC invocations=1 (full 0):
 PSYoungGen      total 38400K, used 33280K [0x00000000eab00000, 0x00000000ed580000, 0x0000000100000000)
  eden space 33280K, 100% used [0x00000000eab00000,0x00000000ecb80000,0x00000000ecb80000)
  from space 5120K, 0% used [0x00000000ed080000,0x00000000ed080000,0x00000000ed580000)
  to   space 5120K, 0% used [0x00000000ecb80000,0x00000000ecb80000,0x00000000ed080000)
 ParOldGen       total 87552K, used 0K [0x00000000c0000000, 0x00000000c5580000, 0x00000000eab00000)
  object space 87552K, 0% used [0x00000000c0000000,0x00000000c0000000,0x00000000c5580000)
 Metaspace       used 6031K, capacity 6900K, committed 7040K, reserved 1056768K
  class space    used 604K, capacity 620K, committed 640K, reserved 1048576K
Event: 1.354 GC heap after
Heap after GC invocations=1 (full 0):
 PSYoungGen      total 38400K, used 5119K [0x00000000eab00000, 0x00000000ed580000, 0x0000000100000000)
  eden space 33280K, 0% used [0x00000000eab00000,0x00000000eab00000,0x00000000ecb80000)
  from space 5120K, 99% used [0x00000000ecb80000,0x00000000ed07ff30,0x00000000ed080000)
  to   space 5120K, 0% used [0x00000000ed080000,0x00000000ed080000,0x00000000ed580000)
 ParOldGen       total 87552K, used 1792K [0x00000000c0000000, 0x00000000c5580000, 0x00000000eab00000)
  object space 87552K, 2% used [0x00000000c0000000,0x00000000c01c0288,0x00000000c5580000)
 Metaspace       used 6031K, capacity 6900K, committed 7040K, reserved 1056768K
  class space    used 604K, capacity 620K, committed 640K, reserved 1048576K
}

Deoptimization events (9 events):
Event: 0.633 Thread 0x00000000021ee800 Uncommon trap: reason=unstable_if action=reinterpret pc=0x00000000025d48c4 method=java.lang.String.compareTo(Ljava/lang/String;)I @ 38
Event: 0.906 Thread 0x0000000056514800 Uncommon trap: reason=unstable_if action=reinterpret pc=0x000000000268a328 method=java.util.HashMap.getNode(ILjava/lang/Object;)Ljava/util/HashMap$Node; @ 62
Event: 0.986 Thread 0x00000000021ee800 Uncommon trap: reason=unstable_if action=reinterpret pc=0x0000000002691aa0 method=java.util.BitSet.nextSetBit(I)I @ 87
Event: 1.129 Thread 0x000000005654b000 Uncommon trap: reason=unstable_if action=reinterpret pc=0x0000000002760ab0 method=com.android.dx.rop.code.RegisterSpec.equals(ILcom/android/dx/rop/type/TypeBearer;Lcom/android/dx/rop/code/LocalItem;)Z @ 16
Event: 1.158 Thread 0x000000005654b000 Uncommon trap: reason=null_check action=make_not_entrant pc=0x000000000279a098 method=com.android.dx.rop.type.Type.equals(Ljava/lang/Object;)Z @ 8
Event: 1.182 Thread 0x000000005654b000 Uncommon trap: reason=unstable_if action=reinterpret pc=0x00000000026d0ca4 method=java.util.BitSet.ensureCapacity(I)V @ 6
Event: 1.276 Thread 0x000000005654b000 Uncommon trap: reason=unstable_if action=reinterpret pc=0x00000000026e3c18 method=com.android.dx.rop.code.RegisterSpec.equals(ILcom/android/dx/rop/type/TypeBearer;Lcom/android/dx/rop/code/LocalItem;)Z @ 16
Event: 1.387 Thread 0x00000000021ee800 Uncommon trap: reason=unstable_if action=reinterpret pc=0x0000000002794b44 method=com.android.dx.rop.cst.Constant.compareTo(Lcom/android/dx/rop/cst/Constant;)I @ 12
Event: 1.437 Thread 0x00000000021ee800 Uncommon trap: reason=unstable_if action=reinterpret pc=0x00000000028ba410 method=com.android.dx.util.LabeledList.set(ILcom/android/dx/util/LabeledItem;)V @ 16

Internal exceptions (3 events):
Event: 0.288 Thread 0x00000000021ee800 Exception <a 'java/lang/NoSuchMethodError': Method sun.misc.Unsafe.defineClass(Ljava/lang/String;[BII)Ljava/lang/Class; name or signature does not match> (0x00000000eab130a0) thrown at [C:\workspace\8-2-build-windows-amd64-cygwin\jdk8u65\4987\hotspot\src\sÂ8'
¸uÒ?
Event: 0.288 Thread 0x00000000021ee800 Exception <a 'java/lang/NoSuchMethodError': Method sun.misc.Unsafe.prefetchRead(Ljava/lang/Object;J)V name or signature does not match> (0x00000000eab13388) thrown at [C:\workspace\8-2-build-windows-amd64-cygwin\jdk8u65\4987\hotspot\src\share\vm\prims\jni.¼‹’9‡ò?
Event: 1.158 Thread 0x000000005654b000 Implicit null exception at 0x0000000002799f92 to 0x000000000279a08a

Events (10 events):
Event: 1.387 Thread 0x00000000021ee800 DEOPT UNPACKING pc=0x00000000024c582a sp=0x000000000247ddd0 mode 2
Event: 1.434 loading class com/android/dx/cf/code/Ropper$ExceptionHandlerSetup
Event: 1.435 loading class com/android/dx/cf/code/Ropper$ExceptionHandlerSetup done
Event: 1.435 loading class java/util/HashMap$Values
Event: 1.435 loading class java/util/HashMap$Values done
Event: 1.435 loading class java/util/HashMap$ValueIterator
Event: 1.435 loading class java/util/HashMap$ValueIterator done
Event: 1.437 Thread 0x00000000021ee800 Uncommon trap: trap_request=0xffffff65 fr.pc=0x00000000028ba410
Event: 1.437 Thread 0x00000000021ee800 DEOPT PACKING pc=0x00000000028ba410 sp=0x000000000247e020
Event: 1.437 Thread 0x00000000021ee800 DEOPT UNPACKING pc=0x00000000024c582a sp=0x000000000247e008 mode 2


Dynamic libraries:
0x000000013f970000 - 0x000000013f9a7000 	C:\Program Files\Java\jdk1.8.0_65\bin\java.exe
0x0000000077c30000 - 0x0000000077dd8000 	C:\Windows\SYSTEM32\ntdll.dll
0x0000000077b10000 - 0x0000000077c2f000 	C:\Windows\system32\kernel32.dll
0x000007fefdd90000 - 0x000007fefddfc000 	C:\Windows\system32\KERNELBASE.dll
0x000007feff9a0000 - 0x000007feffa7b000 	C:\Windows\system32\ADVAPI32.dll
0x000007feffe90000 - 0x000007fefff2f000 	C:\Windows\system32\msvcrt.dll
0x000007feffbb0000 - 0x000007feffbcf000 	C:\Windows\SYSTEM32\sechost.dll
0x000007feffa80000 - 0x000007feffbad000 	C:\Windows\system32\RPCRT4.dll
0x0000000077a10000 - 0x0000000077b0a000 	C:\Windows\system32\USER32.dll
0x000007feff380000 - 0x000007feff3e7000 	C:\Windows\system32\GDI32.dll
0x000007fefdf40000 - 0x000007fefdf4e000 	C:\Windows\system32\LPK.dll
0x000007feff1a0000 - 0x000007feff269000 	C:\Windows\system32\USP10.dll
0x000007fefb8d0000 - 0x000007fefbac4000 	C:\Windows\WinSxS\amd64_microsoft.windows.common-controls_6595b64144ccf1df_6.0.7601.18807_none_fa381d5f175bfb52\COMCTL32.dll
0x000007feffc00000 - 0x000007feffc71000 	C:\Windows\system32\SHLWAPI.dll
0x000007feffbd0000 - 0x000007feffbfe000 	C:\Windows\system32\IMM32.DLL
0x000007feff270000 - 0x000007feff379000 	C:\Windows\system32\MSCTF.dll
0x000007fefdaf0000 - 0x000007fefdb21000 	C:\Windows\system32\nvinitx.dll
0x000007fefdae0000 - 0x000007fefdaec000 	C:\Windows\system32\VERSION.dll
0x0000000062b00000 - 0x0000000062bd2000 	C:\Program Files\Java\jdk1.8.0_65\jre\bin\msvcr100.dll
0x0000000060730000 - 0x0000000060fb9000 	C:\Program Files\Java\jdk1.8.0_65\jre\bin\server\jvm.dll
0x000007feedb80000 - 0x000007feedb89000 	C:\Windows\system32\WSOCK32.dll
0x000007fefed80000 - 0x000007fefedcd000 	C:\Windows\system32\WS2_32.dll
0x000007fefff30000 - 0x000007fefff38000 	C:\Windows\system32\NSI.dll
0x000007fefb4c0000 - 0x000007fefb4fb000 	C:\Windows\system32\WINMM.dll
0x0000000077e00000 - 0x0000000077e07000 	C:\Windows\system32\PSAPI.DLL
0x0000000060720000 - 0x000000006072f000 	C:\Program Files\Java\jdk1.8.0_65\jre\bin\verify.dll
0x00000000606f0000 - 0x0000000060719000 	C:\Program Files\Java\jdk1.8.0_65\jre\bin\java.dll
0x00000000606d0000 - 0x00000000606e6000 	C:\Program Files\Java\jdk1.8.0_65\jre\bin\zip.dll
0x000007fefdff0000 - 0x000007fefed78000 	C:\Windows\system32\SHELL32.dll
0x000007feffc80000 - 0x000007feffe83000 	C:\Windows\system32\ole32.dll
0x000007fefdb30000 - 0x000007fefdb3f000 	C:\Windows\system32\profapi.dll

VM Arguments:
jvm_args: -Djava.awt.headless=true -Xmx1024M -Dfile.encoding=GBK -Duser.country=CN -Duser.language=zh -Duser.variant 
java_command: com.android.dx.command.Main --dex --force-jumbo --num-threads=4 --multi-dex --output E:\AndroidStudioProjects\GankIO\app\build\intermediates\transforms\dex\debug\folders\1000\10\com.android.support-design-23.4.0_11ce88371ba8539baefff9ecf14f603a44e39fa9 E:\AndroidStudioProjects\GankIO\app\build\intermediates\exploded-aar\com.android.support\design\23.4.0\jars\classes.jar
java_class_path (initial): E:\Users\Administrator\AppData\Local\Android\sdk\build-tools\23.0.3\lib\dx.jar
Launcher Type: SUN_STANDARD

Environment Variables:
JAVA_HOME=C:\Program Files\Java\jdk1.8.0_65
CLASSPATH=.;C:\Program Files\Java\jdk1.8.0_65\lib
PATH=C:\ProgramData\Oracle\Java\javapath;E:\Users\Administrator\AppData\Local\Android\sdk\platform-tools;C:\Program Files\Java\jdk1.8.0_65\bin;C:\Windows\system32;C:\Windows;C:\Windows\System32\Wbem;C:\Windows\System32\WindowsPowerShell\v1.0\
USERNAME=Administrator
OS=Windows_NT
PROCESSOR_IDENTIFIER=Intel64 Family 6 Model 60 Stepping 3, GenuineIntel



---------------  S Y S T E M  ---------------

OS: Windows 7 , 64 bit Build 7601 (6.1.7601.18798)

CPU:total 4 (2 cores per cpu, 2 threads per core) family 6 model 60 stepping 3, cmov, cx8, fxsr, mmx, sse, sse2, sse3, ssse3, sse4.1, sse4.2, popcnt, avx, avx2, aes, clmul, erms, lzcnt, ht, tsc, tscinvbit, bmi1, bmi2

Memory: 4k page, physical 8313136k(1047632k free), swap 12505184k(5776k free)

vm_info: Java HotSpot(TM) 64-Bit Server VM (25.65-b01) for windows-amd64 JRE (1.8.0_65-b17), built on Oct  6 2015 16:39:20 by "java_re" with MS VC++ 10.0 (VS2010)

time: Tue Oct 11 17:21:19 2016
elapsed time: 1 seconds (0d 0h 0m 1s)

