#
# There is insufficient memory for the Java Runtime Environment to continue.
# Native memory allocation (malloc) failed to allocate 150448 bytes for Chunk::new
# Possible reasons:
#   The system is out of physical RAM or swap space
#   In 32 bit mode, the process size limit was hit
# Possible solutions:
#   Reduce memory load on the system
#   Increase physical memory or swap space
#   Check if swap backing store is full
#   Use 64 bit Java on a 64 bit OS
#   Decrease Java heap size (-Xmx/-Xms)
#   Decrease number of Java threads
#   Decrease Java thread stack sizes (-Xss)
#   Set larger code cache with -XX:ReservedCodeCacheSize=
# This output file may be truncated or incomplete.
#
#  Out of Memory Error (allocation.cpp:390), pid=7748, tid=2128
#
# JRE version: Java(TM) SE Runtime Environment (8.0_65-b17) (build 1.8.0_65-b17)
# Java VM: Java HotSpot(TM) 64-Bit Server VM (25.65-b01 mixed mode windows-amd64 compressed oops)
# Failed to write core dump. Minidumps are not enabled by default on client versions of Windows
#

---------------  T H R E A D  ---------------

Current thread (0x0000000055fdb000):  JavaThread "C2 CompilerThread1" daemon [_thread_in_native, id=2128, stack(0x00000000566f0000,0x00000000567f0000)]

Stack: [0x00000000566f0000,0x00000000567f0000]
[error occurred during error reporting (printing stack bounds), id 0xc0000005]

Native frames: (J=compiled Java code, j=interpreted, Vv=VM code, C=native code)


Current CompileTask:
C2:   6096 1383       4       com.android.dx.ssa.SsaRenamer$BlockRenamer::process (191 bytes)


---------------  P R O C E S S  ---------------

Java Threads: ( => current thread )
  0x0000000056360000 JavaThread "pool-2-thread-4" [_thread_blocked, id=7232, stack(0x0000000057350000,0x0000000057450000)]
  0x00000000562d5000 JavaThread "pool-2-thread-3" [_thread_in_Java, id=9080, stack(0x00000000571c0000,0x00000000572c0000)]
  0x00000000562d4000 JavaThread "pool-2-thread-2" [_thread_blocked, id=10920, stack(0x0000000056f20000,0x0000000057020000)]
  0x00000000562d3800 JavaThread "pool-3-thread-1" [_thread_blocked, id=7516, stack(0x0000000057070000,0x0000000057170000)]
  0x00000000562d1800 JavaThread "pool-2-thread-1" [_thread_in_Java, id=10388, stack(0x0000000056c60000,0x0000000056d60000)]
  0x0000000055ff1800 JavaThread "Service Thread" daemon [_thread_blocked, id=9348, stack(0x0000000056b20000,0x0000000056c20000)]
  0x0000000055fe6000 JavaThread "C1 CompilerThread2" daemon [_thread_blocked, id=5572, stack(0x0000000056980000,0x0000000056a80000)]
=>0x0000000055fdb000 JavaThread "C2 CompilerThread1" daemon [_thread_in_native, id=2128, stack(0x00000000566f0000,0x00000000567f0000)]
  0x0000000054bfe800 JavaThread "C2 CompilerThread0" daemon [_thread_in_native, id=5568, stack(0x0000000056810000,0x0000000056910000)]
  0x0000000054bfd800 JavaThread "Attach Listener" daemon [_thread_blocked, id=10768, stack(0x00000000565a0000,0x00000000566a0000)]
  0x0000000054bf0000 JavaThread "Signal Dispatcher" daemon [_thread_blocked, id=11060, stack(0x0000000056410000,0x0000000056510000)]
  0x0000000054b93800 JavaThread "Finalizer" daemon [_thread_blocked, id=11016, stack(0x0000000055ed0000,0x0000000055fd0000)]
  0x0000000054b92800 JavaThread "Reference Handler" daemon [_thread_blocked, id=1448, stack(0x0000000055c60000,0x0000000055d60000)]
  0x000000000049e800 JavaThread "main" [_thread_blocked, id=11248, stack(0x00000000023d0000,0x00000000024d0000)]

Other Threads:
  0x0000000054b8d000 VMThread [stack: 0x0000000055d70000,0x0000000055e70000] [id=6888]
  0x0000000056082000 WatcherThread [stack: 0x0000000056dd0000,0x0000000056ed0000] [id=7088]

VM state:not at safepoint (normal execution)

VM Mutex/Monitor currently owned by a thread: None

Heap:
 PSYoungGen      total 38400K, used 29426K [0x00000000eab00000, 0x00000000ef600000, 0x0000000100000000)
  eden space 33280K, 73% used [0x00000000eab00000,0x00000000ec2c0d28,0x00000000ecb80000)
  from space 5120K, 99% used [0x00000000ecb80000,0x00000000ed07bc98,0x00000000ed080000)
  to   space 5120K, 0% used [0x00000000ef100000,0x00000000ef100000,0x00000000ef600000)
 ParOldGen       total 87552K, used 1509K [0x00000000c0000000, 0x00000000c5580000, 0x00000000eab00000)
  object space 87552K, 1% used [0x00000000c0000000,0x00000000c01796a0,0x00000000c5580000)
 Metaspace       used 6130K, capacity 6966K, committed 7040K, reserved 1056768K
  class space    used 602K, capacity 622K, committed 640K, reserved 1048576K

Card table byte_map: [0x0000000011890000,0x0000000011aa0000] byte_map_base: 0x0000000011290000

Marking Bits: (ParMarkBitMap*) 0x0000000060f3a5b0
 Begin Bits: [0x0000000012000000, 0x0000000013000000)
 End Bits:   [0x0000000013000000, 0x0000000014000000)

Polling page: 0x0000000000410000

CodeCache: size=245760Kb used=5856Kb max_used=5856Kb free=239903Kb
 bounds [0x00000000024d0000, 0x0000000002a90000, 0x00000000114d0000]
 total_blobs=1660 nmethods=1387 adapters=184
 compilation: enabled

Compilation events (10 events):
Event: 5.940 Thread 0x0000000055fe6000 1403       3       com.android.dx.ssa.PhiTypeResolver::run (179 bytes)
Event: 5.941 Thread 0x0000000055fe6000 nmethod 1403 0x0000000002a783d0 code [0x0000000002a78660, 0x0000000002a79768]
Event: 5.941 Thread 0x0000000055fe6000 1404       3       com.android.dx.cf.code.Ropper::getRopMethod (64 bytes)
Event: 5.942 Thread 0x0000000055fe6000 nmethod 1404 0x0000000002a79f90 code [0x0000000002a7a1e0, 0x0000000002a7af38]
Event: 5.942 Thread 0x0000000055fe6000 1406       3       com.android.dx.ssa.PhiInsn::predBlocksForReg (73 bytes)
Event: 5.943 Thread 0x0000000055fe6000 nmethod 1406 0x0000000002a7b810 code [0x0000000002a7ba80, 0x0000000002a7cab8]
Event: 5.943 Thread 0x0000000055fe6000 1405       3       com.android.dx.ssa.NormalSsaInsn::isMoveException (20 bytes)
Event: 5.943 Thread 0x0000000055fe6000 nmethod 1405 0x0000000002a7d690 code [0x0000000002a7d800, 0x0000000002a7daf0]
Event: 5.964 Thread 0x0000000055fdb000 nmethod 1354 0x0000000002a84190 code [0x0000000002a84500, 0x0000000002a87cc0]
Event: 5.965 Thread 0x0000000055fdb000 1383       4       com.android.dx.ssa.SsaRenamer$BlockRenamer::process (191 bytes)

GC Heap History (2 events):
Event: 3.821 GC heap before
{Heap before GC invocations=1 (full 0):
 PSYoungGen      total 38400K, used 33280K [0x00000000eab00000, 0x00000000ed580000, 0x0000000100000000)
  eden space 33280K, 100% used [0x00000000eab00000,0x00000000ecb80000,0x00000000ecb80000)
  from space 5120K, 0% used [0x00000000ed080000,0x00000000ed080000,0x00000000ed580000)
  to   space 5120K, 0% used [0x00000000ecb80000,0x00000000ecb80000,0x00000000ed080000)
 ParOldGen       total 87552K, used 0K [0x00000000c0000000, 0x00000000c5580000, 0x00000000eab00000)
  object space 87552K, 0% used [0x00000000c0000000,0x00000000c0000000,0x00000000c5580000)
 Metaspace       used 6035K, capacity 6902K, committed 7040K, reserved 1056768K
  class space    used 602K, capacity 622K, committed 640K, reserved 1048576K
Event: 3.896 GC heap after
Heap after GC invocations=1 (full 0):
 PSYoungGen      total 38400K, used 5103K [0x00000000eab00000, 0x00000000ef600000, 0x0000000100000000)
  eden space 33280K, 0% used [0x00000000eab00000,0x00000000eab00000,0x00000000ecb80000)
  from space 5120K, 99% used [0x00000000ecb80000,0x00000000ed07bc98,0x00000000ed080000)
  to   space 5120K, 0% used [0x00000000ef100000,0x00000000ef100000,0x00000000ef600000)
 ParOldGen       total 87552K, used 1509K [0x00000000c0000000, 0x00000000c5580000, 0x00000000eab00000)
  object space 87552K, 1% used [0x00000000c0000000,0x00000000c01796a0,0x00000000c5580000)
 Metaspace       used 6035K, capacity 6902K, committed 7040K, reserved 1056768K
  class space    used 602K, capacity 622K, committed 640K, reserved 1048576K
}

Deoptimization events (6 events):
Event: 3.245 Thread 0x00000000562d5000 Uncommon trap: reason=unstable_if action=reinterpret pc=0x00000000026e27b0 method=java.util.HashMap.getNode(ILjava/lang/Object;)Ljava/util/HashMap$Node; @ 62
Event: 3.276 Thread 0x00000000562d1800 Uncommon trap: reason=unstable_if action=reinterpret pc=0x0000000002700b60 method=java.util.BitSet.nextSetBit(I)I @ 87
Event: 3.388 Thread 0x000000000049e800 Uncommon trap: reason=unstable_if action=reinterpret pc=0x00000000027a694c method=java.lang.String.<init>([CII)V @ 18
Event: 3.926 Thread 0x00000000562d5000 Uncommon trap: reason=null_check action=make_not_entrant pc=0x000000000297afc0 method=com.android.dx.ssa.SsaRenamer.getLocalForNewReg(I)Lcom/android/dx/rop/code/LocalItem; @ 19
Event: 4.301 Thread 0x00000000562d4000 Uncommon trap: reason=unstable_if action=reinterpret pc=0x00000000029a7224 method=com.android.dx.ssa.SCCP.simulateStmt(Lcom/android/dx/ssa/SsaInsn;)V @ 53
Event: 4.311 Thread 0x00000000562d4000 Uncommon trap: reason=unstable_if action=reinterpret pc=0x00000000027dab70 method=com.android.dx.rop.code.RegisterSpec.equals(ILcom/android/dx/rop/type/TypeBearer;Lcom/android/dx/rop/code/LocalItem;)Z @ 42

Internal exceptions (3 events):
Event: 1.067 Thread 0x000000000049e800 Exception <a 'java/lang/NoSuchMethodError': Method sun.misc.Unsafe.defineClass(Ljava/lang/String;[BII)Ljava/lang/Class; name or signature does not match> (0x00000000eab130a0) thrown at [C:\workspace\8-2-build-windows-amd64-cygwin\jdk8u65\4987\hotspot\src\s\›È≠ÈÒ?
Event: 1.067 Thread 0x000000000049e800 Exception <a 'java/lang/NoSuchMethodError': Method sun.misc.Unsafe.prefetchRead(Ljava/lang/Object;J)V name or signature does not match> (0x00000000eab13388) thrown at [C:\workspace\8-2-build-windows-amd64-cygwin\jdk8u65\4987\hotspot\src\share\vm\prims\jni.‹Ç˜-çg@
Event: 3.926 Thread 0x00000000562d5000 Implicit null exception at 0x000000000297979f to 0x000000000297af75

Events (10 events):
Event: 3.896 Executing VM operation: ParallelGCFailedAllocation done
Event: 3.926 Thread 0x00000000562d5000 Uncommon trap: trap_request=0xfffffff4 fr.pc=0x000000000297afc0
Event: 3.926 Thread 0x00000000562d5000 DEOPT PACKING pc=0x000000000297afc0 sp=0x00000000572bec70
Event: 3.926 Thread 0x00000000562d5000 DEOPT UNPACKING pc=0x000000000251582a sp=0x00000000572beae8 mode 2
Event: 4.301 Thread 0x00000000562d4000 Uncommon trap: trap_request=0xffffff65 fr.pc=0x00000000029a7224
Event: 4.301 Thread 0x00000000562d4000 DEOPT PACKING pc=0x00000000029a7224 sp=0x000000005701e760
Event: 4.301 Thread 0x00000000562d4000 DEOPT UNPACKING pc=0x000000000251582a sp=0x000000005701e748 mode 2
Event: 4.311 Thread 0x00000000562d4000 Uncommon trap: trap_request=0xffffff65 fr.pc=0x00000000027dab70
Event: 4.311 Thread 0x00000000562d4000 DEOPT PACKING pc=0x00000000027dab70 sp=0x000000005701e710
Event: 4.311 Thread 0x00000000562d4000 DEOPT UNPACKING pc=0x000000000251582a sp=0x000000005701e698 mode 2


Dynamic libraries:
0x000000013f970000 - 0x000000013f9a7000 	C:\Program Files\Java\jdk1.8.0_65\bin\java.exe
0x0000000077c30000 - 0x0000000077dd8000 	C:\Windows\SYSTEM32\ntdll.dll
0x0000000077b10000 - 0x0000000077c2f000 	C:\Windows\system32\kernel32.dll
0x000007fefdd90000 - 0x000007fefddfc000 	C:\Windows\system32\KERNELBASE.dll
0x000007feff9a0000 - 0x000007feffa7b000 	C:\Windows\system32\ADVAPI32.dll
0x000007feffe90000 - 0x000007fefff2f000 	C:\Windows\system32\msvcrt.dll
0x000007feffbb0000 - 0x000007feffbcf000 	C:\Windows\SYSTEM32\sechost.dll
0x000007feffa80000 - 0x000007feffbad000 	C:\Windows\system32\RPCRT4.dll
0x0000000077a10000 - 0x0000000077b0a000 	C:\Windows\system32\USER32.dll
0x000007feff380000 - 0x000007feff3e7000 	C:\Windows\system32\GDI32.dll
0x000007fefdf40000 - 0x000007fefdf4e000 	C:\Windows\system32\LPK.dll
0x000007feff1a0000 - 0x000007feff269000 	C:\Windows\system32\USP10.dll
0x000007fefb8d0000 - 0x000007fefbac4000 	C:\Windows\WinSxS\amd64_microsoft.windows.common-controls_6595b64144ccf1df_6.0.7601.18807_none_fa381d5f175bfb52\COMCTL32.dll
0x000007feffc00000 - 0x000007feffc71000 	C:\Windows\system32\SHLWAPI.dll
0x000007feffbd0000 - 0x000007feffbfe000 	C:\Windows\system32\IMM32.DLL
0x000007feff270000 - 0x000007feff379000 	C:\Windows\system32\MSCTF.dll
0x000007fefdaf0000 - 0x000007fefdb21000 	C:\Windows\system32\nvinitx.dll
0x000007fefdae0000 - 0x000007fefdaec000 	C:\Windows\system32\VERSION.dll
0x0000000062b00000 - 0x0000000062bd2000 	C:\Program Files\Java\jdk1.8.0_65\jre\bin\msvcr100.dll
0x0000000060730000 - 0x0000000060fb9000 	C:\Program Files\Java\jdk1.8.0_65\jre\bin\server\jvm.dll
0x000007feedb80000 - 0x000007feedb89000 	C:\Windows\system32\WSOCK32.dll
0x000007fefed80000 - 0x000007fefedcd000 	C:\Windows\system32\WS2_32.dll
0x000007fefff30000 - 0x000007fefff38000 	C:\Windows\system32\NSI.dll
0x000007fefb4c0000 - 0x000007fefb4fb000 	C:\Windows\system32\WINMM.dll
0x0000000077e00000 - 0x0000000077e07000 	C:\Windows\system32\PSAPI.DLL
0x0000000060720000 - 0x000000006072f000 	C:\Program Files\Java\jdk1.8.0_65\jre\bin\verify.dll
0x00000000606f0000 - 0x0000000060719000 	C:\Program Files\Java\jdk1.8.0_65\jre\bin\java.dll
0x00000000606d0000 - 0x00000000606e6000 	C:\Program Files\Java\jdk1.8.0_65\jre\bin\zip.dll
0x000007fefdff0000 - 0x000007fefed78000 	C:\Windows\system32\SHELL32.dll
0x000007feffc80000 - 0x000007feffe83000 	C:\Windows\system32\ole32.dll
0x000007fefdb30000 - 0x000007fefdb3f000 	C:\Windows\system32\profapi.dll

VM Arguments:
jvm_args: -Djava.awt.headless=true -Xmx1024M -Dfile.encoding=GBK -Duser.country=CN -Duser.language=zh -Duser.variant 
java_command: com.android.dx.command.Main --dex --force-jumbo --num-threads=4 --multi-dex --output E:\AndroidStudioProjects\GankIO\app\build\intermediates\transforms\dex\debug\folders\1000\10\gson-2.7_2e85dbf641c4a16c73925139bd4ff50ebb0450dd C:\Users\Administrator\.gradle\caches\modules-2\files-2.1\com.google.code.gson\gson\2.7\751f548c85fa49f330cecbb1875893f971b33c4e\gson-2.7.jar
java_class_path (initial): E:\Users\Administrator\AppData\Local\Android\sdk\build-tools\23.0.3\lib\dx.jar
Launcher Type: SUN_STANDARD

Environment Variables:
JAVA_HOME=C:\Program Files\Java\jdk1.8.0_65
CLASSPATH=.;C:\Program Files\Java\jdk1.8.0_65\lib
PATH=C:\ProgramData\Oracle\Java\javapath;E:\Users\Administrator\AppData\Local\Android\sdk\platform-tools;C:\Program Files\Java\jdk1.8.0_65\bin;C:\Windows\system32;C:\Windows;C:\Windows\System32\Wbem;C:\Windows\System32\WindowsPowerShell\v1.0\
USERNAME=Administrator
OS=Windows_NT
PROCESSOR_IDENTIFIER=Intel64 Family 6 Model 60 Stepping 3, GenuineIntel



---------------  S Y S T E M  ---------------

OS: Windows 7 , 64 bit Build 7601 (6.1.7601.18798)

CPU:total 4 (2 cores per cpu, 2 threads per core) family 6 model 60 stepping 3, cmov, cx8, fxsr, mmx, sse, sse2, sse3, ssse3, sse4.1, sse4.2, popcnt, avx, avx2, aes, clmul, erms, lzcnt, ht, tsc, tscinvbit, bmi1, bmi2

Memory: 4k page, physical 8313136k(1012800k free), swap 12505184k(5080k free)

vm_info: Java HotSpot(TM) 64-Bit Server VM (25.65-b01) for windows-amd64 JRE (1.8.0_65-b17), built on Oct  6 2015 16:39:20 by "java_re" with MS VC++ 10.0 (VS2010)

time: Tue Oct 11 17:19:41 2016
elapsed time: 6 seconds (0d 0h 0m 6s)

