#
# There is insufficient memory for the Java Runtime Environment to continue.
# Native memory allocation (malloc) failed to allocate 327216 bytes for Chunk::new
# Possible reasons:
#   The system is out of physical RAM or swap space
#   In 32 bit mode, the process size limit was hit
# Possible solutions:
#   Reduce memory load on the system
#   Increase physical memory or swap space
#   Check if swap backing store is full
#   Use 64 bit Java on a 64 bit OS
#   Decrease Java heap size (-Xmx/-Xms)
#   Decrease number of Java threads
#   Decrease Java thread stack sizes (-Xss)
#   Set larger code cache with -XX:ReservedCodeCacheSize=
# This output file may be truncated or incomplete.
#
#  Out of Memory Error (allocation.cpp:390), pid=8200, tid=9144
#
# JRE version: Java(TM) SE Runtime Environment (8.0_65-b17) (build 1.8.0_65-b17)
# Java VM: Java HotSpot(TM) 64-Bit Server VM (25.65-b01 mixed mode windows-amd64 compressed oops)
# Failed to write core dump. Minidumps are not enabled by default on client versions of Windows
#

---------------  T H R E A D  ---------------

Current thread (0x0000000056516000):  JavaThread "C2 CompilerThread0" daemon [_thread_in_native, id=9144, stack(0x0000000056d10000,0x0000000056e10000)]

Stack: [0x0000000056d10000,0x0000000056e10000]
[error occurred during error reporting (printing stack bounds), id 0xc0000005]

Native frames: (J=compiled Java code, j=interpreted, Vv=VM code, C=native code)


Current CompileTask:
C2:  12309 2048       4       com.android.dx.ssa.PhiTypeResolver::run (179 bytes)


---------------  P R O C E S S  ---------------

Java Threads: ( => current thread )
  0x0000000056846000 JavaThread "pool-2-thread-4" [_thread_blocked, id=11188, stack(0x0000000057c10000,0x0000000057d10000)]
  0x0000000056839000 JavaThread "pool-2-thread-3" [_thread_blocked, id=4544, stack(0x0000000057d60000,0x0000000057e60000)]
  0x0000000056838000 JavaThread "pool-2-thread-2" [_thread_blocked, id=10224, stack(0x0000000056910000,0x0000000056a10000)]
  0x0000000056836000 JavaThread "pool-3-thread-1" [_thread_blocked, id=7748, stack(0x0000000057ae0000,0x0000000057be0000)]
  0x00000000568ff800 JavaThread "pool-2-thread-1" [_thread_blocked, id=6176, stack(0x00000000560d0000,0x00000000561d0000)]
  0x000000005657b000 JavaThread "Service Thread" daemon [_thread_blocked, id=7620, stack(0x0000000055ec0000,0x0000000055fc0000)]
  0x000000005651b000 JavaThread "C1 CompilerThread2" daemon [_thread_blocked, id=4236, stack(0x0000000056fd0000,0x00000000570d0000)]
  0x000000005651a000 JavaThread "C2 CompilerThread1" daemon [_thread_in_native, id=2848, stack(0x0000000056e70000,0x0000000056f70000)]
=>0x0000000056516000 JavaThread "C2 CompilerThread0" daemon [_thread_in_native, id=9144, stack(0x0000000056d10000,0x0000000056e10000)]
  0x000000005650c800 JavaThread "Attach Listener" daemon [_thread_blocked, id=6860, stack(0x0000000056b30000,0x0000000056c30000)]
  0x0000000054f90000 JavaThread "Signal Dispatcher" daemon [_thread_blocked, id=9172, stack(0x0000000056a10000,0x0000000056b10000)]
  0x0000000054f39000 JavaThread "Finalizer" daemon [_thread_blocked, id=7260, stack(0x0000000056400000,0x0000000056500000)]
  0x0000000054f30000 JavaThread "Reference Handler" daemon [_thread_blocked, id=9376, stack(0x00000000561e0000,0x00000000562e0000)]
  0x000000000224e800 JavaThread "main" [_thread_blocked, id=10652, stack(0x00000000024d0000,0x00000000025d0000)]

Other Threads:
  0x0000000054f2a800 VMThread [stack: 0x0000000055fc0000,0x00000000560c0000] [id=6068]
  0x00000000565de000 WatcherThread [stack: 0x0000000057150000,0x0000000057250000] [id=9200]

VM state:not at safepoint (normal execution)

VM Mutex/Monitor currently owned by a thread: None

Heap:
 PSYoungGen      total 71680K, used 53156K [0x00000000eab00000, 0x00000000f3700000, 0x0000000100000000)
  eden space 66560K, 72% used [0x00000000eab00000,0x00000000ed9f0d78,0x00000000eec00000)
  from space 5120K, 99% used [0x00000000eec00000,0x00000000ef0f82b8,0x00000000ef100000)
  to   space 5120K, 0% used [0x00000000f3200000,0x00000000f3200000,0x00000000f3700000)
 ParOldGen       total 87552K, used 12812K [0x00000000c0000000, 0x00000000c5580000, 0x00000000eab00000)
  object space 87552K, 14% used [0x00000000c0000000,0x00000000c0c83348,0x00000000c5580000)
 Metaspace       used 6340K, capacity 7158K, committed 7296K, reserved 1056768K
  class space    used 608K, capacity 622K, committed 640K, reserved 1048576K

Card table byte_map: [0x0000000011990000,0x0000000011ba0000] byte_map_base: 0x0000000011390000

Marking Bits: (ParMarkBitMap*) 0x0000000060f3a5b0
 Begin Bits: [0x00000000123a0000, 0x00000000133a0000)
 End Bits:   [0x00000000133a0000, 0x00000000143a0000)

Polling page: 0x00000000000b0000

CodeCache: size=245760Kb used=8914Kb max_used=8915Kb free=236845Kb
 bounds [0x00000000025d0000, 0x0000000002ea0000, 0x00000000115d0000]
 total_blobs=2190 nmethods=1917 adapters=184
 compilation: enabled

Compilation events (10 events):
Event: 12.178 Thread 0x000000005651a000 nmethod 2042% 0x0000000002e847d0 code [0x0000000002e84a20, 0x0000000002e86138]
Event: 12.178 Thread 0x000000005651a000 2044       4       com.android.dx.cf.code.Ropper::addExceptionSetupBlocks (203 bytes)
Event: 12.209 Thread 0x000000005651a000 nmethod 2044 0x0000000002e87e10 code [0x0000000002e88080, 0x0000000002e890e0]
Event: 12.209 Thread 0x000000005651a000 2041       4       com.android.dx.rop.code.RegisterSpec::getBasicFrameType (10 bytes)
Event: 12.210 Thread 0x000000005651a000 nmethod 2041 0x0000000002d3a750 code [0x0000000002d3a880, 0x0000000002d3a8f8]
Event: 12.249 Thread 0x0000000056516000 nmethod 2047% 0x0000000002e8e150 code [0x0000000002e8e380, 0x0000000002e905a8]
Event: 12.249 Thread 0x0000000056516000 2048       4       com.android.dx.ssa.PhiTypeResolver::run (179 bytes)
Event: 12.255 Thread 0x000000005651a000 2049       4       com.android.dx.cf.code.BasicBlocker::visitConstant (39 bytes)
Event: 12.261 Thread 0x000000005651b000 2050       3       com.android.dx.dex.code.RopTranslator::pickOrder (400 bytes)
Event: 12.263 Thread 0x000000005651b000 nmethod 2050 0x0000000002e8aa50 code [0x0000000002e8ad80, 0x0000000002e8ce58]

GC Heap History (6 events):
Event: 1.534 GC heap before
{Heap before GC invocations=1 (full 0):
 PSYoungGen      total 38400K, used 33280K [0x00000000eab00000, 0x00000000ed580000, 0x0000000100000000)
  eden space 33280K, 100% used [0x00000000eab00000,0x00000000ecb80000,0x00000000ecb80000)
  from space 5120K, 0% used [0x00000000ed080000,0x00000000ed080000,0x00000000ed580000)
  to   space 5120K, 0% used [0x00000000ecb80000,0x00000000ecb80000,0x00000000ed080000)
 ParOldGen       total 87552K, used 0K [0x00000000c0000000, 0x00000000c5580000, 0x00000000eab00000)
  object space 87552K, 0% used [0x00000000c0000000,0x00000000c0000000,0x00000000c5580000)
 Metaspace       used 5899K, capacity 6772K, committed 7040K, reserved 1056768K
  class space    used 604K, capacity 620K, committed 640K, reserved 1048576K
Event: 1.860 GC heap after
Heap after GC invocations=1 (full 0):
 PSYoungGen      total 38400K, used 4428K [0x00000000eab00000, 0x00000000ef600000, 0x0000000100000000)
  eden space 33280K, 0% used [0x00000000eab00000,0x00000000eab00000,0x00000000ecb80000)
  from space 5120K, 86% used [0x00000000ecb80000,0x00000000ecfd3170,0x00000000ed080000)
  to   space 5120K, 0% used [0x00000000ef100000,0x00000000ef100000,0x00000000ef600000)
 ParOldGen       total 87552K, used 0K [0x00000000c0000000, 0x00000000c5580000, 0x00000000eab00000)
  object space 87552K, 0% used [0x00000000c0000000,0x00000000c0000000,0x00000000c5580000)
 Metaspace       used 5899K, capacity 6772K, committed 7040K, reserved 1056768K
  class space    used 604K, capacity 620K, committed 640K, reserved 1048576K
}
Event: 2.770 GC heap before
{Heap before GC invocations=2 (full 0):
 PSYoungGen      total 38400K, used 37708K [0x00000000eab00000, 0x00000000ef600000, 0x0000000100000000)
  eden space 33280K, 100% used [0x00000000eab00000,0x00000000ecb80000,0x00000000ecb80000)
  from space 5120K, 86% used [0x00000000ecb80000,0x00000000ecfd3170,0x00000000ed080000)
  to   space 5120K, 0% used [0x00000000ef100000,0x00000000ef100000,0x00000000ef600000)
 ParOldGen       total 87552K, used 0K [0x00000000c0000000, 0x00000000c5580000, 0x00000000eab00000)
  object space 87552K, 0% used [0x00000000c0000000,0x00000000c0000000,0x00000000c5580000)
 Metaspace       used 6080K, capacity 6966K, committed 7040K, reserved 1056768K
  class space    used 607K, capacity 622K, committed 640K, reserved 1048576K
Event: 2.803 GC heap after
Heap after GC invocations=2 (full 0):
 PSYoungGen      total 71680K, used 5118K [0x00000000eab00000, 0x00000000ef600000, 0x0000000100000000)
  eden space 66560K, 0% used [0x00000000eab00000,0x00000000eab00000,0x00000000eec00000)
  from space 5120K, 99% used [0x00000000ef100000,0x00000000ef5ffb78,0x00000000ef600000)
  to   space 5120K, 0% used [0x00000000eec00000,0x00000000eec00000,0x00000000ef100000)
 ParOldGen       total 87552K, used 3398K [0x00000000c0000000, 0x00000000c5580000, 0x00000000eab00000)
  object space 87552K, 3% used [0x00000000c0000000,0x00000000c0351938,0x00000000c5580000)
 Metaspace       used 6080K, capacity 6966K, committed 7040K, reserved 1056768K
  class space    used 607K, capacity 622K, committed 640K, reserved 1048576K
}
Event: 4.515 GC heap before
{Heap before GC invocations=3 (full 0):
 PSYoungGen      total 71680K, used 71678K [0x00000000eab00000, 0x00000000ef600000, 0x0000000100000000)
  eden space 66560K, 100% used [0x00000000eab00000,0x00000000eec00000,0x00000000eec00000)
  from space 5120K, 99% used [0x00000000ef100000,0x00000000ef5ffb78,0x00000000ef600000)
  to   space 5120K, 0% used [0x00000000eec00000,0x00000000eec00000,0x00000000ef100000)
 ParOldGen       total 87552K, used 3398K [0x00000000c0000000, 0x00000000c5580000, 0x00000000eab00000)
  object space 87552K, 3% used [0x00000000c0000000,0x00000000c0351938,0x00000000c5580000)
 Metaspace       used 6139K, capacity 6966K, committed 7040K, reserved 1056768K
  class space    used 607K, capacity 622K, committed 640K, reserved 1048576K
Event: 5.207 GC heap after
Heap after GC invocations=3 (full 0):
 PSYoungGen      total 71680K, used 5088K [0x00000000eab00000, 0x00000000f3700000, 0x0000000100000000)
  eden space 66560K, 0% used [0x00000000eab00000,0x00000000eab00000,0x00000000eec00000)
  from space 5120K, 99% used [0x00000000eec00000,0x00000000ef0f82b8,0x00000000ef100000)
  to   space 5120K, 0% used [0x00000000f3200000,0x00000000f3200000,0x00000000f3700000)
 ParOldGen       total 87552K, used 12812K [0x00000000c0000000, 0x00000000c5580000, 0x00000000eab00000)
  object space 87552K, 14% used [0x00000000c0000000,0x00000000c0c83348,0x00000000c5580000)
 Metaspace       used 6139K, capacity 6966K, committed 7040K, reserved 1056768K
  class space    used 607K, capacity 622K, committed 640K, reserved 1048576K
}

Deoptimization events (10 events):
Event: 6.528 Thread 0x00000000568ff800 Uncommon trap: reason=bimorphic action=maybe_recompile pc=0x0000000002be5968 method=com.android.dx.ssa.back.FirstFitLocalCombiningAllocator.findNextUnreservedRopReg(IILcom/android/dx/ssa/back/FirstFitLocalCombiningAllocator$Alignment;)I @ 60
Event: 6.529 Thread 0x00000000568ff800 Uncommon trap: reason=bimorphic action=maybe_recompile pc=0x0000000002be5968 method=com.android.dx.ssa.back.FirstFitLocalCombiningAllocator.findNextUnreservedRopReg(IILcom/android/dx/ssa/back/FirstFitLocalCombiningAllocator$Alignment;)I @ 60
Event: 6.530 Thread 0x00000000568ff800 Uncommon trap: reason=bimorphic action=maybe_recompile pc=0x0000000002c85d50 method=com.android.dx.rop.code.RegisterSpec.withSimpleType()Lcom/android/dx/rop/code/RegisterSpec; @ 21
Event: 6.532 Thread 0x00000000568ff800 Uncommon trap: reason=bimorphic action=maybe_recompile pc=0x0000000002be5968 method=com.android.dx.ssa.back.FirstFitLocalCombiningAllocator.findNextUnreservedRopReg(IILcom/android/dx/ssa/back/FirstFitLocalCombiningAllocator$Alignment;)I @ 60
Event: 6.533 Thread 0x00000000568ff800 Uncommon trap: reason=bimorphic action=maybe_recompile pc=0x0000000002be5968 method=com.android.dx.ssa.back.FirstFitLocalCombiningAllocator.findNextUnreservedRopReg(IILcom/android/dx/ssa/back/FirstFitLocalCombiningAllocator$Alignment;)I @ 60
Event: 10.175 Thread 0x0000000056839000 Uncommon trap: reason=bimorphic action=maybe_recompile pc=0x0000000002d787b0 method=com.android.dx.cf.code.BytecodeArray.parseInstruction(ILcom/android/dx/cf/code/BytecodeArray$Visitor;)I @ 1130
Event: 10.179 Thread 0x0000000056839000 Uncommon trap: reason=bimorphic action=maybe_recompile pc=0x0000000002d787b0 method=com.android.dx.cf.code.BytecodeArray.parseInstruction(ILcom/android/dx/cf/code/BytecodeArray$Visitor;)I @ 1130
Event: 11.106 Thread 0x0000000056839000 Uncommon trap: reason=null_check action=make_not_entrant pc=0x0000000002e12ca4 method=com.android.dx.cf.code.Ropper$CatchInfo.getSetup(Lcom/android/dx/rop/type/Type;)Lcom/android/dx/cf/code/Ropper$ExceptionHandlerSetup; @ 10
Event: 11.663 Thread 0x0000000056839000 Uncommon trap: reason=unstable_if action=reinterpret pc=0x0000000002db3aa0 method=com.android.dx.cf.code.Ropper.isSynchronized()Z @ 12
Event: 12.104 Thread 0x0000000056839000 Uncommon trap: reason=unstable_if action=reinterpret pc=0x0000000002d51748 method=com.android.dx.dex.code.RopTranslator.pickOrder()V @ 279

Internal exceptions (5 events):
Event: 0.046 Thread 0x000000000224e800 Exception <a 'java/lang/NoSuchMethodError': Method sun.misc.Unsafe.defineClass(Ljava/lang/String;[BII)Ljava/lang/Class; name or signature does not match> (0x00000000eab130a0) thrown at [C:\workspace\8-2-build-windows-amd64-cygwin\jdk8u65\4987\hotspot\src\söE/¶«§?
Event: 0.046 Thread 0x000000000224e800 Exception <a 'java/lang/NoSuchMethodError': Method sun.misc.Unsafe.prefetchRead(Ljava/lang/Object;J)V name or signature does not match> (0x00000000eab13388) thrown at [C:\workspace\8-2-build-windows-amd64-cygwin\jdk8u65\4987\hotspot\src\share\vm\prims\jni.…úˆ||Ã@
Event: 2.595 Thread 0x0000000056838000 Implicit null exception at 0x00000000028fce52 to 0x00000000028fcf59
Event: 6.483 Thread 0x0000000056839000 Implicit null exception at 0x0000000002b866c7 to 0x0000000002b89c51
Event: 11.106 Thread 0x0000000056839000 Implicit null exception at 0x0000000002e0ed94 to 0x0000000002e12c51

Events (10 events):
Event: 11.657 Thread 0x0000000056839000 DEOPT PACKING pc=0x000000000297a06c sp=0x0000000057e5e780
Event: 11.657 Thread 0x0000000056839000 DEOPT UNPACKING pc=0x000000000261787f sp=0x0000000057e5e500 mode 0
Event: 11.663 Thread 0x0000000056839000 Uncommon trap: trap_request=0xffffff65 fr.pc=0x0000000002db3aa0
Event: 11.663 Thread 0x0000000056839000 DEOPT PACKING pc=0x0000000002db3aa0 sp=0x0000000057e5e4e0
Event: 11.663 Thread 0x0000000056839000 DEOPT UNPACKING pc=0x000000000261582a sp=0x0000000057e5e3c8 mode 2
Event: 11.809 Thread 0x0000000056839000 DEOPT PACKING pc=0x0000000002aac3d9 sp=0x0000000057e5e800
Event: 11.809 Thread 0x0000000056839000 DEOPT UNPACKING pc=0x000000000261787f sp=0x0000000057e5e5e0 mode 0
Event: 12.104 Thread 0x0000000056839000 Uncommon trap: trap_request=0xffffff65 fr.pc=0x0000000002d51748
Event: 12.104 Thread 0x0000000056839000 DEOPT PACKING pc=0x0000000002d51748 sp=0x0000000057e5e9c0
Event: 12.104 Thread 0x0000000056839000 DEOPT UNPACKING pc=0x000000000261582a sp=0x0000000057e5e938 mode 2


Dynamic libraries:
0x000000013f970000 - 0x000000013f9a7000 	C:\Program Files\Java\jdk1.8.0_65\bin\java.exe
0x0000000077c30000 - 0x0000000077dd8000 	C:\Windows\SYSTEM32\ntdll.dll
0x0000000077b10000 - 0x0000000077c2f000 	C:\Windows\system32\kernel32.dll
0x000007fefdd90000 - 0x000007fefddfc000 	C:\Windows\system32\KERNELBASE.dll
0x000007feff9a0000 - 0x000007feffa7b000 	C:\Windows\system32\ADVAPI32.dll
0x000007feffe90000 - 0x000007fefff2f000 	C:\Windows\system32\msvcrt.dll
0x000007feffbb0000 - 0x000007feffbcf000 	C:\Windows\SYSTEM32\sechost.dll
0x000007feffa80000 - 0x000007feffbad000 	C:\Windows\system32\RPCRT4.dll
0x0000000077a10000 - 0x0000000077b0a000 	C:\Windows\system32\USER32.dll
0x000007feff380000 - 0x000007feff3e7000 	C:\Windows\system32\GDI32.dll
0x000007fefdf40000 - 0x000007fefdf4e000 	C:\Windows\system32\LPK.dll
0x000007feff1a0000 - 0x000007feff269000 	C:\Windows\system32\USP10.dll
0x000007fefb8d0000 - 0x000007fefbac4000 	C:\Windows\WinSxS\amd64_microsoft.windows.common-controls_6595b64144ccf1df_6.0.7601.18807_none_fa381d5f175bfb52\COMCTL32.dll
0x000007feffc00000 - 0x000007feffc71000 	C:\Windows\system32\SHLWAPI.dll
0x000007feffbd0000 - 0x000007feffbfe000 	C:\Windows\system32\IMM32.DLL
0x000007feff270000 - 0x000007feff379000 	C:\Windows\system32\MSCTF.dll
0x000007fefdaf0000 - 0x000007fefdb21000 	C:\Windows\system32\nvinitx.dll
0x000007fefdae0000 - 0x000007fefdaec000 	C:\Windows\system32\VERSION.dll
0x0000000062b00000 - 0x0000000062bd2000 	C:\Program Files\Java\jdk1.8.0_65\jre\bin\msvcr100.dll
0x0000000060730000 - 0x0000000060fb9000 	C:\Program Files\Java\jdk1.8.0_65\jre\bin\server\jvm.dll
0x000007feedb80000 - 0x000007feedb89000 	C:\Windows\system32\WSOCK32.dll
0x000007fefed80000 - 0x000007fefedcd000 	C:\Windows\system32\WS2_32.dll
0x000007fefff30000 - 0x000007fefff38000 	C:\Windows\system32\NSI.dll
0x000007fefb4c0000 - 0x000007fefb4fb000 	C:\Windows\system32\WINMM.dll
0x0000000077e00000 - 0x0000000077e07000 	C:\Windows\system32\PSAPI.DLL
0x0000000060720000 - 0x000000006072f000 	C:\Program Files\Java\jdk1.8.0_65\jre\bin\verify.dll
0x00000000606f0000 - 0x0000000060719000 	C:\Program Files\Java\jdk1.8.0_65\jre\bin\java.dll
0x00000000606d0000 - 0x00000000606e6000 	C:\Program Files\Java\jdk1.8.0_65\jre\bin\zip.dll
0x000007fefdff0000 - 0x000007fefed78000 	C:\Windows\system32\SHELL32.dll
0x000007feffc80000 - 0x000007feffe83000 	C:\Windows\system32\ole32.dll
0x000007fefdb30000 - 0x000007fefdb3f000 	C:\Windows\system32\profapi.dll

VM Arguments:
jvm_args: -Djava.awt.headless=true -Xmx1024M -Dfile.encoding=GBK -Duser.country=CN -Duser.language=zh -Duser.variant 
java_command: com.android.dx.command.Main --dex --force-jumbo --num-threads=4 --multi-dex --output E:\AndroidStudioProjects\GankIO\app\build\intermediates\transforms\dex\debug\folders\1000\10\com.android.support-support-v4-24.1.1_5c151faa8eb0f651a5fcf8e78441dc2ab3d0cb59 E:\AndroidStudioProjects\GankIO\app\build\intermediates\exploded-aar\com.android.support\support-v4\24.1.1\jars\classes.jar
java_class_path (initial): E:\Users\Administrator\AppData\Local\Android\sdk\build-tools\23.0.3\lib\dx.jar
Launcher Type: SUN_STANDARD

Environment Variables:
JAVA_HOME=C:\Program Files\Java\jdk1.8.0_65
CLASSPATH=.;C:\Program Files\Java\jdk1.8.0_65\lib
PATH=C:\ProgramData\Oracle\Java\javapath;E:\Users\Administrator\AppData\Local\Android\sdk\platform-tools;C:\Program Files\Java\jdk1.8.0_65\bin;C:\Windows\system32;C:\Windows;C:\Windows\System32\Wbem;C:\Windows\System32\WindowsPowerShell\v1.0\
USERNAME=Administrator
OS=Windows_NT
PROCESSOR_IDENTIFIER=Intel64 Family 6 Model 60 Stepping 3, GenuineIntel



---------------  S Y S T E M  ---------------

OS: Windows 7 , 64 bit Build 7601 (6.1.7601.18798)

CPU:total 4 (2 cores per cpu, 2 threads per core) family 6 model 60 stepping 3, cmov, cx8, fxsr, mmx, sse, sse2, sse3, ssse3, sse4.1, sse4.2, popcnt, avx, avx2, aes, clmul, erms, lzcnt, ht, tsc, tscinvbit, bmi1, bmi2

Memory: 4k page, physical 8313136k(918040k free), swap 12505184k(5660k free)

vm_info: Java HotSpot(TM) 64-Bit Server VM (25.65-b01) for windows-amd64 JRE (1.8.0_65-b17), built on Oct  6 2015 16:39:20 by "java_re" with MS VC++ 10.0 (VS2010)

time: Tue Oct 11 17:23:02 2016
elapsed time: 12 seconds (0d 0h 0m 12s)

