#
# There is insufficient memory for the Java Runtime Environment to continue.
# Native memory allocation (malloc) failed to allocate 60656 bytes for Chunk::new
# Possible reasons:
#   The system is out of physical RAM or swap space
#   In 32 bit mode, the process size limit was hit
# Possible solutions:
#   Reduce memory load on the system
#   Increase physical memory or swap space
#   Check if swap backing store is full
#   Use 64 bit Java on a 64 bit OS
#   Decrease Java heap size (-Xmx/-Xms)
#   Decrease number of Java threads
#   Decrease Java thread stack sizes (-Xss)
#   Set larger code cache with -XX:ReservedCodeCacheSize=
# This output file may be truncated or incomplete.
#
#  Out of Memory Error (allocation.cpp:390), pid=1232, tid=10976
#
# JRE version: Java(TM) SE Runtime Environment (8.0_65-b17) (build 1.8.0_65-b17)
# Java VM: Java HotSpot(TM) 64-Bit Server VM (25.65-b01 mixed mode windows-amd64 compressed oops)
# Failed to write core dump. Minidumps are not enabled by default on client versions of Windows
#

---------------  T H R E A D  ---------------

Current thread (0x000000005613b000):  JavaThread "C2 CompilerThread1" daemon [_thread_in_native, id=10976, stack(0x0000000056c00000,0x0000000056d00000)]

Stack: [0x0000000056c00000,0x0000000056d00000]
[error occurred during error reporting (printing stack bounds), id 0xc0000005]

Native frames: (J=compiled Java code, j=interpreted, Vv=VM code, C=native code)


Current CompileTask:
C2:   3540  572       4       java.util.HashMap::containsKey (18 bytes)


---------------  P R O C E S S  ---------------

Java Threads: ( => current thread )
  0x00000000562eb800 JavaThread "pool-2-thread-4" [_thread_in_Java, id=9064, stack(0x00000000574c0000,0x00000000575c0000)]
  0x00000000562e9000 JavaThread "pool-2-thread-3" [_thread_in_vm, id=10328, stack(0x00000000575e0000,0x00000000576e0000)]
  0x00000000562e8000 JavaThread "pool-2-thread-2" [_thread_in_Java, id=9964, stack(0x0000000057350000,0x0000000057450000)]
  0x00000000562e7800 JavaThread "pool-3-thread-1" [_thread_blocked, id=9824, stack(0x0000000057130000,0x0000000057230000)]
  0x00000000562e4800 JavaThread "pool-2-thread-1" [_thread_in_vm, id=6812, stack(0x0000000056ac0000,0x0000000056bc0000)]
  0x0000000056151800 JavaThread "Service Thread" daemon [_thread_blocked, id=11012, stack(0x0000000056f60000,0x0000000057060000)]
  0x0000000056146000 JavaThread "C1 CompilerThread2" daemon [_thread_in_native, id=10456, stack(0x0000000056de0000,0x0000000056ee0000)]
=>0x000000005613b000 JavaThread "C2 CompilerThread1" daemon [_thread_in_native, id=10976, stack(0x0000000056c00000,0x0000000056d00000)]
  0x0000000054d1e800 JavaThread "C2 CompilerThread0" daemon [_thread_in_native, id=9764, stack(0x0000000056970000,0x0000000056a70000)]
  0x0000000054d1d800 JavaThread "Attach Listener" daemon [_thread_blocked, id=832, stack(0x0000000056800000,0x0000000056900000)]
  0x0000000054d10000 JavaThread "Signal Dispatcher" daemon [_thread_blocked, id=7604, stack(0x0000000056620000,0x0000000056720000)]
  0x0000000054cb3800 JavaThread "Finalizer" daemon [_thread_blocked, id=11004, stack(0x0000000056030000,0x0000000056130000)]
  0x0000000054cb2800 JavaThread "Reference Handler" daemon [_thread_blocked, id=3300, stack(0x0000000055e00000,0x0000000055f00000)]
  0x00000000021be800 JavaThread "main" [_thread_blocked, id=5164, stack(0x00000000022c0000,0x00000000023c0000)]

Other Threads:
  0x0000000054cad000 VMThread [stack: 0x0000000055cf0000,0x0000000055df0000] [id=6864]
  0x000000005620d000 WatcherThread [stack: 0x0000000055f10000,0x0000000056010000] [id=9432]

VM state:not at safepoint (normal execution)

VM Mutex/Monitor currently owned by a thread: None

Heap:
 PSYoungGen      total 38400K, used 14254K [0x00000000eab00000, 0x00000000ed580000, 0x0000000100000000)
  eden space 33280K, 42% used [0x00000000eab00000,0x00000000eb8ebbd8,0x00000000ecb80000)
  from space 5120K, 0% used [0x00000000ed080000,0x00000000ed080000,0x00000000ed580000)
  to   space 5120K, 0% used [0x00000000ecb80000,0x00000000ecb80000,0x00000000ed080000)
 ParOldGen       total 87552K, used 0K [0x00000000c0000000, 0x00000000c5580000, 0x00000000eab00000)
  object space 87552K, 0% used [0x00000000c0000000,0x00000000c0000000,0x00000000c5580000)
 Metaspace       used 5641K, capacity 6580K, committed 6784K, reserved 1056768K
  class space    used 600K, capacity 620K, committed 640K, reserved 1048576K

Card table byte_map: [0x0000000011780000,0x0000000011990000] byte_map_base: 0x0000000011180000

Marking Bits: (ParMarkBitMap*) 0x0000000060f3a5b0
 Begin Bits: [0x0000000012120000, 0x0000000013120000)
 End Bits:   [0x0000000013120000, 0x0000000014120000)

Polling page: 0x00000000000a0000

CodeCache: size=245760Kb used=2407Kb max_used=2418Kb free=243352Kb
 bounds [0x00000000023c0000, 0x0000000002630000, 0x00000000113c0000]
 total_blobs=849 nmethods=578 adapters=184
 compilation: enabled

Compilation events (10 events):
Event: 3.537 Thread 0x0000000056146000 nmethod 582 0x0000000002613b50 code [0x0000000002613d00, 0x0000000002614508]
Event: 3.537 Thread 0x0000000056146000  590       3       com.android.dx.ssa.back.LivenessAnalyzer::liveInAtStatement (55 bytes)
Event: 3.538 Thread 0x0000000056146000 nmethod 590 0x0000000002614810 code [0x0000000002614a00, 0x0000000002615318]
Event: 3.538 Thread 0x0000000056146000  578       3       com.android.dx.ssa.SsaInsn::<init> (29 bytes)
Event: 3.538 Thread 0x0000000056146000 nmethod 578 0x0000000002615850 code [0x00000000026159c0, 0x0000000002615c88]
Event: 3.538 Thread 0x0000000056146000  596       3       com.android.dx.rop.code.InsnList::set (7 bytes)
Event: 3.539 Thread 0x0000000056146000 nmethod 596 0x0000000002615d90 code [0x0000000002615f60, 0x0000000002616728]
Event: 3.539 Thread 0x0000000056146000  586       3       com.android.dx.ssa.SsaMethod$2::visitNonMoveInsn (6 bytes)
Event: 3.539 Thread 0x0000000056146000 nmethod 586 0x0000000002616cd0 code [0x0000000002616e40, 0x0000000002616fc8]
Event: 3.539 Thread 0x0000000056146000  585       3       com.android.dx.util.LabeledList::set (45 bytes)

GC Heap History (0 events):
No events

Deoptimization events (0 events):
No events

Internal exceptions (2 events):
Event: 0.530 Thread 0x00000000021be800 Exception <a 'java/lang/NoSuchMethodError': Method sun.misc.Unsafe.defineClass(Ljava/lang/String;[BII)Ljava/lang/Class; name or signature does not match> (0x00000000eab130a0) thrown at [C:\workspace\8-2-build-windows-amd64-cygwin\jdk8u65\4987\hotspot\src\s9„Lêπˆ‡?
Event: 0.530 Thread 0x00000000021be800 Exception <a 'java/lang/NoSuchMethodError': Method sun.misc.Unsafe.prefetchRead(Ljava/lang/Object;J)V name or signature does not match> (0x00000000eab13388) thrown at [C:\workspace\8-2-build-windows-amd64-cygwin\jdk8u65\4987\hotspot\src\share\vm\prims\jni.

Events (10 events):
Event: 3.498 loading class com/android/dx/ssa/back/FirstFitLocalCombiningAllocator$Multiset
Event: 3.498 loading class com/android/dx/ssa/back/FirstFitLocalCombiningAllocator$Multiset done
Event: 3.499 loading class com/android/dx/cf/code/BytecodeArray$ConstantParserVisitor
Event: 3.499 loading class com/android/dx/cf/code/BytecodeArray$ConstantParserVisitor done
Event: 3.503 loading class com/android/dx/dex/file/MethodAnnotationStruct
Event: 3.503 loading class com/android/dx/dex/file/MethodAnnotationStruct done
Event: 3.513 loading class java/util/TreeMap$EntrySet
Event: 3.513 loading class java/util/TreeMap$EntrySet done
Event: 3.513 loading class java/util/TreeMap$EntryIterator
Event: 3.513 loading class java/util/TreeMap$EntryIterator done


Dynamic libraries:
0x000000013f970000 - 0x000000013f9a7000 	C:\Program Files\Java\jdk1.8.0_65\bin\java.exe
0x0000000077c30000 - 0x0000000077dd8000 	C:\Windows\SYSTEM32\ntdll.dll
0x0000000077b10000 - 0x0000000077c2f000 	C:\Windows\system32\kernel32.dll
0x000007fefdd90000 - 0x000007fefddfc000 	C:\Windows\system32\KERNELBASE.dll
0x000007feff9a0000 - 0x000007feffa7b000 	C:\Windows\system32\ADVAPI32.dll
0x000007feffe90000 - 0x000007fefff2f000 	C:\Windows\system32\msvcrt.dll
0x000007feffbb0000 - 0x000007feffbcf000 	C:\Windows\SYSTEM32\sechost.dll
0x000007feffa80000 - 0x000007feffbad000 	C:\Windows\system32\RPCRT4.dll
0x0000000077a10000 - 0x0000000077b0a000 	C:\Windows\system32\USER32.dll
0x000007feff380000 - 0x000007feff3e7000 	C:\Windows\system32\GDI32.dll
0x000007fefdf40000 - 0x000007fefdf4e000 	C:\Windows\system32\LPK.dll
0x000007feff1a0000 - 0x000007feff269000 	C:\Windows\system32\USP10.dll
0x000007fefb8d0000 - 0x000007fefbac4000 	C:\Windows\WinSxS\amd64_microsoft.windows.common-controls_6595b64144ccf1df_6.0.7601.18807_none_fa381d5f175bfb52\COMCTL32.dll
0x000007feffc00000 - 0x000007feffc71000 	C:\Windows\system32\SHLWAPI.dll
0x000007feffbd0000 - 0x000007feffbfe000 	C:\Windows\system32\IMM32.DLL
0x000007feff270000 - 0x000007feff379000 	C:\Windows\system32\MSCTF.dll
0x000007fefdaf0000 - 0x000007fefdb21000 	C:\Windows\system32\nvinitx.dll
0x000007fefdae0000 - 0x000007fefdaec000 	C:\Windows\system32\VERSION.dll
0x0000000062b00000 - 0x0000000062bd2000 	C:\Program Files\Java\jdk1.8.0_65\jre\bin\msvcr100.dll
0x0000000060730000 - 0x0000000060fb9000 	C:\Program Files\Java\jdk1.8.0_65\jre\bin\server\jvm.dll
0x000007feedb80000 - 0x000007feedb89000 	C:\Windows\system32\WSOCK32.dll
0x000007fefed80000 - 0x000007fefedcd000 	C:\Windows\system32\WS2_32.dll
0x000007fefff30000 - 0x000007fefff38000 	C:\Windows\system32\NSI.dll
0x000007fefb4c0000 - 0x000007fefb4fb000 	C:\Windows\system32\WINMM.dll
0x0000000077e00000 - 0x0000000077e07000 	C:\Windows\system32\PSAPI.DLL
0x0000000060720000 - 0x000000006072f000 	C:\Program Files\Java\jdk1.8.0_65\jre\bin\verify.dll
0x00000000606f0000 - 0x0000000060719000 	C:\Program Files\Java\jdk1.8.0_65\jre\bin\java.dll
0x00000000606d0000 - 0x00000000606e6000 	C:\Program Files\Java\jdk1.8.0_65\jre\bin\zip.dll
0x000007fefdff0000 - 0x000007fefed78000 	C:\Windows\system32\SHELL32.dll
0x000007feffc80000 - 0x000007feffe83000 	C:\Windows\system32\ole32.dll
0x000007fefdb30000 - 0x000007fefdb3f000 	C:\Windows\system32\profapi.dll

VM Arguments:
jvm_args: -Djava.awt.headless=true -Xmx1024M -Dfile.encoding=GBK -Duser.country=CN -Duser.language=zh -Duser.variant 
java_command: com.android.dx.command.Main --dex --force-jumbo --num-threads=4 --multi-dex --output E:\AndroidStudioProjects\GankIO\app\build\intermediates\transforms\dex\debug\folders\1000\10\okio-1.9.0_db0545b090bbd931e1cf6e43202e038727277a7d C:\Users\Administrator\.gradle\caches\modules-2\files-2.1\com.squareup.okio\okio\1.9.0\f824591a0016efbaeddb8300bee54832a1398cfa\okio-1.9.0.jar
java_class_path (initial): E:\Users\Administrator\AppData\Local\Android\sdk\build-tools\23.0.3\lib\dx.jar
Launcher Type: SUN_STANDARD

Environment Variables:
JAVA_HOME=C:\Program Files\Java\jdk1.8.0_65
CLASSPATH=.;C:\Program Files\Java\jdk1.8.0_65\lib
PATH=C:\ProgramData\Oracle\Java\javapath;E:\Users\Administrator\AppData\Local\Android\sdk\platform-tools;C:\Program Files\Java\jdk1.8.0_65\bin;C:\Windows\system32;C:\Windows;C:\Windows\System32\Wbem;C:\Windows\System32\WindowsPowerShell\v1.0\
USERNAME=Administrator
OS=Windows_NT
PROCESSOR_IDENTIFIER=Intel64 Family 6 Model 60 Stepping 3, GenuineIntel



---------------  S Y S T E M  ---------------

OS: Windows 7 , 64 bit Build 7601 (6.1.7601.18798)

CPU:total 4 (2 cores per cpu, 2 threads per core) family 6 model 60 stepping 3, cmov, cx8, fxsr, mmx, sse, sse2, sse3, ssse3, sse4.1, sse4.2, popcnt, avx, avx2, aes, clmul, erms, lzcnt, ht, tsc, tscinvbit, bmi1, bmi2

Memory: 4k page, physical 8313136k(913240k free), swap 12505184k(5116k free)

vm_info: Java HotSpot(TM) 64-Bit Server VM (25.65-b01) for windows-amd64 JRE (1.8.0_65-b17), built on Oct  6 2015 16:39:20 by "java_re" with MS VC++ 10.0 (VS2010)

time: Tue Oct 11 17:23:02 2016
elapsed time: 3 seconds (0d 0h 0m 3s)

