#
# There is insufficient memory for the Java Runtime Environment to continue.
# Native memory allocation (malloc) failed to allocate 596176 bytes for Chunk::new
# Possible reasons:
#   The system is out of physical RAM or swap space
#   In 32 bit mode, the process size limit was hit
# Possible solutions:
#   Reduce memory load on the system
#   Increase physical memory or swap space
#   Check if swap backing store is full
#   Use 64 bit Java on a 64 bit OS
#   Decrease Java heap size (-Xmx/-Xms)
#   Decrease number of Java threads
#   Decrease Java thread stack sizes (-Xss)
#   Set larger code cache with -XX:ReservedCodeCacheSize=
# This output file may be truncated or incomplete.
#
#  Out of Memory Error (allocation.cpp:390), pid=3732, tid=5488
#
# JRE version: Java(TM) SE Runtime Environment (8.0_65-b17) (build 1.8.0_65-b17)
# Java VM: Java HotSpot(TM) 64-Bit Server VM (25.65-b01 mixed mode windows-amd64 compressed oops)
# Failed to write core dump. Minidumps are not enabled by default on client versions of Windows
#

---------------  T H R E A D  ---------------

Current thread (0x000000005631e800):  JavaThread "C2 CompilerThread0" daemon [_thread_in_native, id=5488, stack(0x0000000056b50000,0x0000000056c50000)]

Stack: [0x0000000056b50000,0x0000000056c50000]
[error occurred during error reporting (printing stack bounds), id 0xc0000005]

Native frames: (J=compiled Java code, j=interpreted, Vv=VM code, C=native code)


Current CompileTask:
C2:   2240 1231       4       com.android.dx.ssa.back.LivenessAnalyzer::run (231 bytes)


---------------  P R O C E S S  ---------------

Java Threads: ( => current thread )
  0x00000000565de000 JavaThread "pool-2-thread-4" [_thread_in_Java, id=9428, stack(0x0000000055d00000,0x0000000055e00000)]
  0x00000000565d8000 JavaThread "pool-2-thread-3" [_thread_blocked, id=6104, stack(0x0000000056740000,0x0000000056840000)]
  0x000000005653c000 JavaThread "pool-2-thread-2" [_thread_in_Java, id=10672, stack(0x0000000057590000,0x0000000057690000)]
  0x00000000564e1800 JavaThread "pool-3-thread-1" [_thread_blocked, id=2212, stack(0x00000000573d0000,0x00000000574d0000)]
  0x00000000564d9800 JavaThread "pool-2-thread-1" [_thread_blocked, id=448, stack(0x00000000571a0000,0x00000000572a0000)]
  0x000000005632f800 JavaThread "Service Thread" daemon [_thread_blocked, id=1232, stack(0x00000000560e0000,0x00000000561e0000)]
  0x0000000056324000 JavaThread "C1 CompilerThread2" daemon [_thread_blocked, id=10980, stack(0x0000000056e90000,0x0000000056f90000)]
  0x0000000056323000 JavaThread "C2 CompilerThread1" daemon [_thread_in_native, id=11248, stack(0x0000000056c90000,0x0000000056d90000)]
=>0x000000005631e800 JavaThread "C2 CompilerThread0" daemon [_thread_in_native, id=5488, stack(0x0000000056b50000,0x0000000056c50000)]
  0x0000000054cfc000 JavaThread "Attach Listener" daemon [_thread_blocked, id=9524, stack(0x00000000569a0000,0x0000000056aa0000)]
  0x0000000054d0f000 JavaThread "Signal Dispatcher" daemon [_thread_blocked, id=11016, stack(0x0000000056850000,0x0000000056950000)]
  0x0000000054ca1800 JavaThread "Finalizer" daemon [_thread_blocked, id=9764, stack(0x0000000056210000,0x0000000056310000)]
  0x0000000054ca0000 JavaThread "Reference Handler" daemon [_thread_blocked, id=10284, stack(0x0000000055fa0000,0x00000000560a0000)]
  0x00000000020de800 JavaThread "main" [_thread_in_Java, id=7824, stack(0x0000000002280000,0x0000000002380000)]

Other Threads:
  0x0000000054c9a800 VMThread [stack: 0x0000000055e00000,0x0000000055f00000] [id=7848]
  0x000000005639a000 WatcherThread [stack: 0x0000000057050000,0x0000000057150000] [id=6488]

VM state:not at safepoint (normal execution)

VM Mutex/Monitor currently owned by a thread: None

Heap:
 PSYoungGen      total 38400K, used 20335K [0x00000000eab00000, 0x00000000ef600000, 0x0000000100000000)
  eden space 33280K, 45% used [0x00000000eab00000,0x00000000eb9e3348,0x00000000ecb80000)
  from space 5120K, 99% used [0x00000000ecb80000,0x00000000ed078ac8,0x00000000ed080000)
  to   space 5120K, 0% used [0x00000000ef100000,0x00000000ef100000,0x00000000ef600000)
 ParOldGen       total 87552K, used 1497K [0x00000000c0000000, 0x00000000c5580000, 0x00000000eab00000)
  object space 87552K, 1% used [0x00000000c0000000,0x00000000c0176470,0x00000000c5580000)
 Metaspace       used 6083K, capacity 6936K, committed 7168K, reserved 1056768K
  class space    used 620K, capacity 656K, committed 768K, reserved 1048576K

Card table byte_map: [0x0000000011740000,0x0000000011950000] byte_map_base: 0x0000000011140000

Marking Bits: (ParMarkBitMap*) 0x0000000060f3a5b0
 Begin Bits: [0x0000000012110000, 0x0000000013110000)
 End Bits:   [0x0000000013110000, 0x0000000014110000)

Polling page: 0x00000000001a0000

CodeCache: size=245760Kb used=4784Kb max_used=4798Kb free=240975Kb
 bounds [0x0000000002380000, 0x0000000002840000, 0x0000000011380000]
 total_blobs=1488 nmethods=1217 adapters=184
 compilation: enabled

Compilation events (10 events):
Event: 2.086 Thread 0x0000000056324000 1222       3       com.android.dx.rop.code.Insn::contentEquals (84 bytes)
Event: 2.086 Thread 0x0000000056324000 nmethod 1222 0x000000000281ae90 code [0x000000000281b080, 0x000000000281bc98]
Event: 2.086 Thread 0x0000000056324000 1211       3       com.android.dx.ssa.SsaMethod::getGoto (26 bytes)
Event: 2.087 Thread 0x0000000056324000 nmethod 1211 0x000000000282f050 code [0x000000000282f200, 0x000000000282f758]
Event: 2.087 Thread 0x0000000056324000 1219       3       com.android.dx.rop.code.RegisterSpec::withType (13 bytes)
Event: 2.087 Thread 0x0000000056324000 nmethod 1219 0x000000000281a9d0 code [0x000000000281ab40, 0x000000000281ad28]
Event: 2.087 Thread 0x0000000056324000 1217       3       com.android.dx.rop.cst.CstKnownNull::equals (5 bytes)
Event: 2.087 Thread 0x0000000056324000 nmethod 1217 0x000000000281f810 code [0x000000000281f960, 0x000000000281fb90]
Event: 2.120 Thread 0x000000005631e800 nmethod 1207 0x0000000002833010 code [0x00000000028331c0, 0x0000000002833bd8]
Event: 2.120 Thread 0x000000005631e800 1231       4       com.android.dx.ssa.back.LivenessAnalyzer::run (231 bytes)

GC Heap History (2 events):
Event: 1.826 GC heap before
{Heap before GC invocations=1 (full 0):
 PSYoungGen      total 38400K, used 33280K [0x00000000eab00000, 0x00000000ed580000, 0x0000000100000000)
  eden space 33280K, 100% used [0x00000000eab00000,0x00000000ecb80000,0x00000000ecb80000)
  from space 5120K, 0% used [0x00000000ed080000,0x00000000ed080000,0x00000000ed580000)
  to   space 5120K, 0% used [0x00000000ecb80000,0x00000000ecb80000,0x00000000ed080000)
 ParOldGen       total 87552K, used 0K [0x00000000c0000000, 0x00000000c5580000, 0x00000000eab00000)
  object space 87552K, 0% used [0x00000000c0000000,0x00000000c0000000,0x00000000c5580000)
 Metaspace       used 5968K, capacity 6902K, committed 7040K, reserved 1056768K
  class space    used 600K, capacity 622K, committed 640K, reserved 1048576K
Event: 2.078 GC heap after
Heap after GC invocations=1 (full 0):
 PSYoungGen      total 38400K, used 5090K [0x00000000eab00000, 0x00000000ef600000, 0x0000000100000000)
  eden space 33280K, 0% used [0x00000000eab00000,0x00000000eab00000,0x00000000ecb80000)
  from space 5120K, 99% used [0x00000000ecb80000,0x00000000ed078ac8,0x00000000ed080000)
  to   space 5120K, 0% used [0x00000000ef100000,0x00000000ef100000,0x00000000ef600000)
 ParOldGen       total 87552K, used 1497K [0x00000000c0000000, 0x00000000c5580000, 0x00000000eab00000)
  object space 87552K, 1% used [0x00000000c0000000,0x00000000c0176470,0x00000000c5580000)
 Metaspace       used 5968K, capacity 6902K, committed 7040K, reserved 1056768K
  class space    used 600K, capacity 622K, committed 640K, reserved 1048576K
}

Deoptimization events (10 events):
Event: 1.278 Thread 0x00000000565de000 Uncommon trap: reason=null_check action=make_not_entrant pc=0x00000000025db34c method=com.android.dx.ssa.SsaRenamer.getLocalForNewReg(I)Lcom/android/dx/rop/code/LocalItem; @ 19
Event: 1.472 Thread 0x00000000020de800 Uncommon trap: reason=bimorphic action=maybe_recompile pc=0x00000000025c9d24 method=java.util.HashMap.getNode(ILjava/lang/Object;)Ljava/util/HashMap$Node; @ 126
Event: 1.687 Thread 0x00000000564d9800 Uncommon trap: reason=unstable_if action=reinterpret pc=0x00000000027749ac method=com.android.dx.util.IntList.binarysearch(I)I @ 105
Event: 1.687 Thread 0x00000000564d9800 Uncommon trap: reason=null_check action=make_not_entrant pc=0x000000000278e5d8 method=com.android.dx.rop.type.Type.equals(Ljava/lang/Object;)Z @ 8
Event: 2.081 Thread 0x00000000564d9800 Uncommon trap: reason=unstable_if action=reinterpret pc=0x0000000002717644 method=com.android.dx.rop.cst.Constant.compareTo(Lcom/android/dx/rop/cst/Constant;)I @ 12
Event: 2.082 Thread 0x00000000564d9800 Uncommon trap: reason=bimorphic action=maybe_recompile pc=0x00000000025c9d24 method=java.util.HashMap.getNode(ILjava/lang/Object;)Ljava/util/HashMap$Node; @ 126
Event: 2.082 Thread 0x00000000564d9800 Uncommon trap: reason=bimorphic action=maybe_recompile pc=0x00000000025c9d24 method=java.util.HashMap.getNode(ILjava/lang/Object;)Ljava/util/HashMap$Node; @ 126
Event: 2.132 Thread 0x000000005653c000 Uncommon trap: reason=bimorphic action=maybe_recompile pc=0x00000000025c9d24 method=java.util.HashMap.getNode(ILjava/lang/Object;)Ljava/util/HashMap$Node; @ 126
Event: 2.153 Thread 0x000000005653c000 Uncommon trap: reason=bimorphic action=maybe_recompile pc=0x00000000025df1d4 method=java.util.HashMap.getNode(ILjava/lang/Object;)Ljava/util/HashMap$Node; @ 126
Event: 2.153 Thread 0x000000005653c000 Uncommon trap: reason=unstable_if action=reinterpret pc=0x00000000027049a4 method=java.util.HashMap.putVal(ILjava/lang/Object;Ljava/lang/Object;ZZ)Ljava/lang/Object; @ 162

Internal exceptions (7 events):
Event: 0.052 Thread 0x00000000020de800 Exception <a 'java/lang/NoSuchMethodError': Method sun.misc.Unsafe.defineClass(Ljava/lang/String;[BII)Ljava/lang/Class; name or signature does not match> (0x00000000eab130a0) thrown at [C:\workspace\8-2-build-windows-amd64-cygwin\jdk8u65\4987\hotspot\src\s³9§ô†ª?
Event: 0.052 Thread 0x00000000020de800 Exception <a 'java/lang/NoSuchMethodError': Method sun.misc.Unsafe.prefetchRead(Ljava/lang/Object;J)V name or signature does not match> (0x00000000eab13388) thrown at [C:\workspace\8-2-build-windows-amd64-cygwin\jdk8u65\4987\hotspot\src\share\vm\prims\jni.þ½N<sô?
Event: 1.278 Thread 0x00000000565de000 Implicit null exception at 0x00000000025d9cde to 0x00000000025db32d
Event: 1.687 Thread 0x00000000564d9800 Implicit null exception at 0x000000000278e4d2 to 0x000000000278e5ca
Event: 2.155 Thread 0x000000005653c000 Exception <a 'java/lang/ArrayIndexOutOfBoundsException': 18> (0x00000000eb35ff28) thrown at [C:\workspace\8-2-build-windows-amd64-cygwin\jdk8u65\4987\hotspot\src\share\vm\interpreter\interpreterRuntime.cpp, line 366]
Event: 2.155 Thread 0x000000005653c000 Exception <a 'java/lang/ArrayIndexOutOfBoundsException': 145> (0x00000000eb361aa8) thrown at [C:\workspace\8-2-build-windows-amd64-cygwin\jdk8u65\4987\hotspot\src\share\vm\interpreter\interpreterRuntime.cpp, line 366]
Event: 2.156 Thread 0x000000005653c000 Exception <a 'java/lang/ArrayIndexOutOfBoundsException': 40> (0x00000000eb362d90) thrown at [C:\workspace\8-2-build-windows-amd64-cygwin\jdk8u65\4987\hotspot\src\share\vm\interpreter\interpreterRuntime.cpp, line 366]

Events (10 events):
Event: 2.156 loading class java/lang/reflect/TypeVariable done
Event: 2.156 loading class sun/reflect/generics/reflectiveObjects/TypeVariableImpl
Event: 2.156 loading class sun/reflect/generics/reflectiveObjects/LazyReflectiveObjectGenerator
Event: 2.156 loading class sun/reflect/generics/reflectiveObjects/LazyReflectiveObjectGenerator done
Event: 2.156 loading class sun/reflect/generics/reflectiveObjects/TypeVariableImpl done
Event: 2.176 Thread 0x000000005653c000 DEOPT PACKING pc=0x00000000025e462f sp=0x000000005768ec90
Event: 2.176 Thread 0x000000005653c000 DEOPT UNPACKING pc=0x00000000023c787f sp=0x000000005768ea80 mode 0
Event: 2.202 Thread 0x00000000565d8000 DEOPT PACKING pc=0x00000000025e4445 sp=0x000000005683e7c0
Event: 2.202 Thread 0x00000000565d8000 DEOPT UNPACKING pc=0x00000000023c787f sp=0x000000005683e5a0 mode 0
Event: 2.238 Thread 0x000000005653c000 DEOPT PACKING pc=0x00000000025e4445 sp=0x000000005768eb50


Dynamic libraries:
0x000000013f970000 - 0x000000013f9a7000 	C:\Program Files\Java\jdk1.8.0_65\bin\java.exe
0x0000000077c30000 - 0x0000000077dd8000 	C:\Windows\SYSTEM32\ntdll.dll
0x0000000077b10000 - 0x0000000077c2f000 	C:\Windows\system32\kernel32.dll
0x000007fefdd90000 - 0x000007fefddfc000 	C:\Windows\system32\KERNELBASE.dll
0x000007feff9a0000 - 0x000007feffa7b000 	C:\Windows\system32\ADVAPI32.dll
0x000007feffe90000 - 0x000007fefff2f000 	C:\Windows\system32\msvcrt.dll
0x000007feffbb0000 - 0x000007feffbcf000 	C:\Windows\SYSTEM32\sechost.dll
0x000007feffa80000 - 0x000007feffbad000 	C:\Windows\system32\RPCRT4.dll
0x0000000077a10000 - 0x0000000077b0a000 	C:\Windows\system32\USER32.dll
0x000007feff380000 - 0x000007feff3e7000 	C:\Windows\system32\GDI32.dll
0x000007fefdf40000 - 0x000007fefdf4e000 	C:\Windows\system32\LPK.dll
0x000007feff1a0000 - 0x000007feff269000 	C:\Windows\system32\USP10.dll
0x000007fefb8d0000 - 0x000007fefbac4000 	C:\Windows\WinSxS\amd64_microsoft.windows.common-controls_6595b64144ccf1df_6.0.7601.18807_none_fa381d5f175bfb52\COMCTL32.dll
0x000007feffc00000 - 0x000007feffc71000 	C:\Windows\system32\SHLWAPI.dll
0x000007feffbd0000 - 0x000007feffbfe000 	C:\Windows\system32\IMM32.DLL
0x000007feff270000 - 0x000007feff379000 	C:\Windows\system32\MSCTF.dll
0x000007fefdaf0000 - 0x000007fefdb21000 	C:\Windows\system32\nvinitx.dll
0x000007fefdae0000 - 0x000007fefdaec000 	C:\Windows\system32\VERSION.dll
0x0000000062b00000 - 0x0000000062bd2000 	C:\Program Files\Java\jdk1.8.0_65\jre\bin\msvcr100.dll
0x0000000060730000 - 0x0000000060fb9000 	C:\Program Files\Java\jdk1.8.0_65\jre\bin\server\jvm.dll
0x000007feedb80000 - 0x000007feedb89000 	C:\Windows\system32\WSOCK32.dll
0x000007fefed80000 - 0x000007fefedcd000 	C:\Windows\system32\WS2_32.dll
0x000007fefff30000 - 0x000007fefff38000 	C:\Windows\system32\NSI.dll
0x000007fefb4c0000 - 0x000007fefb4fb000 	C:\Windows\system32\WINMM.dll
0x0000000077e00000 - 0x0000000077e07000 	C:\Windows\system32\PSAPI.DLL
0x0000000060720000 - 0x000000006072f000 	C:\Program Files\Java\jdk1.8.0_65\jre\bin\verify.dll
0x00000000606f0000 - 0x0000000060719000 	C:\Program Files\Java\jdk1.8.0_65\jre\bin\java.dll
0x00000000606d0000 - 0x00000000606e6000 	C:\Program Files\Java\jdk1.8.0_65\jre\bin\zip.dll
0x000007fefdff0000 - 0x000007fefed78000 	C:\Windows\system32\SHELL32.dll
0x000007feffc80000 - 0x000007feffe83000 	C:\Windows\system32\ole32.dll
0x000007fefdb30000 - 0x000007fefdb3f000 	C:\Windows\system32\profapi.dll

VM Arguments:
jvm_args: -Djava.awt.headless=true -Xmx1024M -Dfile.encoding=GBK -Duser.country=CN -Duser.language=zh -Duser.variant 
java_command: com.android.dx.command.Main --dex --force-jumbo --num-threads=4 --multi-dex --output E:\AndroidStudioProjects\GankIO\app\build\intermediates\transforms\dex\debug\folders\1000\10\okhttp-3.4.1_a3a718343956c6e4d917a53a4fdd4a4dc134cda5 C:\Users\Administrator\.gradle\caches\modules-2\files-2.1\com.squareup.okhttp3\okhttp\3.4.1\c7c4f9e35c2fd5900da24f9872e3971801f08ce0\okhttp-3.4.1.jar
java_class_path (initial): E:\Users\Administrator\AppData\Local\Android\sdk\build-tools\23.0.3\lib\dx.jar
Launcher Type: SUN_STANDARD

Environment Variables:
JAVA_HOME=C:\Program Files\Java\jdk1.8.0_65
CLASSPATH=.;C:\Program Files\Java\jdk1.8.0_65\lib
PATH=C:\ProgramData\Oracle\Java\javapath;E:\Users\Administrator\AppData\Local\Android\sdk\platform-tools;C:\Program Files\Java\jdk1.8.0_65\bin;C:\Windows\system32;C:\Windows;C:\Windows\System32\Wbem;C:\Windows\System32\WindowsPowerShell\v1.0\
USERNAME=Administrator
OS=Windows_NT
PROCESSOR_IDENTIFIER=Intel64 Family 6 Model 60 Stepping 3, GenuineIntel



---------------  S Y S T E M  ---------------

OS: Windows 7 , 64 bit Build 7601 (6.1.7601.18798)

CPU:total 4 (2 cores per cpu, 2 threads per core) family 6 model 60 stepping 3, cmov, cx8, fxsr, mmx, sse, sse2, sse3, ssse3, sse4.1, sse4.2, popcnt, avx, avx2, aes, clmul, erms, lzcnt, ht, tsc, tscinvbit, bmi1, bmi2

Memory: 4k page, physical 8313136k(947256k free), swap 12505184k(5144k free)

vm_info: Java HotSpot(TM) 64-Bit Server VM (25.65-b01) for windows-amd64 JRE (1.8.0_65-b17), built on Oct  6 2015 16:39:20 by "java_re" with MS VC++ 10.0 (VS2010)

time: Tue Oct 11 17:21:09 2016
elapsed time: 2 seconds (0d 0h 0m 2s)

