#
# There is insufficient memory for the Java Runtime Environment to continue.
# Native memory allocation (malloc) failed to allocate 728080 bytes for Chunk::new
# Possible reasons:
#   The system is out of physical RAM or swap space
#   In 32 bit mode, the process size limit was hit
# Possible solutions:
#   Reduce memory load on the system
#   Increase physical memory or swap space
#   Check if swap backing store is full
#   Use 64 bit Java on a 64 bit OS
#   Decrease Java heap size (-Xmx/-Xms)
#   Decrease number of Java threads
#   Decrease Java thread stack sizes (-Xss)
#   Set larger code cache with -XX:ReservedCodeCacheSize=
# This output file may be truncated or incomplete.
#
#  Out of Memory Error (allocation.cpp:390), pid=14128, tid=12296
#
# JRE version: Java(TM) SE Runtime Environment (8.0_65-b17) (build 1.8.0_65-b17)
# Java VM: Java HotSpot(TM) 64-Bit Server VM (25.65-b01 mixed mode windows-amd64 compressed oops)
# Failed to write core dump. Minidumps are not enabled by default on client versions of Windows
#

---------------  T H R E A D  ---------------

Current thread (0x00000000562cf000):  JavaThread "C2 CompilerThread0" daemon [_thread_in_native, id=12296, stack(0x0000000056990000,0x0000000056a90000)]

Stack: [0x0000000056990000,0x0000000056a90000]
[error occurred during error reporting (printing stack bounds), id 0xc0000005]

Native frames: (J=compiled Java code, j=interpreted, Vv=VM code, C=native code)


Current CompileTask:
C2:   3018 1247       4       com.android.dx.ssa.SCCP::simulateStmt (481 bytes)


---------------  P R O C E S S  ---------------

Java Threads: ( => current thread )
  0x000000005657a000 JavaThread "pool-2-thread-4" [_thread_blocked, id=13056, stack(0x0000000057e20000,0x0000000057f20000)]
  0x0000000056577000 JavaThread "pool-2-thread-3" [_thread_in_Java, id=13516, stack(0x0000000057bc0000,0x0000000057cc0000)]
  0x0000000056574800 JavaThread "pool-2-thread-2" [_thread_blocked, id=13780, stack(0x0000000057a50000,0x0000000057b50000)]
  0x0000000056572800 JavaThread "pool-3-thread-1" [_thread_blocked, id=13468, stack(0x0000000056870000,0x0000000056970000)]
  0x00000000565f0000 JavaThread "pool-2-thread-1" [_thread_blocked, id=4276, stack(0x00000000578a0000,0x00000000579a0000)]
  0x00000000562e0000 JavaThread "Service Thread" daemon [_thread_blocked, id=7744, stack(0x0000000056cf0000,0x0000000056df0000)]
  0x00000000562d4000 JavaThread "C1 CompilerThread2" daemon [_thread_blocked, id=12424, stack(0x0000000056b90000,0x0000000056c90000)]
  0x00000000562d3000 JavaThread "C2 CompilerThread1" daemon [_thread_in_native, id=13748, stack(0x0000000055cd0000,0x0000000055dd0000)]
=>0x00000000562cf000 JavaThread "C2 CompilerThread0" daemon [_thread_in_native, id=12296, stack(0x0000000056990000,0x0000000056a90000)]
  0x0000000054d8c000 JavaThread "Attach Listener" daemon [_thread_blocked, id=6480, stack(0x00000000560a0000,0x00000000561a0000)]
  0x0000000054d9f000 JavaThread "Signal Dispatcher" daemon [_thread_blocked, id=3268, stack(0x0000000056770000,0x0000000056870000)]
  0x0000000054d37000 JavaThread "Finalizer" daemon [_thread_blocked, id=6756, stack(0x00000000561c0000,0x00000000562c0000)]
  0x0000000054d30000 JavaThread "Reference Handler" daemon [_thread_blocked, id=12264, stack(0x0000000055f90000,0x0000000056090000)]
  0x00000000020de800 JavaThread "main" [_thread_blocked, id=14132, stack(0x0000000002440000,0x0000000002540000)]

Other Threads:
  0x0000000054d2a800 VMThread [stack: 0x0000000055e00000,0x0000000055f00000] [id=13644]
  0x000000005637a800 WatcherThread [stack: 0x0000000056ed0000,0x0000000056fd0000] [id=3552]

VM state:not at safepoint (normal execution)

VM Mutex/Monitor currently owned by a thread: None

Heap:
 PSYoungGen      total 38400K, used 16492K [0x00000000eab00000, 0x00000000ef600000, 0x0000000100000000)
  eden space 33280K, 34% used [0x00000000eab00000,0x00000000eb63ba88,0x00000000ecb80000)
  from space 5120K, 97% used [0x00000000ecb80000,0x00000000ed05f5e0,0x00000000ed080000)
  to   space 5120K, 0% used [0x00000000ef100000,0x00000000ef100000,0x00000000ef600000)
 ParOldGen       total 87552K, used 0K [0x00000000c0000000, 0x00000000c5580000, 0x00000000eab00000)
  object space 87552K, 0% used [0x00000000c0000000,0x00000000c0000000,0x00000000c5580000)
 Metaspace       used 6065K, capacity 6964K, committed 7040K, reserved 1056768K
  class space    used 605K, capacity 620K, committed 640K, reserved 1048576K

Card table byte_map: [0x0000000011900000,0x0000000011b10000] byte_map_base: 0x0000000011300000

Marking Bits: (ParMarkBitMap*) 0x000000005ab3a5b0
 Begin Bits: [0x00000000121a0000, 0x00000000131a0000)
 End Bits:   [0x00000000131a0000, 0x00000000141a0000)

Polling page: 0x00000000001a0000

CodeCache: size=245760Kb used=5193Kb max_used=5193Kb free=240566Kb
 bounds [0x0000000002540000, 0x0000000002a60000, 0x0000000011540000]
 total_blobs=1547 nmethods=1276 adapters=184
 compilation: enabled

Compilation events (10 events):
Event: 3.012 Thread 0x00000000562d4000 1279       3       com.android.dx.dex.code.RopTranslator::outputInstructions (69 bytes)
Event: 3.013 Thread 0x00000000562d4000 nmethod 1279 0x0000000002a273d0 code [0x0000000002a27560, 0x0000000002a279b8]
Event: 3.013 Thread 0x00000000562d4000 1270   !   3       com.android.dx.cf.attrib.BaseLocalVariables::<init> (42 bytes)
Event: 3.013 Thread 0x00000000562d4000 nmethod 1270 0x0000000002a2ead0 code [0x0000000002a2ec80, 0x0000000002a2f248]
Event: 3.013 Thread 0x00000000562d4000 1271       3       com.android.dx.cf.direct.MethodListParser::set (30 bytes)
Event: 3.014 Thread 0x00000000562d4000 nmethod 1271 0x0000000002a55150 code [0x0000000002a55340, 0x0000000002a55d58]
Event: 3.014 Thread 0x00000000562d4000 1280  s    3       com.android.dx.dex.file.FieldIdsSection::intern (55 bytes)
Event: 3.015 Thread 0x00000000562d4000 nmethod 1280 0x0000000002a56590 code [0x0000000002a567c0, 0x0000000002a574c8]
Event: 3.015 Thread 0x00000000562d4000 1272       1       java.lang.Integer::intValue (5 bytes)
Event: 3.015 Thread 0x00000000562d4000 nmethod 1272 0x0000000002a27110 code [0x0000000002a27260, 0x0000000002a27370]

GC Heap History (2 events):
Event: 2.070 GC heap before
{Heap before GC invocations=1 (full 0):
 PSYoungGen      total 38400K, used 33280K [0x00000000eab00000, 0x00000000ed580000, 0x0000000100000000)
  eden space 33280K, 100% used [0x00000000eab00000,0x00000000ecb80000,0x00000000ecb80000)
  from space 5120K, 0% used [0x00000000ed080000,0x00000000ed080000,0x00000000ed580000)
  to   space 5120K, 0% used [0x00000000ecb80000,0x00000000ecb80000,0x00000000ed080000)
 ParOldGen       total 87552K, used 0K [0x00000000c0000000, 0x00000000c5580000, 0x00000000eab00000)
  object space 87552K, 0% used [0x00000000c0000000,0x00000000c0000000,0x00000000c5580000)
 Metaspace       used 5932K, capacity 6836K, committed 7040K, reserved 1056768K
  class space    used 605K, capacity 620K, committed 640K, reserved 1048576K
Event: 2.403 GC heap after
Heap after GC invocations=1 (full 0):
 PSYoungGen      total 38400K, used 4989K [0x00000000eab00000, 0x00000000ef600000, 0x0000000100000000)
  eden space 33280K, 0% used [0x00000000eab00000,0x00000000eab00000,0x00000000ecb80000)
  from space 5120K, 97% used [0x00000000ecb80000,0x00000000ed05f5e0,0x00000000ed080000)
  to   space 5120K, 0% used [0x00000000ef100000,0x00000000ef100000,0x00000000ef600000)
 ParOldGen       total 87552K, used 0K [0x00000000c0000000, 0x00000000c5580000, 0x00000000eab00000)
  object space 87552K, 0% used [0x00000000c0000000,0x00000000c0000000,0x00000000c5580000)
 Metaspace       used 5932K, capacity 6836K, committed 7040K, reserved 1056768K
  class space    used 605K, capacity 620K, committed 640K, reserved 1048576K
}

Deoptimization events (6 events):
Event: 0.432 Thread 0x00000000020de800 Uncommon trap: reason=unstable_if action=reinterpret pc=0x0000000002690484 method=java.lang.String.compareTo(Ljava/lang/String;)I @ 38
Event: 1.453 Thread 0x00000000565f0000 Uncommon trap: reason=unstable_if action=reinterpret pc=0x0000000002748c30 method=java.util.HashMap.getNode(ILjava/lang/Object;)Ljava/util/HashMap$Node; @ 129
Event: 2.417 Thread 0x0000000056574800 Uncommon trap: reason=unstable_if action=reinterpret pc=0x00000000027460a0 method=java.util.BitSet.nextSetBit(I)I @ 87
Event: 2.912 Thread 0x0000000056574800 Uncommon trap: reason=class_check action=maybe_recompile pc=0x00000000028ef218 method=com.android.dx.rop.type.Type.equals(Ljava/lang/Object;)Z @ 8
Event: 2.912 Thread 0x0000000056574800 Uncommon trap: reason=null_check action=make_not_entrant pc=0x00000000028ef228 method=com.android.dx.rop.type.Type.equals(Ljava/lang/Object;)Z @ 8
Event: 2.923 Thread 0x0000000056574800 Uncommon trap: reason=unstable_if action=reinterpret pc=0x0000000002a09160 method=com.android.dx.util.LabeledList.set(ILcom/android/dx/util/LabeledItem;)V @ 16

Internal exceptions (3 events):
Event: 0.126 Thread 0x00000000020de800 Exception <a 'java/lang/NoSuchMethodError': Method sun.misc.Unsafe.defineClass(Ljava/lang/String;[BII)Ljava/lang/Class; name or signature does not match> (0x00000000eab130a0) thrown at [C:\workspace\8-2-build-windows-amd64-cygwin\jdk8u65\4987\hotspot\src\sDßJJÂÀ?
Event: 0.126 Thread 0x00000000020de800 Exception <a 'java/lang/NoSuchMethodError': Method sun.misc.Unsafe.prefetchRead(Ljava/lang/Object;J)V name or signature does not match> (0x00000000eab13388) thrown at [C:\workspace\8-2-build-windows-amd64-cygwin\jdk8u65\4987\hotspot\src\share\vm\prims\jni.CsŒ»K@
Event: 2.912 Thread 0x0000000056574800 Implicit null exception at 0x00000000028ef112 to 0x00000000028ef219

Events (10 events):
Event: 2.417 Thread 0x0000000056574800 DEOPT UNPACKING pc=0x000000000258582a sp=0x0000000057b4ea38 mode 2
Event: 2.912 Thread 0x0000000056574800 Uncommon trap: trap_request=0xffffffde fr.pc=0x00000000028ef218
Event: 2.912 Thread 0x0000000056574800 DEOPT PACKING pc=0x00000000028ef218 sp=0x0000000057b4e620
Event: 2.912 Thread 0x0000000056574800 DEOPT UNPACKING pc=0x000000000258582a sp=0x0000000057b4e5b8 mode 2
Event: 2.912 Thread 0x0000000056574800 Uncommon trap: trap_request=0xfffffff4 fr.pc=0x00000000028ef228
Event: 2.912 Thread 0x0000000056574800 DEOPT PACKING pc=0x00000000028ef228 sp=0x0000000057b4e5d0
Event: 2.912 Thread 0x0000000056574800 DEOPT UNPACKING pc=0x000000000258582a sp=0x0000000057b4e568 mode 2
Event: 2.923 Thread 0x0000000056574800 Uncommon trap: trap_request=0xffffff65 fr.pc=0x0000000002a09160
Event: 2.923 Thread 0x0000000056574800 DEOPT PACKING pc=0x0000000002a09160 sp=0x0000000057b4e880
Event: 2.923 Thread 0x0000000056574800 DEOPT UNPACKING pc=0x000000000258582a sp=0x0000000057b4e868 mode 2


Dynamic libraries:
0x000000013fb80000 - 0x000000013fbb7000 	C:\Program Files\Java\jdk1.8.0_65\bin\java.exe
0x0000000076db0000 - 0x0000000076f58000 	C:\Windows\SYSTEM32\ntdll.dll
0x0000000076b90000 - 0x0000000076caf000 	C:\Windows\system32\kernel32.dll
0x000007fefcf50000 - 0x000007fefcfbc000 	C:\Windows\system32\KERNELBASE.dll
0x000007fefd860000 - 0x000007fefd93b000 	C:\Windows\system32\ADVAPI32.dll
0x000007fefd250000 - 0x000007fefd2ef000 	C:\Windows\system32\msvcrt.dll
0x000007fefd440000 - 0x000007fefd45f000 	C:\Windows\SYSTEM32\sechost.dll
0x000007fefd2f0000 - 0x000007fefd41d000 	C:\Windows\system32\RPCRT4.dll
0x0000000076cb0000 - 0x0000000076daa000 	C:\Windows\system32\USER32.dll
0x000007fefdec0000 - 0x000007fefdf27000 	C:\Windows\system32\GDI32.dll
0x000007feff0b0000 - 0x000007feff0be000 	C:\Windows\system32\LPK.dll
0x000007fefd710000 - 0x000007fefd7d9000 	C:\Windows\system32\USP10.dll
0x000007fefa9c0000 - 0x000007fefabb4000 	C:\Windows\WinSxS\amd64_microsoft.windows.common-controls_6595b64144ccf1df_6.0.7601.18807_none_fa381d5f175bfb52\COMCTL32.dll
0x000007fefd7e0000 - 0x000007fefd851000 	C:\Windows\system32\SHLWAPI.dll
0x000007fefd460000 - 0x000007fefd48e000 	C:\Windows\system32\IMM32.DLL
0x000007fefd940000 - 0x000007fefda49000 	C:\Windows\system32\MSCTF.dll
0x000007fefcc70000 - 0x000007fefcca1000 	C:\Windows\system32\nvinitx.dll
0x000007fefcc60000 - 0x000007fefcc6c000 	C:\Windows\system32\VERSION.dll
0x000000005bb10000 - 0x000000005bbe2000 	C:\Program Files\Java\jdk1.8.0_65\jre\bin\msvcr100.dll
0x000000005a330000 - 0x000000005abb9000 	C:\Program Files\Java\jdk1.8.0_65\jre\bin\server\jvm.dll
0x000007feec300000 - 0x000007feec309000 	C:\Windows\system32\WSOCK32.dll
0x000007fefd540000 - 0x000007fefd58d000 	C:\Windows\system32\WS2_32.dll
0x000007fefd490000 - 0x000007fefd498000 	C:\Windows\system32\NSI.dll
0x000007fefa3d0000 - 0x000007fefa40b000 	C:\Windows\system32\WINMM.dll
0x0000000076f80000 - 0x0000000076f87000 	C:\Windows\system32\PSAPI.DLL
0x000000005c280000 - 0x000000005c28f000 	C:\Program Files\Java\jdk1.8.0_65\jre\bin\verify.dll
0x000000005c200000 - 0x000000005c229000 	C:\Program Files\Java\jdk1.8.0_65\jre\bin\java.dll
0x000000005c1e0000 - 0x000000005c1f6000 	C:\Program Files\Java\jdk1.8.0_65\jre\bin\zip.dll
0x000007fefe140000 - 0x000007fefeec8000 	C:\Windows\system32\SHELL32.dll
0x000007fefdf30000 - 0x000007fefe133000 	C:\Windows\system32\ole32.dll
0x000007fefccb0000 - 0x000007fefccbf000 	C:\Windows\system32\profapi.dll

VM Arguments:
jvm_args: -Djava.awt.headless=true -Xmx1024M -Dfile.encoding=GBK -Duser.country=CN -Duser.language=zh -Duser.variant 
java_command: com.android.dx.command.Main --dex --force-jumbo --num-threads=4 --multi-dex --output E:\AndroidStudioProjects\GankIO\app\build\intermediates\transforms\dex\debug\folders\1000\10\com.android.support-support-v4-24.1.1_5c151faa8eb0f651a5fcf8e78441dc2ab3d0cb59 E:\AndroidStudioProjects\GankIO\app\build\intermediates\exploded-aar\com.android.support\support-v4\24.1.1\jars\classes.jar
java_class_path (initial): E:\Users\Administrator\AppData\Local\Android\sdk\build-tools\23.0.3\lib\dx.jar
Launcher Type: SUN_STANDARD

Environment Variables:
JAVA_HOME=C:\Program Files\Java\jdk1.8.0_65
CLASSPATH=.;C:\Program Files\Java\jdk1.8.0_65\lib
PATH=C:\ProgramData\Oracle\Java\javapath;E:\Users\Administrator\AppData\Local\Android\sdk\platform-tools;C:\Program Files\Java\jdk1.8.0_65\bin;C:\Windows\system32;C:\Windows;C:\Windows\System32\Wbem;C:\Windows\System32\WindowsPowerShell\v1.0\;C:\Program Files\nodejs\;C:\Users\Administrator\AppData\Roaming\npm;C:\Users\Administrator\AppData\Local\atom\bin
USERNAME=Administrator
OS=Windows_NT
PROCESSOR_IDENTIFIER=Intel64 Family 6 Model 60 Stepping 3, GenuineIntel



---------------  S Y S T E M  ---------------

OS: Windows 7 , 64 bit Build 7601 (6.1.7601.18798)

CPU:total 4 (2 cores per cpu, 2 threads per core) family 6 model 60 stepping 3, cmov, cx8, fxsr, mmx, sse, sse2, sse3, ssse3, sse4.1, sse4.2, popcnt, avx, avx2, aes, clmul, erms, lzcnt, ht, tsc, tscinvbit, bmi1, bmi2

Memory: 4k page, physical 8313136k(518196k free), swap 12504876k(5432k free)

vm_info: Java HotSpot(TM) 64-Bit Server VM (25.65-b01) for windows-amd64 JRE (1.8.0_65-b17), built on Oct  6 2015 16:39:20 by "java_re" with MS VC++ 10.0 (VS2010)

time: Sat Dec 03 17:56:54 2016
elapsed time: 3 seconds (0d 0h 0m 3s)

