#
# There is insufficient memory for the Java Runtime Environment to continue.
# Native memory allocation (malloc) failed to allocate 613936 bytes for Chunk::new
# Possible reasons:
#   The system is out of physical RAM or swap space
#   In 32 bit mode, the process size limit was hit
# Possible solutions:
#   Reduce memory load on the system
#   Increase physical memory or swap space
#   Check if swap backing store is full
#   Use 64 bit Java on a 64 bit OS
#   Decrease Java heap size (-Xmx/-Xms)
#   Decrease number of Java threads
#   Decrease Java thread stack sizes (-Xss)
#   Set larger code cache with -XX:ReservedCodeCacheSize=
# This output file may be truncated or incomplete.
#
#  Out of Memory Error (allocation.cpp:390), pid=14204, tid=13304
#
# JRE version: Java(TM) SE Runtime Environment (8.0_65-b17) (build 1.8.0_65-b17)
# Java VM: Java HotSpot(TM) 64-Bit Server VM (25.65-b01 mixed mode windows-amd64 compressed oops)
# Failed to write core dump. Minidumps are not enabled by default on client versions of Windows
#

---------------  T H R E A D  ---------------

Current thread (0x00000000560a6000):  JavaThread "C2 CompilerThread1" daemon [_thread_in_native, id=13304, stack(0x0000000056ab0000,0x0000000056bb0000)]

Stack: [0x0000000056ab0000,0x0000000056bb0000]
[error occurred during error reporting (printing stack bounds), id 0xc0000005]

Native frames: (J=compiled Java code, j=interpreted, Vv=VM code, C=native code)


Current CompileTask:
C2:   3384 1228   !   4       com.android.dx.cf.code.RopperMachine::run (1550 bytes)


---------------  P R O C E S S  ---------------

Java Threads: ( => current thread )
  0x00000000562b3000 JavaThread "pool-2-thread-4" [_thread_in_Java, id=7760, stack(0x00000000576a0000,0x00000000577a0000)]
  0x00000000562b2000 JavaThread "pool-2-thread-3" [_thread_in_Java, id=13892, stack(0x0000000057160000,0x0000000057260000)]
  0x00000000562b1800 JavaThread "pool-2-thread-2" [_thread_blocked, id=14324, stack(0x0000000057460000,0x0000000057560000)]
  0x00000000562ac000 JavaThread "pool-3-thread-1" [_thread_blocked, id=11360, stack(0x0000000056be0000,0x0000000056ce0000)]
  0x0000000056358800 JavaThread "pool-2-thread-1" [_thread_blocked, id=13496, stack(0x0000000057260000,0x0000000057360000)]
  0x000000005611b800 JavaThread "Service Thread" daemon [_thread_blocked, id=4896, stack(0x0000000056eb0000,0x0000000056fb0000)]
  0x00000000560e3800 JavaThread "C1 CompilerThread2" daemon [_thread_in_vm, id=11108, stack(0x0000000056ce0000,0x0000000056de0000)]
=>0x00000000560a6000 JavaThread "C2 CompilerThread1" daemon [_thread_in_native, id=13304, stack(0x0000000056ab0000,0x0000000056bb0000)]
  0x0000000056099800 JavaThread "C2 CompilerThread0" daemon [_thread_in_native, id=13428, stack(0x00000000568e0000,0x00000000569e0000)]
  0x0000000056098800 JavaThread "Attach Listener" daemon [_thread_blocked, id=14188, stack(0x00000000566e0000,0x00000000567e0000)]
  0x0000000054cbf000 JavaThread "Signal Dispatcher" daemon [_thread_blocked, id=13244, stack(0x00000000565c0000,0x00000000566c0000)]
  0x0000000054c5a800 JavaThread "Finalizer" daemon [_thread_blocked, id=13712, stack(0x0000000055f90000,0x0000000056090000)]
  0x0000000054c53800 JavaThread "Reference Handler" daemon [_thread_blocked, id=12940, stack(0x0000000055e80000,0x0000000055f80000)]
  0x000000000036e800 JavaThread "main" [_thread_blocked, id=13524, stack(0x0000000002330000,0x0000000002430000)]

Other Threads:
  0x0000000054c4a800 VMThread [stack: 0x0000000055cb0000,0x0000000055db0000] [id=13900]
  0x000000005616c000 WatcherThread [stack: 0x0000000057020000,0x0000000057120000] [id=13888]

VM state:not at safepoint (normal execution)

VM Mutex/Monitor currently owned by a thread: None

Heap:
 PSYoungGen      total 38400K, used 16991K [0x00000000eab00000, 0x00000000ef600000, 0x0000000100000000)
  eden space 33280K, 35% used [0x00000000eab00000,0x00000000eb69b4c0,0x00000000ecb80000)
  from space 5120K, 99% used [0x00000000ecb80000,0x00000000ed07cad8,0x00000000ed080000)
  to   space 5120K, 0% used [0x00000000ef100000,0x00000000ef100000,0x00000000ef600000)
 ParOldGen       total 87552K, used 1446K [0x00000000c0000000, 0x00000000c5580000, 0x00000000eab00000)
  object space 87552K, 1% used [0x00000000c0000000,0x00000000c0169b58,0x00000000c5580000)
 Metaspace       used 6027K, capacity 6964K, committed 7040K, reserved 1056768K
  class space    used 602K, capacity 620K, committed 640K, reserved 1048576K

Card table byte_map: [0x00000000117f0000,0x0000000011a00000] byte_map_base: 0x00000000111f0000

Marking Bits: (ParMarkBitMap*) 0x0000000059daa5b0
 Begin Bits: [0x00000000120c0000, 0x00000000130c0000)
 End Bits:   [0x00000000130c0000, 0x00000000140c0000)

Polling page: 0x0000000000210000

CodeCache: size=245760Kb used=4832Kb max_used=4832Kb free=240927Kb
 bounds [0x0000000002430000, 0x00000000028f0000, 0x0000000011430000]
 total_blobs=1522 nmethods=1251 adapters=184
 compilation: enabled

Compilation events (10 events):
Event: 3.372 Thread 0x00000000560e3800 1252       3       com.android.dx.dex.code.RopTranslator::outputInstructions (69 bytes)
Event: 3.372 Thread 0x00000000560e3800 nmethod 1252 0x00000000028d1f10 code [0x00000000028d20a0, 0x00000000028d24f8]
Event: 3.372 Thread 0x00000000560e3800 1251       3       com.android.dx.dex.code.BlockAddresses::setupArrays (113 bytes)
Event: 3.373 Thread 0x00000000560e3800 nmethod 1251 0x00000000028e2f10 code [0x00000000028e31c0, 0x00000000028e4b98]
Event: 3.373 Thread 0x00000000560e3800 1248       3       com.android.dx.ssa.ConstCollector::updateConstUses (248 bytes)
Event: 3.375 Thread 0x00000000560e3800 nmethod 1248 0x00000000028e59d0 code [0x00000000028e5d40, 0x00000000028e7db8]
Event: 3.375 Thread 0x00000000560e3800 1246       3       com.android.dx.ssa.ConstCollector::run (236 bytes)
Event: 3.379 Thread 0x00000000560e3800 nmethod 1246 0x00000000028e9150 code [0x00000000028e9700, 0x00000000028ecc98]
Event: 3.379 Thread 0x00000000560e3800 1245       3       com.android.dx.ssa.ConstCollector::<init> (10 bytes)
Event: 3.379 Thread 0x00000000560e3800 nmethod 1245 0x00000000028cabd0 code [0x00000000028cad20, 0x00000000028caef0]

GC Heap History (2 events):
Event: 1.791 GC heap before
{Heap before GC invocations=1 (full 0):
 PSYoungGen      total 38400K, used 33280K [0x00000000eab00000, 0x00000000ed580000, 0x0000000100000000)
  eden space 33280K, 100% used [0x00000000eab00000,0x00000000ecb80000,0x00000000ecb80000)
  from space 5120K, 0% used [0x00000000ed080000,0x00000000ed080000,0x00000000ed580000)
  to   space 5120K, 0% used [0x00000000ecb80000,0x00000000ecb80000,0x00000000ed080000)
 ParOldGen       total 87552K, used 0K [0x00000000c0000000, 0x00000000c5580000, 0x00000000eab00000)
  object space 87552K, 0% used [0x00000000c0000000,0x00000000c0000000,0x00000000c5580000)
 Metaspace       used 5861K, capacity 6772K, committed 7040K, reserved 1056768K
  class space    used 602K, capacity 620K, committed 640K, reserved 1048576K
Event: 2.110 GC heap after
Heap after GC invocations=1 (full 0):
 PSYoungGen      total 38400K, used 5106K [0x00000000eab00000, 0x00000000ef600000, 0x0000000100000000)
  eden space 33280K, 0% used [0x00000000eab00000,0x00000000eab00000,0x00000000ecb80000)
  from space 5120K, 99% used [0x00000000ecb80000,0x00000000ed07cad8,0x00000000ed080000)
  to   space 5120K, 0% used [0x00000000ef100000,0x00000000ef100000,0x00000000ef600000)
 ParOldGen       total 87552K, used 1446K [0x00000000c0000000, 0x00000000c5580000, 0x00000000eab00000)
  object space 87552K, 1% used [0x00000000c0000000,0x00000000c0169b58,0x00000000c5580000)
 Metaspace       used 5861K, capacity 6772K, committed 7040K, reserved 1056768K
  class space    used 602K, capacity 620K, committed 640K, reserved 1048576K
}

Deoptimization events (10 events):
Event: 1.226 Thread 0x00000000562b1800 Uncommon trap: reason=unstable_if action=reinterpret pc=0x000000000262d0e4 method=java.util.BitSet.ensureCapacity(I)V @ 6
Event: 1.548 Thread 0x000000000036e800 Uncommon trap: reason=null_check action=make_not_entrant pc=0x0000000002729d70 method=com.android.dx.ssa.SsaRenamer.getLocalForNewReg(I)Lcom/android/dx/rop/code/LocalItem; @ 19
Event: 1.548 Thread 0x000000000036e800 Uncommon trap: reason=null_check action=make_not_entrant pc=0x00000000026a6094 method=com.android.dx.ssa.SsaRenamer.getLocalForNewReg(I)Lcom/android/dx/rop/code/LocalItem; @ 19
Event: 1.582 Thread 0x00000000562b1800 Uncommon trap: reason=null_check action=make_not_entrant pc=0x00000000026e3f18 method=com.android.dx.rop.type.Type.equals(Ljava/lang/Object;)Z @ 8
Event: 1.690 Thread 0x00000000562b3000 Uncommon trap: reason=unstable_if action=reinterpret pc=0x00000000027d28c4 method=com.android.dx.rop.cst.Constant.compareTo(Lcom/android/dx/rop/cst/Constant;)I @ 12
Event: 1.709 Thread 0x000000000036e800 Uncommon trap: reason=bimorphic action=maybe_recompile pc=0x00000000026bf5e0 method=java.util.HashMap.getNode(ILjava/lang/Object;)Ljava/util/HashMap$Node; @ 126
Event: 1.728 Thread 0x00000000562b1800 Uncommon trap: reason=bimorphic action=maybe_recompile pc=0x00000000026bf5e0 method=java.util.HashMap.getNode(ILjava/lang/Object;)Ljava/util/HashMap$Node; @ 126
Event: 2.119 Thread 0x00000000562b1800 Uncommon trap: reason=bimorphic action=maybe_recompile pc=0x00000000026bf5e0 method=java.util.HashMap.getNode(ILjava/lang/Object;)Ljava/util/HashMap$Node; @ 126
Event: 2.119 Thread 0x00000000562b1800 Uncommon trap: reason=bimorphic action=maybe_recompile pc=0x00000000026bf5e0 method=java.util.HashMap.getNode(ILjava/lang/Object;)Ljava/util/HashMap$Node; @ 126
Event: 2.119 Thread 0x00000000562b1800 Uncommon trap: reason=bimorphic action=maybe_recompile pc=0x0000000002626b54 method=java.util.HashMap.getNode(ILjava/lang/Object;)Ljava/util/HashMap$Node; @ 126

Internal exceptions (5 events):
Event: 0.067 Thread 0x000000000036e800 Exception <a 'java/lang/NoSuchMethodError': Method sun.misc.Unsafe.defineClass(Ljava/lang/String;[BII)Ljava/lang/Class; name or signature does not match> (0x00000000eab130a0) thrown at [C:\workspace\8-2-build-windows-amd64-cygwin\jdk8u65\4987\hotspot\src\sä>®âÅJ±?
Event: 0.068 Thread 0x000000000036e800 Exception <a 'java/lang/NoSuchMethodError': Method sun.misc.Unsafe.prefetchRead(Ljava/lang/Object;J)V name or signature does not match> (0x00000000eab13388) thrown at [C:\workspace\8-2-build-windows-amd64-cygwin\jdk8u65\4987\hotspot\src\share\vm\prims\jni.n€»•;Ãø?
Event: 1.548 Thread 0x000000000036e800 Implicit null exception at 0x0000000002727dc4 to 0x0000000002729d25
Event: 1.548 Thread 0x000000000036e800 Implicit null exception at 0x00000000026a42c1 to 0x00000000026a606d
Event: 1.582 Thread 0x00000000562b1800 Implicit null exception at 0x00000000026e3e12 to 0x00000000026e3f0a

Events (10 events):
Event: 2.119 Thread 0x00000000562b1800 DEOPT PACKING pc=0x00000000026bf5e0 sp=0x000000005755ec80
Event: 2.119 Thread 0x00000000562b1800 DEOPT UNPACKING pc=0x000000000247582a sp=0x000000005755ebb8 mode 2
Event: 2.119 Thread 0x00000000562b1800 Uncommon trap: trap_request=0xffffffc6 fr.pc=0x00000000026bf5e0
Event: 2.119 Thread 0x00000000562b1800 DEOPT PACKING pc=0x00000000026bf5e0 sp=0x000000005755ec80
Event: 2.119 Thread 0x00000000562b1800 DEOPT UNPACKING pc=0x000000000247582a sp=0x000000005755ebb8 mode 2
Event: 2.119 Thread 0x00000000562b1800 Uncommon trap: trap_request=0xffffffc6 fr.pc=0x0000000002626b54
Event: 2.119 Thread 0x00000000562b1800 DEOPT PACKING pc=0x0000000002626b54 sp=0x000000005755ec30
Event: 2.119 Thread 0x00000000562b1800 DEOPT UNPACKING pc=0x000000000247582a sp=0x000000005755ebb8 mode 2
Event: 2.496 Thread 0x000000000036e800 DEOPT PACKING pc=0x00000000027c946b sp=0x000000000242e100
Event: 2.496 Thread 0x000000000036e800 DEOPT UNPACKING pc=0x000000000247787f sp=0x000000000242de98 mode 0


Dynamic libraries:
0x000000013f030000 - 0x000000013f067000 	C:\Program Files\Java\jdk1.8.0_65\bin\java.exe
0x0000000076db0000 - 0x0000000076f58000 	C:\Windows\SYSTEM32\ntdll.dll
0x0000000076b90000 - 0x0000000076caf000 	C:\Windows\system32\kernel32.dll
0x000007fefcf50000 - 0x000007fefcfbc000 	C:\Windows\system32\KERNELBASE.dll
0x000007fefd860000 - 0x000007fefd93b000 	C:\Windows\system32\ADVAPI32.dll
0x000007fefd250000 - 0x000007fefd2ef000 	C:\Windows\system32\msvcrt.dll
0x000007fefd440000 - 0x000007fefd45f000 	C:\Windows\SYSTEM32\sechost.dll
0x000007fefd2f0000 - 0x000007fefd41d000 	C:\Windows\system32\RPCRT4.dll
0x0000000076cb0000 - 0x0000000076daa000 	C:\Windows\system32\USER32.dll
0x000007fefdec0000 - 0x000007fefdf27000 	C:\Windows\system32\GDI32.dll
0x000007feff0b0000 - 0x000007feff0be000 	C:\Windows\system32\LPK.dll
0x000007fefd710000 - 0x000007fefd7d9000 	C:\Windows\system32\USP10.dll
0x000007fefa9c0000 - 0x000007fefabb4000 	C:\Windows\WinSxS\amd64_microsoft.windows.common-controls_6595b64144ccf1df_6.0.7601.18807_none_fa381d5f175bfb52\COMCTL32.dll
0x000007fefd7e0000 - 0x000007fefd851000 	C:\Windows\system32\SHLWAPI.dll
0x000007fefd460000 - 0x000007fefd48e000 	C:\Windows\system32\IMM32.DLL
0x000007fefd940000 - 0x000007fefda49000 	C:\Windows\system32\MSCTF.dll
0x000007fefcc70000 - 0x000007fefcca1000 	C:\Windows\system32\nvinitx.dll
0x000007fefcc60000 - 0x000007fefcc6c000 	C:\Windows\system32\VERSION.dll
0x000000005b710000 - 0x000000005b7e2000 	C:\Program Files\Java\jdk1.8.0_65\jre\bin\msvcr100.dll
0x00000000595a0000 - 0x0000000059e29000 	C:\Program Files\Java\jdk1.8.0_65\jre\bin\server\jvm.dll
0x000007feec300000 - 0x000007feec309000 	C:\Windows\system32\WSOCK32.dll
0x000007fefd540000 - 0x000007fefd58d000 	C:\Windows\system32\WS2_32.dll
0x000007fefd490000 - 0x000007fefd498000 	C:\Windows\system32\NSI.dll
0x000007fefa3d0000 - 0x000007fefa40b000 	C:\Windows\system32\WINMM.dll
0x0000000076f80000 - 0x0000000076f87000 	C:\Windows\system32\PSAPI.DLL
0x000000005c220000 - 0x000000005c22f000 	C:\Program Files\Java\jdk1.8.0_65\jre\bin\verify.dll
0x000000005c1f0000 - 0x000000005c219000 	C:\Program Files\Java\jdk1.8.0_65\jre\bin\java.dll
0x000000005c1d0000 - 0x000000005c1e6000 	C:\Program Files\Java\jdk1.8.0_65\jre\bin\zip.dll
0x000007fefe140000 - 0x000007fefeec8000 	C:\Windows\system32\SHELL32.dll
0x000007fefdf30000 - 0x000007fefe133000 	C:\Windows\system32\ole32.dll
0x000007fefccb0000 - 0x000007fefccbf000 	C:\Windows\system32\profapi.dll

VM Arguments:
jvm_args: -Djava.awt.headless=true -Xmx1024M -Dfile.encoding=GBK -Duser.country=CN -Duser.language=zh -Duser.variant 
java_command: com.android.dx.command.Main --dex --force-jumbo --num-threads=4 --multi-dex --output E:\AndroidStudioProjects\GankIO\app\build\intermediates\transforms\dex\debug\folders\1000\10\com.android.support-recyclerview-v7-23.4.0_6fbad451184ff0e41a5cff04e89c3262fa1a4976 E:\AndroidStudioProjects\GankIO\app\build\intermediates\exploded-aar\com.android.support\recyclerview-v7\23.4.0\jars\classes.jar
java_class_path (initial): E:\Users\Administrator\AppData\Local\Android\sdk\build-tools\23.0.3\lib\dx.jar
Launcher Type: SUN_STANDARD

Environment Variables:
JAVA_HOME=C:\Program Files\Java\jdk1.8.0_65
CLASSPATH=.;C:\Program Files\Java\jdk1.8.0_65\lib
PATH=C:\ProgramData\Oracle\Java\javapath;E:\Users\Administrator\AppData\Local\Android\sdk\platform-tools;C:\Program Files\Java\jdk1.8.0_65\bin;C:\Windows\system32;C:\Windows;C:\Windows\System32\Wbem;C:\Windows\System32\WindowsPowerShell\v1.0\;C:\Program Files\nodejs\;C:\Users\Administrator\AppData\Roaming\npm;C:\Users\Administrator\AppData\Local\atom\bin
USERNAME=Administrator
OS=Windows_NT
PROCESSOR_IDENTIFIER=Intel64 Family 6 Model 60 Stepping 3, GenuineIntel



---------------  S Y S T E M  ---------------

OS: Windows 7 , 64 bit Build 7601 (6.1.7601.18798)

CPU:total 4 (2 cores per cpu, 2 threads per core) family 6 model 60 stepping 3, cmov, cx8, fxsr, mmx, sse, sse2, sse3, ssse3, sse4.1, sse4.2, popcnt, avx, avx2, aes, clmul, erms, lzcnt, ht, tsc, tscinvbit, bmi1, bmi2

Memory: 4k page, physical 8313136k(485876k free), swap 12504876k(5092k free)

vm_info: Java HotSpot(TM) 64-Bit Server VM (25.65-b01) for windows-amd64 JRE (1.8.0_65-b17), built on Oct  6 2015 16:39:20 by "java_re" with MS VC++ 10.0 (VS2010)

time: Sat Dec 03 17:57:47 2016
elapsed time: 3 seconds (0d 0h 0m 3s)

