#
# There is insufficient memory for the Java Runtime Environment to continue.
# Native memory allocation (malloc) failed to allocate 243776 bytes for Chunk::new
# Possible reasons:
#   The system is out of physical RAM or swap space
#   In 32 bit mode, the process size limit was hit
# Possible solutions:
#   Reduce memory load on the system
#   Increase physical memory or swap space
#   Check if swap backing store is full
#   Use 64 bit Java on a 64 bit OS
#   Decrease Java heap size (-Xmx/-Xms)
#   Decrease number of Java threads
#   Decrease Java thread stack sizes (-Xss)
#   Set larger code cache with -XX:ReservedCodeCacheSize=
# This output file may be truncated or incomplete.
#
#  Out of Memory Error (allocation.cpp:390), pid=5072, tid=9016
#
# JRE version: Java(TM) SE Runtime Environment (8.0_65-b17) (build 1.8.0_65-b17)
# Java VM: Java HotSpot(TM) 64-Bit Server VM (25.65-b01 mixed mode windows-amd64 compressed oops)
# Failed to write core dump. Minidumps are not enabled by default on client versions of Windows
#

---------------  T H R E A D  ---------------

Current thread (0x000000005618a000):  JavaThread "C2 CompilerThread1" daemon [_thread_in_native, id=9016, stack(0x0000000056ca0000,0x0000000056da0000)]

Stack: [0x0000000056ca0000,0x0000000056da0000]
[error occurred during error reporting (printing stack bounds), id 0xc0000005]

Native frames: (J=compiled Java code, j=interpreted, Vv=VM code, C=native code)


Current CompileTask:
C2:   2181  835       4       com.android.dx.ssa.NormalSsaInsn::accept (25 bytes)


---------------  P R O C E S S  ---------------

Java Threads: ( => current thread )
  0x0000000056442800 JavaThread "pool-2-thread-4" [_thread_blocked, id=3476, stack(0x0000000057570000,0x0000000057670000)]
  0x0000000056440000 JavaThread "pool-2-thread-3" [_thread_blocked, id=6232, stack(0x00000000573b0000,0x00000000574b0000)]
  0x000000005643d800 JavaThread "pool-2-thread-2" [_thread_in_Java, id=9284, stack(0x0000000057180000,0x0000000057280000)]
  0x0000000056350800 JavaThread "pool-3-thread-1" [_thread_blocked, id=10264, stack(0x0000000056790000,0x0000000056890000)]
  0x0000000056350000 JavaThread "pool-2-thread-1" [_thread_blocked, id=2848, stack(0x0000000057280000,0x0000000057380000)]
  0x0000000054e6a800 JavaThread "Service Thread" daemon [_thread_blocked, id=7800, stack(0x0000000056b80000,0x0000000056c80000)]
  0x000000005618b000 JavaThread "C1 CompilerThread2" daemon [_thread_blocked, id=9648, stack(0x0000000056eb0000,0x0000000056fb0000)]
=>0x000000005618a000 JavaThread "C2 CompilerThread1" daemon [_thread_in_native, id=9016, stack(0x0000000056ca0000,0x0000000056da0000)]
  0x0000000056186000 JavaThread "C2 CompilerThread0" daemon [_thread_blocked, id=9132, stack(0x0000000056a80000,0x0000000056b80000)]
  0x000000005617a800 JavaThread "Attach Listener" daemon [_thread_blocked, id=10560, stack(0x0000000056900000,0x0000000056a00000)]
  0x0000000054e5e000 JavaThread "Signal Dispatcher" daemon [_thread_blocked, id=10928, stack(0x0000000056680000,0x0000000056780000)]
  0x0000000054e03800 JavaThread "Finalizer" daemon [_thread_blocked, id=9428, stack(0x0000000056070000,0x0000000056170000)]
  0x0000000054e02800 JavaThread "Reference Handler" daemon [_thread_blocked, id=6432, stack(0x0000000055dd0000,0x0000000055ed0000)]
  0x00000000000fe800 JavaThread "main" [_thread_in_vm, id=10368, stack(0x0000000002330000,0x0000000002430000)]

Other Threads:
  0x0000000054dfd000 VMThread [stack: 0x0000000055ed0000,0x0000000055fd0000] [id=9580]
  0x00000000561fd800 WatcherThread [stack: 0x0000000057080000,0x0000000057180000] [id=9900]

VM state:not at safepoint (normal execution)

VM Mutex/Monitor currently owned by a thread: None

Heap:
 PSYoungGen      total 38400K, used 7559K [0x00000000eab00000, 0x00000000ef600000, 0x0000000100000000)
  eden space 33280K, 7% used [0x00000000eab00000,0x00000000ead66708,0x00000000ecb80000)
  from space 5120K, 99% used [0x00000000ecb80000,0x00000000ed07b6d8,0x00000000ed080000)
  to   space 5120K, 0% used [0x00000000ef100000,0x00000000ef100000,0x00000000ef600000)
 ParOldGen       total 87552K, used 1725K [0x00000000c0000000, 0x00000000c5580000, 0x00000000eab00000)
  object space 87552K, 1% used [0x00000000c0000000,0x00000000c01af5a8,0x00000000c5580000)
 Metaspace       used 5793K, capacity 6708K, committed 6784K, reserved 1056768K
  class space    used 601K, capacity 620K, committed 640K, reserved 1048576K

Card table byte_map: [0x00000000117f0000,0x0000000011a00000] byte_map_base: 0x00000000111f0000

Marking Bits: (ParMarkBitMap*) 0x0000000060f3a5b0
 Begin Bits: [0x0000000012270000, 0x0000000013270000)
 End Bits:   [0x0000000013270000, 0x0000000014270000)

Polling page: 0x0000000000120000

CodeCache: size=245760Kb used=2705Kb max_used=2718Kb free=243054Kb
 bounds [0x0000000002430000, 0x00000000026e0000, 0x0000000011430000]
 total_blobs=924 nmethods=651 adapters=184
 compilation: enabled

Compilation events (10 events):
Event: 2.162 Thread 0x000000005618a000 nmethod 657 0x00000000026d6a90 code [0x00000000026d6be0, 0x00000000026d6c98]
Event: 2.162 Thread 0x000000005618a000  654       4       com.android.dx.ssa.NormalSsaInsn::getLocalAssignment (54 bytes)
Event: 2.163 Thread 0x000000005618a000 nmethod 654 0x00000000026d6dd0 code [0x00000000026d6f20, 0x00000000026d7018]
Event: 2.164 Thread 0x000000005618a000  645   !   4       com.android.dx.util.IntList::<init> (37 bytes)
Event: 2.165 Thread 0x000000005618a000 nmethod 645 0x00000000026d7210 code [0x00000000026d7360, 0x00000000026d7498]
Event: 2.165 Thread 0x000000005618a000  661       4       java.util.BitSet::<init> (56 bytes)
Event: 2.166 Thread 0x000000005618a000 nmethod 661 0x00000000026d7550 code [0x00000000026d76a0, 0x00000000026d77d8]
Event: 2.166 Thread 0x000000005618a000  833       4       java.util.Arrays::equals (78 bytes)
Event: 2.174 Thread 0x000000005618a000 nmethod 833 0x00000000026d3050 code [0x00000000026d31c0, 0x00000000026d3978]
Event: 2.174 Thread 0x000000005618a000  835       4       com.android.dx.ssa.NormalSsaInsn::accept (25 bytes)

GC Heap History (2 events):
Event: 1.775 GC heap before
{Heap before GC invocations=1 (full 0):
 PSYoungGen      total 38400K, used 33280K [0x00000000eab00000, 0x00000000ed580000, 0x0000000100000000)
  eden space 33280K, 100% used [0x00000000eab00000,0x00000000ecb80000,0x00000000ecb80000)
  from space 5120K, 0% used [0x00000000ed080000,0x00000000ed080000,0x00000000ed580000)
  to   space 5120K, 0% used [0x00000000ecb80000,0x00000000ecb80000,0x00000000ed080000)
 ParOldGen       total 87552K, used 0K [0x00000000c0000000, 0x00000000c5580000, 0x00000000eab00000)
  object space 87552K, 0% used [0x00000000c0000000,0x00000000c0000000,0x00000000c5580000)
 Metaspace       used 5792K, capacity 6708K, committed 6784K, reserved 1056768K
  class space    used 601K, capacity 620K, committed 640K, reserved 1048576K
Event: 2.122 GC heap after
Heap after GC invocations=1 (full 0):
 PSYoungGen      total 38400K, used 5101K [0x00000000eab00000, 0x00000000ef600000, 0x0000000100000000)
  eden space 33280K, 0% used [0x00000000eab00000,0x00000000eab00000,0x00000000ecb80000)
  from space 5120K, 99% used [0x00000000ecb80000,0x00000000ed07b6d8,0x00000000ed080000)
  to   space 5120K, 0% used [0x00000000ef100000,0x00000000ef100000,0x00000000ef600000)
 ParOldGen       total 87552K, used 1725K [0x00000000c0000000, 0x00000000c5580000, 0x00000000eab00000)
  object space 87552K, 1% used [0x00000000c0000000,0x00000000c01af5a8,0x00000000c5580000)
 Metaspace       used 5792K, capacity 6708K, committed 6784K, reserved 1056768K
  class space    used 601K, capacity 620K, committed 640K, reserved 1048576K
}

Deoptimization events (7 events):
Event: 1.206 Thread 0x0000000056442800 Uncommon trap: reason=unstable_if action=reinterpret pc=0x0000000002684024 method=com.android.dx.ssa.SsaMethod.getExitBlock()Lcom/android/dx/ssa/SsaBasicBlock; @ 4
Event: 1.442 Thread 0x00000000000fe800 Uncommon trap: reason=unstable_if action=reinterpret pc=0x0000000002670c24 method=java.util.BitSet.ensureCapacity(I)V @ 6
Event: 1.485 Thread 0x00000000000fe800 Uncommon trap: reason=null_check action=make_not_entrant pc=0x00000000026781a8 method=com.android.dx.ssa.SsaRenamer.getLocalForNewReg(I)Lcom/android/dx/rop/code/LocalItem; @ 19
Event: 1.633 Thread 0x00000000000fe800 Uncommon trap: reason=bimorphic action=maybe_recompile pc=0x00000000026735bc method=java.util.HashMap.getNode(ILjava/lang/Object;)Ljava/util/HashMap$Node; @ 126
Event: 1.639 Thread 0x00000000000fe800 Uncommon trap: reason=bimorphic action=maybe_recompile pc=0x00000000026735bc method=java.util.HashMap.getNode(ILjava/lang/Object;)Ljava/util/HashMap$Node; @ 126
Event: 1.678 Thread 0x00000000000fe800 Uncommon trap: reason=bimorphic action=maybe_recompile pc=0x00000000026735bc method=java.util.HashMap.getNode(ILjava/lang/Object;)Ljava/util/HashMap$Node; @ 126
Event: 1.678 Thread 0x00000000000fe800 Uncommon trap: reason=bimorphic action=maybe_recompile pc=0x00000000026735bc method=java.util.HashMap.getNode(ILjava/lang/Object;)Ljava/util/HashMap$Node; @ 126

Internal exceptions (3 events):
Event: 0.151 Thread 0x00000000000fe800 Exception <a 'java/lang/NoSuchMethodError': Method sun.misc.Unsafe.defineClass(Ljava/lang/String;[BII)Ljava/lang/Class; name or signature does not match> (0x00000000eab130a0) thrown at [C:\workspace\8-2-build-windows-amd64-cygwin\jdk8u65\4987\hotspot\src\sˆG
Event: 0.151 Thread 0x00000000000fe800 Exception <a 'java/lang/NoSuchMethodError': Method sun.misc.Unsafe.prefetchRead(Ljava/lang/Object;J)V name or signature does not match> (0x00000000eab13388) thrown at [C:\workspace\8-2-build-windows-amd64-cygwin\jdk8u65\4987\hotspot\src\share\vm\prims\jni.ÆòsÄ÷?
Event: 1.485 Thread 0x00000000000fe800 Implicit null exception at 0x0000000002676661 to 0x0000000002678181

Events (10 events):
Event: 1.639 Thread 0x00000000000fe800 DEOPT PACKING pc=0x00000000026735bc sp=0x000000000242e720
Event: 1.639 Thread 0x00000000000fe800 DEOPT UNPACKING pc=0x000000000247582a sp=0x000000000242e648 mode 2
Event: 1.678 Thread 0x00000000000fe800 Uncommon trap: trap_request=0xffffffc6 fr.pc=0x00000000026735bc
Event: 1.678 Thread 0x00000000000fe800 DEOPT PACKING pc=0x00000000026735bc sp=0x000000000242e720
Event: 1.678 Thread 0x00000000000fe800 DEOPT UNPACKING pc=0x000000000247582a sp=0x000000000242e648 mode 2
Event: 1.678 Thread 0x00000000000fe800 Uncommon trap: trap_request=0xffffffc6 fr.pc=0x00000000026735bc
Event: 1.678 Thread 0x00000000000fe800 DEOPT PACKING pc=0x00000000026735bc sp=0x000000000242e720
Event: 1.678 Thread 0x00000000000fe800 DEOPT UNPACKING pc=0x000000000247582a sp=0x000000000242e648 mode 2
Event: 1.775 Executing VM operation: ParallelGCFailedAllocation
Event: 2.122 Executing VM operation: ParallelGCFailedAllocation done


Dynamic libraries:
0x000000013f970000 - 0x000000013f9a7000 	C:\Program Files\Java\jdk1.8.0_65\bin\java.exe
0x0000000077c30000 - 0x0000000077dd8000 	C:\Windows\SYSTEM32\ntdll.dll
0x0000000077b10000 - 0x0000000077c2f000 	C:\Windows\system32\kernel32.dll
0x000007fefdd90000 - 0x000007fefddfc000 	C:\Windows\system32\KERNELBASE.dll
0x000007feff9a0000 - 0x000007feffa7b000 	C:\Windows\system32\ADVAPI32.dll
0x000007feffe90000 - 0x000007fefff2f000 	C:\Windows\system32\msvcrt.dll
0x000007feffbb0000 - 0x000007feffbcf000 	C:\Windows\SYSTEM32\sechost.dll
0x000007feffa80000 - 0x000007feffbad000 	C:\Windows\system32\RPCRT4.dll
0x0000000077a10000 - 0x0000000077b0a000 	C:\Windows\system32\USER32.dll
0x000007feff380000 - 0x000007feff3e7000 	C:\Windows\system32\GDI32.dll
0x000007fefdf40000 - 0x000007fefdf4e000 	C:\Windows\system32\LPK.dll
0x000007feff1a0000 - 0x000007feff269000 	C:\Windows\system32\USP10.dll
0x000007fefb8d0000 - 0x000007fefbac4000 	C:\Windows\WinSxS\amd64_microsoft.windows.common-controls_6595b64144ccf1df_6.0.7601.18807_none_fa381d5f175bfb52\COMCTL32.dll
0x000007feffc00000 - 0x000007feffc71000 	C:\Windows\system32\SHLWAPI.dll
0x000007feffbd0000 - 0x000007feffbfe000 	C:\Windows\system32\IMM32.DLL
0x000007feff270000 - 0x000007feff379000 	C:\Windows\system32\MSCTF.dll
0x000007fefdaf0000 - 0x000007fefdb21000 	C:\Windows\system32\nvinitx.dll
0x000007fefdae0000 - 0x000007fefdaec000 	C:\Windows\system32\VERSION.dll
0x0000000062b00000 - 0x0000000062bd2000 	C:\Program Files\Java\jdk1.8.0_65\jre\bin\msvcr100.dll
0x0000000060730000 - 0x0000000060fb9000 	C:\Program Files\Java\jdk1.8.0_65\jre\bin\server\jvm.dll
0x000007feedb80000 - 0x000007feedb89000 	C:\Windows\system32\WSOCK32.dll
0x000007fefed80000 - 0x000007fefedcd000 	C:\Windows\system32\WS2_32.dll
0x000007fefff30000 - 0x000007fefff38000 	C:\Windows\system32\NSI.dll
0x000007fefb4c0000 - 0x000007fefb4fb000 	C:\Windows\system32\WINMM.dll
0x0000000077e00000 - 0x0000000077e07000 	C:\Windows\system32\PSAPI.DLL
0x0000000060720000 - 0x000000006072f000 	C:\Program Files\Java\jdk1.8.0_65\jre\bin\verify.dll
0x00000000606f0000 - 0x0000000060719000 	C:\Program Files\Java\jdk1.8.0_65\jre\bin\java.dll
0x00000000606d0000 - 0x00000000606e6000 	C:\Program Files\Java\jdk1.8.0_65\jre\bin\zip.dll
0x000007fefdff0000 - 0x000007fefed78000 	C:\Windows\system32\SHELL32.dll
0x000007feffc80000 - 0x000007feffe83000 	C:\Windows\system32\ole32.dll
0x000007fefdb30000 - 0x000007fefdb3f000 	C:\Windows\system32\profapi.dll

VM Arguments:
jvm_args: -Djava.awt.headless=true -Xmx1024M -Dfile.encoding=GBK -Duser.country=CN -Duser.language=zh -Duser.variant 
java_command: com.android.dx.command.Main --dex --force-jumbo --num-threads=4 --multi-dex --output E:\AndroidStudioProjects\GankIO\app\build\intermediates\transforms\dex\debug\folders\1000\10\okio-1.9.0_db0545b090bbd931e1cf6e43202e038727277a7d C:\Users\Administrator\.gradle\caches\modules-2\files-2.1\com.squareup.okio\okio\1.9.0\f824591a0016efbaeddb8300bee54832a1398cfa\okio-1.9.0.jar
java_class_path (initial): E:\Users\Administrator\AppData\Local\Android\sdk\build-tools\23.0.3\lib\dx.jar
Launcher Type: SUN_STANDARD

Environment Variables:
JAVA_HOME=C:\Program Files\Java\jdk1.8.0_65
CLASSPATH=.;C:\Program Files\Java\jdk1.8.0_65\lib
PATH=C:\ProgramData\Oracle\Java\javapath;E:\Users\Administrator\AppData\Local\Android\sdk\platform-tools;C:\Program Files\Java\jdk1.8.0_65\bin;C:\Windows\system32;C:\Windows;C:\Windows\System32\Wbem;C:\Windows\System32\WindowsPowerShell\v1.0\
USERNAME=Administrator
OS=Windows_NT
PROCESSOR_IDENTIFIER=Intel64 Family 6 Model 60 Stepping 3, GenuineIntel



---------------  S Y S T E M  ---------------

OS: Windows 7 , 64 bit Build 7601 (6.1.7601.18798)

CPU:total 4 (2 cores per cpu, 2 threads per core) family 6 model 60 stepping 3, cmov, cx8, fxsr, mmx, sse, sse2, sse3, ssse3, sse4.1, sse4.2, popcnt, avx, avx2, aes, clmul, erms, lzcnt, ht, tsc, tscinvbit, bmi1, bmi2

Memory: 4k page, physical 8313136k(1013732k free), swap 12505184k(5140k free)

vm_info: Java HotSpot(TM) 64-Bit Server VM (25.65-b01) for windows-amd64 JRE (1.8.0_65-b17), built on Oct  6 2015 16:39:20 by "java_re" with MS VC++ 10.0 (VS2010)

time: Tue Oct 11 17:19:41 2016
elapsed time: 2 seconds (0d 0h 0m 2s)

