#
# There is insufficient memory for the Java Runtime Environment to continue.
# Native memory allocation (malloc) failed to allocate 918304 bytes for Chunk::new
# Possible reasons:
#   The system is out of physical RAM or swap space
#   In 32 bit mode, the process size limit was hit
# Possible solutions:
#   Reduce memory load on the system
#   Increase physical memory or swap space
#   Check if swap backing store is full
#   Use 64 bit Java on a 64 bit OS
#   Decrease Java heap size (-Xmx/-Xms)
#   Decrease number of Java threads
#   Decrease Java thread stack sizes (-Xss)
#   Set larger code cache with -XX:ReservedCodeCacheSize=
# This output file may be truncated or incomplete.
#
#  Out of Memory Error (allocation.cpp:390), pid=12100, tid=14104
#
# JRE version: Java(TM) SE Runtime Environment (8.0_65-b17) (build 1.8.0_65-b17)
# Java VM: Java HotSpot(TM) 64-Bit Server VM (25.65-b01 mixed mode windows-amd64 compressed oops)
# Failed to write core dump. Minidumps are not enabled by default on client versions of Windows
#

---------------  T H R E A D  ---------------

Current thread (0x000000005637d000):  JavaThread "C2 CompilerThread0" daemon [_thread_in_native, id=14104, stack(0x0000000055ed0000,0x0000000055fd0000)]

Stack: [0x0000000055ed0000,0x0000000055fd0000]
[error occurred during error reporting (printing stack bounds), id 0xc0000005]

Native frames: (J=compiled Java code, j=interpreted, Vv=VM code, C=native code)


Current CompileTask:
C2:   3528 1187   !   4       com.android.dx.cf.code.BytecodeArray::parseInstruction (2764 bytes)


---------------  P R O C E S S  ---------------

Java Threads: ( => current thread )
  0x000000005664d000 JavaThread "pool-2-thread-4" [_thread_in_vm, id=13668, stack(0x0000000057700000,0x0000000057800000)]
  0x000000005664a000 JavaThread "pool-2-thread-3" [_thread_in_vm, id=10472, stack(0x0000000057530000,0x0000000057630000)]
  0x0000000056649800 JavaThread "pool-2-thread-2" [_thread_blocked, id=4880, stack(0x0000000057430000,0x0000000057530000)]
  0x000000005659b000 JavaThread "pool-3-thread-1" [_thread_blocked, id=7832, stack(0x00000000572d0000,0x00000000573d0000)]
  0x000000005659a000 JavaThread "pool-2-thread-1" [_thread_in_vm, id=7696, stack(0x0000000057110000,0x0000000057210000)]
  0x0000000054e8f800 JavaThread "Service Thread" daemon [_thread_blocked, id=4856, stack(0x0000000056f10000,0x0000000057010000)]
  0x000000005638b000 JavaThread "C1 CompilerThread2" daemon [_thread_blocked, id=12816, stack(0x0000000056d40000,0x0000000056e40000)]
  0x0000000056389800 JavaThread "C2 CompilerThread1" daemon [_thread_blocked, id=12656, stack(0x00000000567a0000,0x00000000568a0000)]
=>0x000000005637d000 JavaThread "C2 CompilerThread0" daemon [_thread_in_native, id=14104, stack(0x0000000055ed0000,0x0000000055fd0000)]
  0x000000005637a800 JavaThread "Attach Listener" daemon [_thread_blocked, id=12424, stack(0x0000000056aa0000,0x0000000056ba0000)]
  0x0000000054e7e000 JavaThread "Signal Dispatcher" daemon [_thread_blocked, id=13976, stack(0x00000000568a0000,0x00000000569a0000)]
  0x0000000054e27800 JavaThread "Finalizer" daemon [_thread_blocked, id=13980, stack(0x0000000056270000,0x0000000056370000)]
  0x0000000054e20800 JavaThread "Reference Handler" daemon [_thread_blocked, id=7764, stack(0x0000000056100000,0x0000000056200000)]
  0x00000000022de800 JavaThread "main" [_thread_in_Java, id=13484, stack(0x0000000002360000,0x0000000002460000)]

Other Threads:
  0x0000000054e1b000 VMThread [stack: 0x0000000056000000,0x0000000056100000] [id=9704]
  0x0000000056443000 WatcherThread [stack: 0x0000000056c10000,0x0000000056d10000] [id=6756]

VM state:synchronizing (normal execution)

VM Mutex/Monitor currently owned by a thread:  ([mutex/lock_event])
[0x00000000022dc2f0] Safepoint_lock - owner thread: 0x0000000054e1b000
[0x00000000022dc370] Threads_lock - owner thread: 0x0000000054e1b000

Heap:
 PSYoungGen      total 38400K, used 28714K [0x00000000eab00000, 0x00000000ed580000, 0x0000000100000000)
  eden space 33280K, 70% used [0x00000000eab00000,0x00000000ec212320,0x00000000ecb80000)
  from space 5120K, 99% used [0x00000000ecb80000,0x00000000ed078508,0x00000000ed080000)
  to   space 5120K, 0% used [0x00000000ed080000,0x00000000ed080000,0x00000000ed580000)
 ParOldGen       total 87552K, used 1532K [0x00000000c0000000, 0x00000000c5580000, 0x00000000eab00000)
  object space 87552K, 1% used [0x00000000c0000000,0x00000000c017f188,0x00000000c5580000)
 Metaspace       used 6078K, capacity 6966K, committed 7040K, reserved 1056768K
  class space    used 602K, capacity 622K, committed 640K, reserved 1048576K

Card table byte_map: [0x00000000118b0000,0x0000000011ac0000] byte_map_base: 0x00000000112b0000

Marking Bits: (ParMarkBitMap*) 0x0000000059daa5b0
 Begin Bits: [0x0000000012290000, 0x0000000013290000)
 End Bits:   [0x0000000013290000, 0x0000000014290000)

Polling page: 0x0000000000110000

CodeCache: size=245760Kb used=5086Kb max_used=5100Kb free=240673Kb
 bounds [0x00000000024f0000, 0x0000000002a00000, 0x00000000114f0000]
 total_blobs=1600 nmethods=1329 adapters=184
 compilation: enabled

Compilation events (10 events):
Event: 3.203 Thread 0x0000000056389800 1318       4       com.android.dx.rop.cst.Constant::compareTo (9 bytes)
Event: 3.205 Thread 0x0000000056389800 nmethod 1318 0x00000000029e8110 code [0x00000000029e8280, 0x00000000029e84d8]
Event: 3.205 Thread 0x0000000056389800 1200       4       java.util.AbstractList::<init> (10 bytes)
Event: 3.205 Thread 0x0000000056389800 nmethod 1200 0x000000000293be90 code [0x000000000293bfc0, 0x000000000293c018]
Event: 3.205 Thread 0x0000000056389800 1181       4       com.android.dx.ssa.SsaRenamer$BlockRenamer::processResultReg (56 bytes)
Event: 3.278 Thread 0x0000000056389800 nmethod 1181 0x00000000029eba50 code [0x00000000029ebd20, 0x00000000029ed8f8]
Event: 3.278 Thread 0x0000000056389800  993       4       com.android.dx.rop.type.Type::getFrameType (58 bytes)
Event: 3.278 Thread 0x0000000056389800 nmethod 993 0x000000000298f790 code [0x000000000298f8c0, 0x000000000298f938]
Event: 3.279 Thread 0x0000000056389800 1341       4       com.android.dx.rop.code.Rop::hashCode (54 bytes)
Event: 3.290 Thread 0x0000000056389800 nmethod 1341 0x00000000029e8d10 code [0x00000000029e8e80, 0x00000000029e9578]

GC Heap History (2 events):
Event: 1.855 GC heap before
{Heap before GC invocations=1 (full 0):
 PSYoungGen      total 38400K, used 33280K [0x00000000eab00000, 0x00000000ed580000, 0x0000000100000000)
  eden space 33280K, 100% used [0x00000000eab00000,0x00000000ecb80000,0x00000000ecb80000)
  from space 5120K, 0% used [0x00000000ed080000,0x00000000ed080000,0x00000000ed580000)
  to   space 5120K, 0% used [0x00000000ecb80000,0x00000000ecb80000,0x00000000ed080000)
 ParOldGen       total 87552K, used 0K [0x00000000c0000000, 0x00000000c5580000, 0x00000000eab00000)
  object space 87552K, 0% used [0x00000000c0000000,0x00000000c0000000,0x00000000c5580000)
 Metaspace       used 5933K, capacity 6838K, committed 7040K, reserved 1056768K
  class space    used 602K, capacity 622K, committed 640K, reserved 1048576K
Event: 2.301 GC heap after
Heap after GC invocations=1 (full 0):
 PSYoungGen      total 38400K, used 5089K [0x00000000eab00000, 0x00000000ed580000, 0x0000000100000000)
  eden space 33280K, 0% used [0x00000000eab00000,0x00000000eab00000,0x00000000ecb80000)
  from space 5120K, 99% used [0x00000000ecb80000,0x00000000ed078508,0x00000000ed080000)
  to   space 5120K, 0% used [0x00000000ed080000,0x00000000ed080000,0x00000000ed580000)
 ParOldGen       total 87552K, used 1532K [0x00000000c0000000, 0x00000000c5580000, 0x00000000eab00000)
  object space 87552K, 1% used [0x00000000c0000000,0x00000000c017f188,0x00000000c5580000)
 Metaspace       used 5933K, capacity 6838K, committed 7040K, reserved 1056768K
  class space    used 602K, capacity 622K, committed 640K, reserved 1048576K
}

Deoptimization events (10 events):
Event: 0.998 Thread 0x00000000022de800 Uncommon trap: reason=bimorphic action=maybe_recompile pc=0x0000000002716f90 method=java.util.HashMap.getNode(ILjava/lang/Object;)Ljava/util/HashMap$Node; @ 126
Event: 0.998 Thread 0x00000000022de800 Uncommon trap: reason=bimorphic action=maybe_recompile pc=0x0000000002716f90 method=java.util.HashMap.getNode(ILjava/lang/Object;)Ljava/util/HashMap$Node; @ 126
Event: 0.998 Thread 0x00000000022de800 Uncommon trap: reason=bimorphic action=maybe_recompile pc=0x0000000002716f90 method=java.util.HashMap.getNode(ILjava/lang/Object;)Ljava/util/HashMap$Node; @ 126
Event: 0.998 Thread 0x00000000022de800 Uncommon trap: reason=bimorphic action=maybe_recompile pc=0x0000000002716f90 method=java.util.HashMap.getNode(ILjava/lang/Object;)Ljava/util/HashMap$Node; @ 126
Event: 0.998 Thread 0x00000000022de800 Uncommon trap: reason=bimorphic action=maybe_recompile pc=0x000000000270f5d0 method=java.util.HashMap.getNode(ILjava/lang/Object;)Ljava/util/HashMap$Node; @ 126
Event: 1.073 Thread 0x000000005664a000 Uncommon trap: reason=null_check action=make_not_entrant pc=0x00000000027d8c80 method=com.android.dx.ssa.SsaRenamer.getLocalForNewReg(I)Lcom/android/dx/rop/code/LocalItem; @ 19
Event: 1.133 Thread 0x0000000056649800 Uncommon trap: reason=null_check action=make_not_entrant pc=0x00000000027f8158 method=com.android.dx.rop.type.Type.equals(Ljava/lang/Object;)Z @ 8
Event: 2.818 Thread 0x0000000056649800 Uncommon trap: reason=unstable_if action=reinterpret pc=0x000000000296223c method=java.util.HashMap.putVal(ILjava/lang/Object;Ljava/lang/Object;ZZ)Ljava/lang/Object; @ 94
Event: 3.012 Thread 0x0000000056649800 Uncommon trap: reason=unstable_if action=reinterpret pc=0x0000000002836c1c method=com.android.dx.rop.code.LocalItem.hashCode()I @ 25
Event: 3.012 Thread 0x0000000056649800 Uncommon trap: reason=unstable_if action=reinterpret pc=0x0000000002799a1c method=com.android.dx.rop.code.LocalItem.hashCode()I @ 25

Internal exceptions (4 events):
Event: 0.049 Thread 0x00000000022de800 Exception <a 'java/lang/NoSuchMethodError': Method sun.misc.Unsafe.defineClass(Ljava/lang/String;[BII)Ljava/lang/Class; name or signature does not match> (0x00000000eab130a0) thrown at [C:\workspace\8-2-build-windows-amd64-cygwin\jdk8u65\4987\hotspot\src\s] MÚ®?
Event: 0.049 Thread 0x00000000022de800 Exception <a 'java/lang/NoSuchMethodError': Method sun.misc.Unsafe.prefetchRead(Ljava/lang/Object;J)V name or signature does not match> (0x00000000eab13388) thrown at [C:\workspace\8-2-build-windows-amd64-cygwin\jdk8u65\4987\hotspot\src\share\vm\prims\jni.¿êûñ¯)Ò?
Event: 1.073 Thread 0x000000005664a000 Implicit null exception at 0x00000000027d7374 to 0x00000000027d8c35
Event: 1.133 Thread 0x0000000056649800 Implicit null exception at 0x00000000027f8052 to 0x00000000027f814a

Events (10 events):
Event: 2.803 Thread 0x0000000056649800 DEOPT UNPACKING pc=0x000000000253787f sp=0x000000005752e510 mode 0
Event: 2.818 Thread 0x0000000056649800 Uncommon trap: trap_request=0xffffff65 fr.pc=0x000000000296223c
Event: 2.818 Thread 0x0000000056649800 DEOPT PACKING pc=0x000000000296223c sp=0x000000005752e6f0
Event: 2.818 Thread 0x0000000056649800 DEOPT UNPACKING pc=0x000000000253582a sp=0x000000005752e630 mode 2
Event: 3.012 Thread 0x0000000056649800 Uncommon trap: trap_request=0xffffff65 fr.pc=0x0000000002836c1c
Event: 3.012 Thread 0x0000000056649800 DEOPT PACKING pc=0x0000000002836c1c sp=0x000000005752e090
Event: 3.012 Thread 0x0000000056649800 DEOPT UNPACKING pc=0x000000000253582a sp=0x000000005752ddf8 mode 2
Event: 3.012 Thread 0x0000000056649800 Uncommon trap: trap_request=0xffffff65 fr.pc=0x0000000002799a1c
Event: 3.012 Thread 0x0000000056649800 DEOPT PACKING pc=0x0000000002799a1c sp=0x000000005752df20
Event: 3.012 Thread 0x0000000056649800 DEOPT UNPACKING pc=0x000000000253582a sp=0x000000005752de70 mode 2


Dynamic libraries:
0x000000013f030000 - 0x000000013f067000 	C:\Program Files\Java\jdk1.8.0_65\bin\java.exe
0x0000000076db0000 - 0x0000000076f58000 	C:\Windows\SYSTEM32\ntdll.dll
0x0000000076b90000 - 0x0000000076caf000 	C:\Windows\system32\kernel32.dll
0x000007fefcf50000 - 0x000007fefcfbc000 	C:\Windows\system32\KERNELBASE.dll
0x000007fefd860000 - 0x000007fefd93b000 	C:\Windows\system32\ADVAPI32.dll
0x000007fefd250000 - 0x000007fefd2ef000 	C:\Windows\system32\msvcrt.dll
0x000007fefd440000 - 0x000007fefd45f000 	C:\Windows\SYSTEM32\sechost.dll
0x000007fefd2f0000 - 0x000007fefd41d000 	C:\Windows\system32\RPCRT4.dll
0x0000000076cb0000 - 0x0000000076daa000 	C:\Windows\system32\USER32.dll
0x000007fefdec0000 - 0x000007fefdf27000 	C:\Windows\system32\GDI32.dll
0x000007feff0b0000 - 0x000007feff0be000 	C:\Windows\system32\LPK.dll
0x000007fefd710000 - 0x000007fefd7d9000 	C:\Windows\system32\USP10.dll
0x000007fefa9c0000 - 0x000007fefabb4000 	C:\Windows\WinSxS\amd64_microsoft.windows.common-controls_6595b64144ccf1df_6.0.7601.18807_none_fa381d5f175bfb52\COMCTL32.dll
0x000007fefd7e0000 - 0x000007fefd851000 	C:\Windows\system32\SHLWAPI.dll
0x000007fefd460000 - 0x000007fefd48e000 	C:\Windows\system32\IMM32.DLL
0x000007fefd940000 - 0x000007fefda49000 	C:\Windows\system32\MSCTF.dll
0x000007fefcc70000 - 0x000007fefcca1000 	C:\Windows\system32\nvinitx.dll
0x000007fefcc60000 - 0x000007fefcc6c000 	C:\Windows\system32\VERSION.dll
0x000000005b710000 - 0x000000005b7e2000 	C:\Program Files\Java\jdk1.8.0_65\jre\bin\msvcr100.dll
0x00000000595a0000 - 0x0000000059e29000 	C:\Program Files\Java\jdk1.8.0_65\jre\bin\server\jvm.dll
0x000007feec300000 - 0x000007feec309000 	C:\Windows\system32\WSOCK32.dll
0x000007fefd540000 - 0x000007fefd58d000 	C:\Windows\system32\WS2_32.dll
0x000007fefd490000 - 0x000007fefd498000 	C:\Windows\system32\NSI.dll
0x000007fefa3d0000 - 0x000007fefa40b000 	C:\Windows\system32\WINMM.dll
0x0000000076f80000 - 0x0000000076f87000 	C:\Windows\system32\PSAPI.DLL
0x000000005c220000 - 0x000000005c22f000 	C:\Program Files\Java\jdk1.8.0_65\jre\bin\verify.dll
0x000000005c1f0000 - 0x000000005c219000 	C:\Program Files\Java\jdk1.8.0_65\jre\bin\java.dll
0x000000005c1d0000 - 0x000000005c1e6000 	C:\Program Files\Java\jdk1.8.0_65\jre\bin\zip.dll
0x000007fefe140000 - 0x000007fefeec8000 	C:\Windows\system32\SHELL32.dll
0x000007fefdf30000 - 0x000007fefe133000 	C:\Windows\system32\ole32.dll
0x000007fefccb0000 - 0x000007fefccbf000 	C:\Windows\system32\profapi.dll

VM Arguments:
jvm_args: -Djava.awt.headless=true -Xmx1024M -Dfile.encoding=GBK -Duser.country=CN -Duser.language=zh -Duser.variant 
java_command: com.android.dx.command.Main --dex --force-jumbo --num-threads=4 --multi-dex --output E:\AndroidStudioProjects\GankIO\app\build\intermediates\transforms\dex\debug\folders\1000\10\okio-1.9.0_db0545b090bbd931e1cf6e43202e038727277a7d C:\Users\Administrator\.gradle\caches\modules-2\files-2.1\com.squareup.okio\okio\1.9.0\f824591a0016efbaeddb8300bee54832a1398cfa\okio-1.9.0.jar
java_class_path (initial): E:\Users\Administrator\AppData\Local\Android\sdk\build-tools\23.0.3\lib\dx.jar
Launcher Type: SUN_STANDARD

Environment Variables:
JAVA_HOME=C:\Program Files\Java\jdk1.8.0_65
CLASSPATH=.;C:\Program Files\Java\jdk1.8.0_65\lib
PATH=C:\ProgramData\Oracle\Java\javapath;E:\Users\Administrator\AppData\Local\Android\sdk\platform-tools;C:\Program Files\Java\jdk1.8.0_65\bin;C:\Windows\system32;C:\Windows;C:\Windows\System32\Wbem;C:\Windows\System32\WindowsPowerShell\v1.0\;C:\Program Files\nodejs\;C:\Users\Administrator\AppData\Roaming\npm;C:\Users\Administrator\AppData\Local\atom\bin
USERNAME=Administrator
OS=Windows_NT
PROCESSOR_IDENTIFIER=Intel64 Family 6 Model 60 Stepping 3, GenuineIntel



---------------  S Y S T E M  ---------------

OS: Windows 7 , 64 bit Build 7601 (6.1.7601.18798)

CPU:total 4 (2 cores per cpu, 2 threads per core) family 6 model 60 stepping 3, cmov, cx8, fxsr, mmx, sse, sse2, sse3, ssse3, sse4.1, sse4.2, popcnt, avx, avx2, aes, clmul, erms, lzcnt, ht, tsc, tscinvbit, bmi1, bmi2

Memory: 4k page, physical 8313136k(487140k free), swap 12504876k(5380k free)

vm_info: Java HotSpot(TM) 64-Bit Server VM (25.65-b01) for windows-amd64 JRE (1.8.0_65-b17), built on Oct  6 2015 16:39:20 by "java_re" with MS VC++ 10.0 (VS2010)

time: Sat Dec 03 17:57:47 2016
elapsed time: 3 seconds (0d 0h 0m 3s)

