#
# There is insufficient memory for the Java Runtime Environment to continue.
# Native memory allocation (malloc) failed to allocate 1342976 bytes for Chunk::new
# Possible reasons:
#   The system is out of physical RAM or swap space
#   In 32 bit mode, the process size limit was hit
# Possible solutions:
#   Reduce memory load on the system
#   Increase physical memory or swap space
#   Check if swap backing store is full
#   Use 64 bit Java on a 64 bit OS
#   Decrease Java heap size (-Xmx/-Xms)
#   Decrease number of Java threads
#   Decrease Java thread stack sizes (-Xss)
#   Set larger code cache with -XX:ReservedCodeCacheSize=
# This output file may be truncated or incomplete.
#
#  Out of Memory Error (allocation.cpp:390), pid=13280, tid=14288
#
# JRE version: Java(TM) SE Runtime Environment (8.0_65-b17) (build 1.8.0_65-b17)
# Java VM: Java HotSpot(TM) 64-Bit Server VM (25.65-b01 mixed mode windows-amd64 compressed oops)
# Failed to write core dump. Minidumps are not enabled by default on client versions of Windows
#

---------------  T H R E A D  ---------------

Current thread (0x0000000056162000):  JavaThread "C2 CompilerThread1" daemon [_thread_in_native, id=14288, stack(0x0000000056670000,0x0000000056770000)]

Stack: [0x0000000056670000,0x0000000056770000]
[error occurred during error reporting (printing stack bounds), id 0xc0000005]

Native frames: (J=compiled Java code, j=interpreted, Vv=VM code, C=native code)


Current CompileTask:
C2:   7431 1514   !   4       com.android.dx.cf.cst.ConstantPoolParser::parse0 (731 bytes)


---------------  P R O C E S S  ---------------

Java Threads: ( => current thread )
  0x00000000563c3800 JavaThread "pool-2-thread-4" [_thread_blocked, id=11388, stack(0x0000000057540000,0x0000000057640000)]
  0x00000000563c0800 JavaThread "pool-2-thread-3" [_thread_blocked, id=12772, stack(0x00000000573d0000,0x00000000574d0000)]
  0x00000000563be800 JavaThread "pool-2-thread-2" [_thread_blocked, id=692, stack(0x0000000056fc0000,0x00000000570c0000)]
  0x00000000562f2800 JavaThread "pool-3-thread-1" [_thread_blocked, id=7760, stack(0x0000000057110000,0x0000000057210000)]
  0x00000000562f1800 JavaThread "pool-2-thread-1" [_thread_blocked, id=5308, stack(0x0000000056e90000,0x0000000056f90000)]
  0x0000000056167000 JavaThread "Service Thread" daemon [_thread_blocked, id=14080, stack(0x00000000569e0000,0x0000000056ae0000)]
  0x0000000056162800 JavaThread "C1 CompilerThread2" daemon [_thread_blocked, id=12796, stack(0x0000000056b60000,0x0000000056c60000)]
=>0x0000000056162000 JavaThread "C2 CompilerThread1" daemon [_thread_in_native, id=14288, stack(0x0000000056670000,0x0000000056770000)]
  0x0000000054d8f000 JavaThread "C2 CompilerThread0" daemon [_thread_blocked, id=11108, stack(0x00000000568e0000,0x00000000569e0000)]
  0x0000000054d8d800 JavaThread "Attach Listener" daemon [_thread_blocked, id=13028, stack(0x0000000056790000,0x0000000056890000)]
  0x0000000054d80800 JavaThread "Signal Dispatcher" daemon [_thread_blocked, id=13716, stack(0x0000000056540000,0x0000000056640000)]
  0x0000000054d21800 JavaThread "Finalizer" daemon [_thread_blocked, id=14044, stack(0x0000000055ff0000,0x00000000560f0000)]
  0x0000000054d20800 JavaThread "Reference Handler" daemon [_thread_blocked, id=1764, stack(0x0000000055e90000,0x0000000055f90000)]
  0x000000000013e800 JavaThread "main" [_thread_blocked, id=12584, stack(0x0000000002320000,0x0000000002420000)]

Other Threads:
  0x0000000054d1b000 VMThread [stack: 0x0000000055d70000,0x0000000055e70000] [id=13816]
  0x00000000561bd800 WatcherThread [stack: 0x0000000056d60000,0x0000000056e60000] [id=6916]

VM state:not at safepoint (normal execution)

VM Mutex/Monitor currently owned by a thread: None

Heap:
 PSYoungGen      total 38400K, used 34200K [0x00000000eab00000, 0x00000000ef600000, 0x0000000100000000)
  eden space 33280K, 87% used [0x00000000eab00000,0x00000000ec76dd38,0x00000000ecb80000)
  from space 5120K, 99% used [0x00000000ecb80000,0x00000000ed078508,0x00000000ed080000)
  to   space 5120K, 0% used [0x00000000ef100000,0x00000000ef100000,0x00000000ef600000)
 ParOldGen       total 87552K, used 1490K [0x00000000c0000000, 0x00000000c5580000, 0x00000000eab00000)
  object space 87552K, 1% used [0x00000000c0000000,0x00000000c0174aa8,0x00000000c5580000)
 Metaspace       used 6115K, capacity 7030K, committed 7296K, reserved 1056768K
  class space    used 603K, capacity 622K, committed 640K, reserved 1048576K

Card table byte_map: [0x00000000117e0000,0x00000000119f0000] byte_map_base: 0x00000000111e0000

Marking Bits: (ParMarkBitMap*) 0x000000005ab3a5b0
 Begin Bits: [0x0000000012190000, 0x0000000013190000)
 End Bits:   [0x0000000013190000, 0x0000000014190000)

Polling page: 0x0000000000120000

CodeCache: size=245760Kb used=6260Kb max_used=6260Kb free=239499Kb
 bounds [0x0000000002420000, 0x0000000002a50000, 0x0000000011420000]
 total_blobs=1771 nmethods=1500 adapters=184
 compilation: enabled

Compilation events (10 events):
Event: 7.305 Thread 0x0000000056162800 nmethod 1516 0x0000000002a25b90 code [0x0000000002a25d80, 0x0000000002a26798]
Event: 7.305 Thread 0x0000000056162800 1517       3       com.android.dx.cf.iface.StdMember::getDescriptor (8 bytes)
Event: 7.306 Thread 0x0000000056162800 nmethod 1517 0x0000000002a1f050 code [0x0000000002a1f1a0, 0x0000000002a1f390]
Event: 7.306 Thread 0x0000000056162800 1518       3       com.android.dx.rop.type.Prototype::intern (31 bytes)
Event: 7.306 Thread 0x0000000056162800 nmethod 1518 0x0000000002a1e9d0 code [0x0000000002a1eb60, 0x0000000002a1eee8]
Event: 7.306 Thread 0x0000000056162800 1519       3       com.android.dx.cf.direct.StdAttributeFactory::code (613 bytes)
Event: 7.311 Thread 0x0000000054d8f000 nmethod 1515 0x0000000002a33ad0 code [0x0000000002a33c40, 0x0000000002a342d8]
Event: 7.313 Thread 0x0000000056162800 nmethod 1519 0x0000000002a34850 code [0x0000000002a351c0, 0x0000000002a3bc18]
Event: 7.313 Thread 0x0000000056162800 1520       3       com.android.dx.cf.direct.StdAttributeFactory::lineNumberTable (204 bytes)
Event: 7.315 Thread 0x0000000056162800 nmethod 1520 0x0000000002a428d0 code [0x0000000002a42d80, 0x0000000002a459d8]

GC Heap History (2 events):
Event: 4.079 GC heap before
{Heap before GC invocations=1 (full 0):
 PSYoungGen      total 38400K, used 33280K [0x00000000eab00000, 0x00000000ed580000, 0x0000000100000000)
  eden space 33280K, 100% used [0x00000000eab00000,0x00000000ecb80000,0x00000000ecb80000)
  from space 5120K, 0% used [0x00000000ed080000,0x00000000ed080000,0x00000000ed580000)
  to   space 5120K, 0% used [0x00000000ecb80000,0x00000000ecb80000,0x00000000ed080000)
 ParOldGen       total 87552K, used 0K [0x00000000c0000000, 0x00000000c5580000, 0x00000000eab00000)
  object space 87552K, 0% used [0x00000000c0000000,0x00000000c0000000,0x00000000c5580000)
 Metaspace       used 5915K, capacity 6838K, committed 7040K, reserved 1056768K
  class space    used 602K, capacity 622K, committed 640K, reserved 1048576K
Event: 4.435 GC heap after
Heap after GC invocations=1 (full 0):
 PSYoungGen      total 38400K, used 5089K [0x00000000eab00000, 0x00000000ef600000, 0x0000000100000000)
  eden space 33280K, 0% used [0x00000000eab00000,0x00000000eab00000,0x00000000ecb80000)
  from space 5120K, 99% used [0x00000000ecb80000,0x00000000ed078508,0x00000000ed080000)
  to   space 5120K, 0% used [0x00000000ef100000,0x00000000ef100000,0x00000000ef600000)
 ParOldGen       total 87552K, used 1490K [0x00000000c0000000, 0x00000000c5580000, 0x00000000eab00000)
  object space 87552K, 1% used [0x00000000c0000000,0x00000000c0174aa8,0x00000000c5580000)
 Metaspace       used 5915K, capacity 6838K, committed 7040K, reserved 1056768K
  class space    used 602K, capacity 622K, committed 640K, reserved 1048576K
}

Deoptimization events (10 events):
Event: 5.158 Thread 0x00000000563be800 Uncommon trap: reason=bimorphic action=maybe_recompile pc=0x00000000026230d0 method=java.util.HashMap.getNode(ILjava/lang/Object;)Ljava/util/HashMap$Node; @ 126
Event: 5.158 Thread 0x00000000563be800 Uncommon trap: reason=bimorphic action=maybe_recompile pc=0x00000000026230d0 method=java.util.HashMap.getNode(ILjava/lang/Object;)Ljava/util/HashMap$Node; @ 126
Event: 5.158 Thread 0x00000000563be800 Uncommon trap: reason=bimorphic action=maybe_recompile pc=0x000000000261f990 method=java.util.HashMap.getNode(ILjava/lang/Object;)Ljava/util/HashMap$Node; @ 126
Event: 6.035 Thread 0x00000000563c0800 Uncommon trap: reason=class_check action=maybe_recompile pc=0x00000000027ed2a4 method=com.android.dx.cf.code.BytecodeArray.parseInstruction(ILcom/android/dx/cf/code/BytecodeArray$Visitor;)I @ 987
Event: 6.035 Thread 0x00000000563c0800 Uncommon trap: reason=class_check action=maybe_recompile pc=0x00000000027ed2a4 method=com.android.dx.cf.code.BytecodeArray.parseInstruction(ILcom/android/dx/cf/code/BytecodeArray$Visitor;)I @ 987
Event: 6.683 Thread 0x00000000563c0800 Uncommon trap: reason=unstable_if action=reinterpret pc=0x0000000002685780 method=com.android.dx.rop.code.LocalItem.hashCode()I @ 25
Event: 6.683 Thread 0x00000000563c0800 Uncommon trap: reason=unstable_if action=reinterpret pc=0x000000000266761c method=com.android.dx.rop.code.LocalItem.hashCode()I @ 25
Event: 6.692 Thread 0x00000000563c0800 Uncommon trap: reason=unstable_if action=reinterpret pc=0x0000000002981458 method=com.android.dx.ssa.LiteralOpUpgrader$1.visitNonMoveInsn(Lcom/android/dx/ssa/NormalSsaInsn;)V @ 176
Event: 7.156 Thread 0x00000000562f1800 Uncommon trap: reason=bimorphic action=maybe_recompile pc=0x00000000027ed49c method=com.android.dx.cf.code.BytecodeArray.parseInstruction(ILcom/android/dx/cf/code/BytecodeArray$Visitor;)I @ 1161
Event: 7.156 Thread 0x00000000562f1800 Uncommon trap: reason=bimorphic action=maybe_recompile pc=0x00000000027ed49c method=com.android.dx.cf.code.BytecodeArray.parseInstruction(ILcom/android/dx/cf/code/BytecodeArray$Visitor;)I @ 1161

Internal exceptions (4 events):
Event: 0.070 Thread 0x000000000013e800 Exception <a 'java/lang/NoSuchMethodError': Method sun.misc.Unsafe.defineClass(Ljava/lang/String;[BII)Ljava/lang/Class; name or signature does not match> (0x00000000eab130a0) thrown at [C:\workspace\8-2-build-windows-amd64-cygwin\jdk8u65\4987\hotspot\src\síŽrqÁ²?
Event: 0.070 Thread 0x000000000013e800 Exception <a 'java/lang/NoSuchMethodError': Method sun.misc.Unsafe.prefetchRead(Ljava/lang/Object;J)V name or signature does not match> (0x00000000eab13388) thrown at [C:\workspace\8-2-build-windows-amd64-cygwin\jdk8u65\4987\hotspot\src\share\vm\prims\jni.ýa;£ù@
Event: 3.622 Thread 0x00000000563be800 Implicit null exception at 0x00000000026ec8bf to 0x00000000026ee1f1
Event: 3.927 Thread 0x00000000563c0800 Implicit null exception at 0x00000000026c0912 to 0x00000000026c0a0a

Events (10 events):
Event: 6.683 Thread 0x00000000563c0800 DEOPT UNPACKING pc=0x000000000246582a sp=0x00000000574ce8f0 mode 2
Event: 6.692 Thread 0x00000000563c0800 Uncommon trap: trap_request=0xffffff65 fr.pc=0x0000000002981458
Event: 6.692 Thread 0x00000000563c0800 DEOPT PACKING pc=0x0000000002981458 sp=0x00000000574cee60
Event: 6.692 Thread 0x00000000563c0800 DEOPT UNPACKING pc=0x000000000246582a sp=0x00000000574cee10 mode 2
Event: 7.156 Thread 0x00000000562f1800 Uncommon trap: trap_request=0xffffffc6 fr.pc=0x00000000027ed49c
Event: 7.156 Thread 0x00000000562f1800 DEOPT PACKING pc=0x00000000027ed49c sp=0x0000000056f8e8a0
Event: 7.156 Thread 0x00000000562f1800 DEOPT UNPACKING pc=0x000000000246582a sp=0x0000000056f8e828 mode 2
Event: 7.156 Thread 0x00000000562f1800 Uncommon trap: trap_request=0xffffffc6 fr.pc=0x00000000027ed49c
Event: 7.156 Thread 0x00000000562f1800 DEOPT PACKING pc=0x00000000027ed49c sp=0x0000000056f8e680
Event: 7.156 Thread 0x00000000562f1800 DEOPT UNPACKING pc=0x000000000246582a sp=0x0000000056f8e608 mode 2


Dynamic libraries:
0x000000013fb80000 - 0x000000013fbb7000 	C:\Program Files\Java\jdk1.8.0_65\bin\java.exe
0x0000000076db0000 - 0x0000000076f58000 	C:\Windows\SYSTEM32\ntdll.dll
0x0000000076b90000 - 0x0000000076caf000 	C:\Windows\system32\kernel32.dll
0x000007fefcf50000 - 0x000007fefcfbc000 	C:\Windows\system32\KERNELBASE.dll
0x000007fefd860000 - 0x000007fefd93b000 	C:\Windows\system32\ADVAPI32.dll
0x000007fefd250000 - 0x000007fefd2ef000 	C:\Windows\system32\msvcrt.dll
0x000007fefd440000 - 0x000007fefd45f000 	C:\Windows\SYSTEM32\sechost.dll
0x000007fefd2f0000 - 0x000007fefd41d000 	C:\Windows\system32\RPCRT4.dll
0x0000000076cb0000 - 0x0000000076daa000 	C:\Windows\system32\USER32.dll
0x000007fefdec0000 - 0x000007fefdf27000 	C:\Windows\system32\GDI32.dll
0x000007feff0b0000 - 0x000007feff0be000 	C:\Windows\system32\LPK.dll
0x000007fefd710000 - 0x000007fefd7d9000 	C:\Windows\system32\USP10.dll
0x000007fefa9c0000 - 0x000007fefabb4000 	C:\Windows\WinSxS\amd64_microsoft.windows.common-controls_6595b64144ccf1df_6.0.7601.18807_none_fa381d5f175bfb52\COMCTL32.dll
0x000007fefd7e0000 - 0x000007fefd851000 	C:\Windows\system32\SHLWAPI.dll
0x000007fefd460000 - 0x000007fefd48e000 	C:\Windows\system32\IMM32.DLL
0x000007fefd940000 - 0x000007fefda49000 	C:\Windows\system32\MSCTF.dll
0x000007fefcc70000 - 0x000007fefcca1000 	C:\Windows\system32\nvinitx.dll
0x000007fefcc60000 - 0x000007fefcc6c000 	C:\Windows\system32\VERSION.dll
0x000000005bb10000 - 0x000000005bbe2000 	C:\Program Files\Java\jdk1.8.0_65\jre\bin\msvcr100.dll
0x000000005a330000 - 0x000000005abb9000 	C:\Program Files\Java\jdk1.8.0_65\jre\bin\server\jvm.dll
0x000007feec300000 - 0x000007feec309000 	C:\Windows\system32\WSOCK32.dll
0x000007fefd540000 - 0x000007fefd58d000 	C:\Windows\system32\WS2_32.dll
0x000007fefd490000 - 0x000007fefd498000 	C:\Windows\system32\NSI.dll
0x000007fefa3d0000 - 0x000007fefa40b000 	C:\Windows\system32\WINMM.dll
0x0000000076f80000 - 0x0000000076f87000 	C:\Windows\system32\PSAPI.DLL
0x000000005c280000 - 0x000000005c28f000 	C:\Program Files\Java\jdk1.8.0_65\jre\bin\verify.dll
0x000000005c200000 - 0x000000005c229000 	C:\Program Files\Java\jdk1.8.0_65\jre\bin\java.dll
0x000000005c1e0000 - 0x000000005c1f6000 	C:\Program Files\Java\jdk1.8.0_65\jre\bin\zip.dll
0x000007fefe140000 - 0x000007fefeec8000 	C:\Windows\system32\SHELL32.dll
0x000007fefdf30000 - 0x000007fefe133000 	C:\Windows\system32\ole32.dll
0x000007fefccb0000 - 0x000007fefccbf000 	C:\Windows\system32\profapi.dll

VM Arguments:
jvm_args: -Djava.awt.headless=true -Xmx1024M -Dfile.encoding=GBK -Duser.country=CN -Duser.language=zh -Duser.variant 
java_command: com.android.dx.command.Main --dex --force-jumbo --num-threads=4 --multi-dex --output E:\AndroidStudioProjects\GankIO\app\build\intermediates\transforms\dex\debug\folders\1000\10\okio-1.9.0_db0545b090bbd931e1cf6e43202e038727277a7d C:\Users\Administrator\.gradle\caches\modules-2\files-2.1\com.squareup.okio\okio\1.9.0\f824591a0016efbaeddb8300bee54832a1398cfa\okio-1.9.0.jar
java_class_path (initial): E:\Users\Administrator\AppData\Local\Android\sdk\build-tools\23.0.3\lib\dx.jar
Launcher Type: SUN_STANDARD

Environment Variables:
JAVA_HOME=C:\Program Files\Java\jdk1.8.0_65
CLASSPATH=.;C:\Program Files\Java\jdk1.8.0_65\lib
PATH=C:\ProgramData\Oracle\Java\javapath;E:\Users\Administrator\AppData\Local\Android\sdk\platform-tools;C:\Program Files\Java\jdk1.8.0_65\bin;C:\Windows\system32;C:\Windows;C:\Windows\System32\Wbem;C:\Windows\System32\WindowsPowerShell\v1.0\;C:\Program Files\nodejs\;C:\Users\Administrator\AppData\Roaming\npm;C:\Users\Administrator\AppData\Local\atom\bin
USERNAME=Administrator
OS=Windows_NT
PROCESSOR_IDENTIFIER=Intel64 Family 6 Model 60 Stepping 3, GenuineIntel



---------------  S Y S T E M  ---------------

OS: Windows 7 , 64 bit Build 7601 (6.1.7601.18798)

CPU:total 4 (2 cores per cpu, 2 threads per core) family 6 model 60 stepping 3, cmov, cx8, fxsr, mmx, sse, sse2, sse3, ssse3, sse4.1, sse4.2, popcnt, avx, avx2, aes, clmul, erms, lzcnt, ht, tsc, tscinvbit, bmi1, bmi2

Memory: 4k page, physical 8313136k(554280k free), swap 12504876k(5252k free)

vm_info: Java HotSpot(TM) 64-Bit Server VM (25.65-b01) for windows-amd64 JRE (1.8.0_65-b17), built on Oct  6 2015 16:39:20 by "java_re" with MS VC++ 10.0 (VS2010)

time: Sat Dec 03 17:56:59 2016
elapsed time: 7 seconds (0d 0h 0m 7s)

