#
# There is insufficient memory for the Java Runtime Environment to continue.
# Native memory allocation (malloc) failed to allocate 1031216 bytes for Chunk::new
# Possible reasons:
#   The system is out of physical RAM or swap space
#   In 32 bit mode, the process size limit was hit
# Possible solutions:
#   Reduce memory load on the system
#   Increase physical memory or swap space
#   Check if swap backing store is full
#   Use 64 bit Java on a 64 bit OS
#   Decrease Java heap size (-Xmx/-Xms)
#   Decrease number of Java threads
#   Decrease Java thread stack sizes (-Xss)
#   Set larger code cache with -XX:ReservedCodeCacheSize=
# This output file may be truncated or incomplete.
#
#  Out of Memory Error (allocation.cpp:390), pid=8064, tid=8116
#
# JRE version: Java(TM) SE Runtime Environment (8.0_65-b17) (build 1.8.0_65-b17)
# Java VM: Java HotSpot(TM) 64-Bit Server VM (25.65-b01 mixed mode windows-amd64 compressed oops)
# Failed to write core dump. Minidumps are not enabled by default on client versions of Windows
#

---------------  T H R E A D  ---------------

Current thread (0x000000005612f000):  JavaThread "C2 CompilerThread0" daemon [_thread_in_native, id=8116, stack(0x0000000056a60000,0x0000000056b60000)]

Stack: [0x0000000056a60000,0x0000000056b60000]
[error occurred during error reporting (printing stack bounds), id 0xc0000005]

Native frames: (J=compiled Java code, j=interpreted, Vv=VM code, C=native code)


Current CompileTask:
C2:   3238 1388       4       com.android.dx.ssa.SCCP::simulateBlock (54 bytes)


---------------  P R O C E S S  ---------------

Java Threads: ( => current thread )
  0x0000000056421000 JavaThread "pool-2-thread-4" [_thread_blocked, id=8816, stack(0x0000000057860000,0x0000000057960000)]
  0x000000005641d800 JavaThread "pool-2-thread-3" [_thread_blocked, id=8736, stack(0x0000000057620000,0x0000000057720000)]
  0x000000005641a000 JavaThread "pool-2-thread-2" [_thread_blocked, id=1700, stack(0x0000000057460000,0x0000000057560000)]
  0x0000000056415800 JavaThread "pool-3-thread-1" [_thread_blocked, id=10072, stack(0x0000000057360000,0x0000000057460000)]
  0x0000000056413800 JavaThread "pool-2-thread-1" [_thread_in_Java, id=6924, stack(0x00000000571a0000,0x00000000572a0000)]
  0x00000000561ba000 JavaThread "Service Thread" daemon [_thread_blocked, id=8432, stack(0x0000000056f30000,0x0000000057030000)]
  0x0000000056135000 JavaThread "C1 CompilerThread2" daemon [_thread_in_vm, id=9008, stack(0x0000000056d50000,0x0000000056e50000)]
  0x0000000056133800 JavaThread "C2 CompilerThread1" daemon [_thread_in_native, id=9368, stack(0x0000000056c10000,0x0000000056d10000)]
=>0x000000005612f000 JavaThread "C2 CompilerThread0" daemon [_thread_in_native, id=8116, stack(0x0000000056a60000,0x0000000056b60000)]
  0x000000005612c800 JavaThread "Attach Listener" daemon [_thread_blocked, id=2728, stack(0x0000000056860000,0x0000000056960000)]
  0x0000000054ce6000 JavaThread "Signal Dispatcher" daemon [_thread_blocked, id=10212, stack(0x00000000566f0000,0x00000000567f0000)]
  0x0000000054c91800 JavaThread "Finalizer" daemon [_thread_blocked, id=8888, stack(0x0000000055d00000,0x0000000055e00000)]
  0x0000000054c90800 JavaThread "Reference Handler" daemon [_thread_blocked, id=8272, stack(0x0000000056020000,0x0000000056120000)]
  0x000000000220e800 JavaThread "main" [_thread_blocked, id=5320, stack(0x00000000024e0000,0x00000000025e0000)]

Other Threads:
  0x0000000054c8b000 VMThread [stack: 0x0000000055ee0000,0x0000000055fe0000] [id=6244]
  0x00000000561f7000 WatcherThread [stack: 0x00000000565d0000,0x00000000566d0000] [id=6888]

VM state:not at safepoint (normal execution)

VM Mutex/Monitor currently owned by a thread: None

Heap:
 PSYoungGen      total 38400K, used 15889K [0x00000000eab00000, 0x00000000ef600000, 0x0000000100000000)
  eden space 33280K, 32% used [0x00000000eab00000,0x00000000eb5854c0,0x00000000ecb80000)
  from space 5120K, 99% used [0x00000000ecb80000,0x00000000ed07f2a8,0x00000000ed080000)
  to   space 5120K, 0% used [0x00000000ef100000,0x00000000ef100000,0x00000000ef600000)
 ParOldGen       total 87552K, used 1189K [0x00000000c0000000, 0x00000000c5580000, 0x00000000eab00000)
  object space 87552K, 1% used [0x00000000c0000000,0x00000000c01295c0,0x00000000c5580000)
 Metaspace       used 6107K, capacity 6964K, committed 7040K, reserved 1056768K
  class space    used 603K, capacity 620K, committed 640K, reserved 1048576K

Card table byte_map: [0x00000000119a0000,0x0000000011bb0000] byte_map_base: 0x00000000113a0000

Marking Bits: (ParMarkBitMap*) 0x00000000675aa5b0
 Begin Bits: [0x0000000012100000, 0x0000000013100000)
 End Bits:   [0x0000000013100000, 0x0000000014100000)

Polling page: 0x0000000000110000

CodeCache: size=245760Kb used=5735Kb max_used=5745Kb free=240024Kb
 bounds [0x00000000025e0000, 0x0000000002b90000, 0x00000000115e0000]
 total_blobs=1664 nmethods=1393 adapters=184
 compilation: enabled

Compilation events (10 events):
Event: 3.163 Thread 0x0000000056135000 1392       3       com.android.dx.cf.direct.DirectClassFile::getSourceFile (31 bytes)
Event: 3.163 Thread 0x0000000056135000 nmethod 1392 0x0000000002b62e50 code [0x0000000002b63000, 0x0000000002b635b8]
Event: 3.168 Thread 0x0000000056133800 nmethod 1387 0x0000000002b81a50 code [0x0000000002b81bc0, 0x0000000002b822f8]
Event: 3.168 Thread 0x0000000056133800 1391       4       com.android.dx.ssa.back.LivenessAnalyzer::run (231 bytes)
Event: 3.224 Thread 0x0000000056135000 1395       1       com.android.dx.rop.annotation.NameValuePair::getValue (5 bytes)
Event: 3.224 Thread 0x0000000056135000 nmethod 1395 0x0000000002b53ad0 code [0x0000000002b53c20, 0x0000000002b53d30]
Event: 3.236 Thread 0x0000000056135000 1396       3       com.android.dx.rop.cst.TypedConstant::getFrameType (2 bytes)
Event: 3.236 Thread 0x0000000056135000 nmethod 1396 0x0000000002b53790 code [0x0000000002b538e0, 0x0000000002b53a30]
Event: 3.237 Thread 0x0000000056135000 1398       3       com.android.dx.rop.cst.CstKnownNull::getType (4 bytes)
Event: 3.237 Thread 0x0000000056135000 nmethod 1398 0x0000000002b62b10 code [0x0000000002b62c60, 0x0000000002b62db0]

GC Heap History (2 events):
Event: 1.945 GC heap before
{Heap before GC invocations=1 (full 0):
 PSYoungGen      total 38400K, used 33280K [0x00000000eab00000, 0x00000000ed580000, 0x0000000100000000)
  eden space 33280K, 100% used [0x00000000eab00000,0x00000000ecb80000,0x00000000ecb80000)
  from space 5120K, 0% used [0x00000000ed080000,0x00000000ed080000,0x00000000ed580000)
  to   space 5120K, 0% used [0x00000000ecb80000,0x00000000ecb80000,0x00000000ed080000)
 ParOldGen       total 87552K, used 0K [0x00000000c0000000, 0x00000000c5580000, 0x00000000eab00000)
  object space 87552K, 0% used [0x00000000c0000000,0x00000000c0000000,0x00000000c5580000)
 Metaspace       used 5996K, capacity 6900K, committed 7040K, reserved 1056768K
  class space    used 603K, capacity 620K, committed 640K, reserved 1048576K
Event: 2.170 GC heap after
Heap after GC invocations=1 (full 0):
 PSYoungGen      total 38400K, used 5116K [0x00000000eab00000, 0x00000000ef600000, 0x0000000100000000)
  eden space 33280K, 0% used [0x00000000eab00000,0x00000000eab00000,0x00000000ecb80000)
  from space 5120K, 99% used [0x00000000ecb80000,0x00000000ed07f2a8,0x00000000ed080000)
  to   space 5120K, 0% used [0x00000000ef100000,0x00000000ef100000,0x00000000ef600000)
 ParOldGen       total 87552K, used 1189K [0x00000000c0000000, 0x00000000c5580000, 0x00000000eab00000)
  object space 87552K, 1% used [0x00000000c0000000,0x00000000c01295c0,0x00000000c5580000)
 Metaspace       used 5996K, capacity 6900K, committed 7040K, reserved 1056768K
  class space    used 603K, capacity 620K, committed 640K, reserved 1048576K
}

Deoptimization events (10 events):
Event: 1.014 Thread 0x000000005641a000 Uncommon trap: reason=class_check action=maybe_recompile pc=0x00000000027faca0 method=com.android.dx.ssa.NormalSsaInsn.accept(Lcom/android/dx/ssa/SsaInsn$Visitor;)V @ 9
Event: 1.052 Thread 0x000000005641a000 Uncommon trap: reason=unstable_if action=reinterpret pc=0x0000000002860a20 method=com.android.dx.rop.code.RegisterSpec.equals(ILcom/android/dx/rop/type/TypeBearer;Lcom/android/dx/rop/code/LocalItem;)Z @ 16
Event: 1.694 Thread 0x0000000056421000 Uncommon trap: reason=unstable_if action=reinterpret pc=0x00000000028d3234 method=com.android.dx.rop.code.RegisterSpec.equals(ILcom/android/dx/rop/type/TypeBearer;Lcom/android/dx/rop/code/LocalItem;)Z @ 16
Event: 1.694 Thread 0x0000000056421000 Uncommon trap: reason=unstable_if action=reinterpret pc=0x00000000027eac14 method=java.util.HashMap.getNode(ILjava/lang/Object;)Ljava/util/HashMap$Node; @ 62
Event: 1.696 Thread 0x0000000056421000 Uncommon trap: reason=bimorphic action=maybe_recompile pc=0x0000000002a1f568 method=java.util.HashMap.putVal(ILjava/lang/Object;Ljava/lang/Object;ZZ)Ljava/lang/Object; @ 91
Event: 1.805 Thread 0x0000000056421000 Uncommon trap: reason=null_check action=make_not_entrant pc=0x0000000002a71d58 method=com.android.dx.rop.type.Type.equals(Ljava/lang/Object;)Z @ 8
Event: 2.493 Thread 0x0000000056421000 Uncommon trap: reason=unstable_if action=reinterpret pc=0x0000000002aeacd4 method=com.android.dx.rop.code.LocalItem.hashCode()I @ 25
Event: 2.494 Thread 0x0000000056421000 Uncommon trap: reason=unstable_if action=reinterpret pc=0x0000000002ab03ac method=com.android.dx.rop.code.LocalItem.hashCode()I @ 25
Event: 2.494 Thread 0x0000000056421000 Uncommon trap: reason=unstable_if action=reinterpret pc=0x0000000002a5ed2c method=com.android.dx.rop.code.LocalItem.hashCode()I @ 25
Event: 3.147 Thread 0x0000000056421000 Uncommon trap: reason=null_check action=make_not_entrant pc=0x0000000002934460 method=com.android.dx.ssa.SsaRenamer.getLocalForNewReg(I)Lcom/android/dx/rop/code/LocalItem; @ 19

Internal exceptions (4 events):
Event: 0.082 Thread 0x000000000220e800 Exception <a 'java/lang/NoSuchMethodError': Method sun.misc.Unsafe.defineClass(Ljava/lang/String;[BII)Ljava/lang/Class; name or signature does not match> (0x00000000eab130a0) thrown at [C:\workspace\8-2-build-windows-amd64-cygwin\jdk8u65\4987\hotspot\src\s8ûÓg¦ä´?
Event: 0.082 Thread 0x000000000220e800 Exception <a 'java/lang/NoSuchMethodError': Method sun.misc.Unsafe.prefetchRead(Ljava/lang/Object;J)V name or signature does not match> (0x00000000eab13388) thrown at [C:\workspace\8-2-build-windows-amd64-cygwin\jdk8u65\4987\hotspot\src\share\vm\prims\jni.7‰®€àü?
Event: 1.805 Thread 0x0000000056421000 Implicit null exception at 0x0000000002a71c52 to 0x0000000002a71d4a
Event: 3.147 Thread 0x0000000056421000 Implicit null exception at 0x00000000029332df to 0x0000000002934415

Events (10 events):
Event: 2.493 Thread 0x0000000056421000 DEOPT UNPACKING pc=0x000000000262582a sp=0x000000005795ea98 mode 2
Event: 2.494 Thread 0x0000000056421000 Uncommon trap: trap_request=0xffffff65 fr.pc=0x0000000002ab03ac
Event: 2.494 Thread 0x0000000056421000 DEOPT PACKING pc=0x0000000002ab03ac sp=0x000000005795e9f0
Event: 2.494 Thread 0x0000000056421000 DEOPT UNPACKING pc=0x000000000262582a sp=0x000000005795e5d8 mode 2
Event: 2.494 Thread 0x0000000056421000 Uncommon trap: trap_request=0xffffff65 fr.pc=0x0000000002a5ed2c
Event: 2.494 Thread 0x0000000056421000 DEOPT PACKING pc=0x0000000002a5ed2c sp=0x000000005795e9d0
Event: 2.494 Thread 0x0000000056421000 DEOPT UNPACKING pc=0x000000000262582a sp=0x000000005795e838 mode 2
Event: 3.147 Thread 0x0000000056421000 Uncommon trap: trap_request=0xfffffff4 fr.pc=0x0000000002934460
Event: 3.147 Thread 0x0000000056421000 DEOPT PACKING pc=0x0000000002934460 sp=0x000000005795eaf0
Event: 3.147 Thread 0x0000000056421000 DEOPT UNPACKING pc=0x000000000262582a sp=0x000000005795e8e8 mode 2


Dynamic libraries:
0x000000013f670000 - 0x000000013f6a7000 	C:\Program Files\Java\jdk1.8.0_65\bin\java.exe
0x0000000077120000 - 0x00000000772c8000 	C:\Windows\SYSTEM32\ntdll.dll
0x0000000076f00000 - 0x000000007701f000 	C:\Windows\system32\kernel32.dll
0x000007fefd1f0000 - 0x000007fefd25c000 	C:\Windows\system32\KERNELBASE.dll
0x000007fefebd0000 - 0x000007fefecab000 	C:\Windows\system32\ADVAPI32.dll
0x000007fefeb30000 - 0x000007fefebcf000 	C:\Windows\system32\msvcrt.dll
0x000007feff280000 - 0x000007feff29f000 	C:\Windows\SYSTEM32\sechost.dll
0x000007fefdb20000 - 0x000007fefdc4d000 	C:\Windows\system32\RPCRT4.dll
0x0000000077020000 - 0x000000007711a000 	C:\Windows\system32\USER32.dll
0x000007fefdc50000 - 0x000007fefdcb7000 	C:\Windows\system32\GDI32.dll
0x000007fefd610000 - 0x000007fefd61e000 	C:\Windows\system32\LPK.dll
0x000007fefd7c0000 - 0x000007fefd889000 	C:\Windows\system32\USP10.dll
0x000007fefaad0000 - 0x000007fefacc4000 	C:\Windows\WinSxS\amd64_microsoft.windows.common-controls_6595b64144ccf1df_6.0.7601.18807_none_fa381d5f175bfb52\COMCTL32.dll
0x000007fefd890000 - 0x000007fefd901000 	C:\Windows\system32\SHLWAPI.dll
0x000007feff200000 - 0x000007feff22e000 	C:\Windows\system32\IMM32.DLL
0x000007fefecb0000 - 0x000007fefedb9000 	C:\Windows\system32\MSCTF.dll
0x000007fefcfe0000 - 0x000007fefd011000 	C:\Windows\system32\nvinitx.dll
0x000007fefcfd0000 - 0x000007fefcfdc000 	C:\Windows\system32\VERSION.dll
0x00000000680a0000 - 0x0000000068172000 	C:\Program Files\Java\jdk1.8.0_65\jre\bin\msvcr100.dll
0x0000000066da0000 - 0x0000000067629000 	C:\Program Files\Java\jdk1.8.0_65\jre\bin\server\jvm.dll
0x000007fefa020000 - 0x000007fefa029000 	C:\Windows\system32\WSOCK32.dll
0x000007feff230000 - 0x000007feff27d000 	C:\Windows\system32\WS2_32.dll
0x000007fefee60000 - 0x000007fefee68000 	C:\Windows\system32\NSI.dll
0x000007fefa6c0000 - 0x000007fefa6fb000 	C:\Windows\system32\WINMM.dll
0x00000000772e0000 - 0x00000000772e7000 	C:\Windows\system32\PSAPI.DLL
0x00000000687b0000 - 0x00000000687bf000 	C:\Program Files\Java\jdk1.8.0_65\jre\bin\verify.dll
0x0000000068780000 - 0x00000000687a9000 	C:\Program Files\Java\jdk1.8.0_65\jre\bin\java.dll
0x0000000068480000 - 0x0000000068496000 	C:\Program Files\Java\jdk1.8.0_65\jre\bin\zip.dll
0x000007fefdda0000 - 0x000007fefeb28000 	C:\Windows\system32\SHELL32.dll
0x000007fefd910000 - 0x000007fefdb13000 	C:\Windows\system32\ole32.dll
0x000007fefd020000 - 0x000007fefd02f000 	C:\Windows\system32\profapi.dll

VM Arguments:
jvm_args: -Djava.awt.headless=true -Xmx1024M -Dfile.encoding=GBK -Duser.country=CN -Duser.language=zh -Duser.variant 
java_command: com.android.dx.command.Main --dex --force-jumbo --num-threads=4 --multi-dex --output E:\AndroidStudioProjects\GankIO\app\build\intermediates\transforms\dex\debug\folders\1000\10\com.android.support-design-23.4.0_11ce88371ba8539baefff9ecf14f603a44e39fa9 E:\AndroidStudioProjects\GankIO\app\build\intermediates\exploded-aar\com.android.support\design\23.4.0\jars\classes.jar
java_class_path (initial): E:\Users\Administrator\AppData\Local\Android\sdk\build-tools\23.0.3\lib\dx.jar
Launcher Type: SUN_STANDARD

Environment Variables:
JAVA_HOME=C:\Program Files\Java\jdk1.8.0_65
CLASSPATH=.;C:\Program Files\Java\jdk1.8.0_65\lib
PATH=C:\ProgramData\Oracle\Java\javapath;E:\Users\Administrator\AppData\Local\Android\sdk\platform-tools;C:\Program Files\Java\jdk1.8.0_65\bin;C:\Windows\system32;C:\Windows;C:\Windows\System32\Wbem;C:\Windows\System32\WindowsPowerShell\v1.0\;C:\Program Files\nodejs\;C:\Users\Administrator\AppData\Roaming\npm;C:\Users\Administrator\AppData\Local\atom\bin
USERNAME=Administrator
OS=Windows_NT
PROCESSOR_IDENTIFIER=Intel64 Family 6 Model 60 Stepping 3, GenuineIntel



---------------  S Y S T E M  ---------------

OS: Windows 7 , 64 bit Build 7601 (6.1.7601.18798)

CPU:total 4 (2 cores per cpu, 2 threads per core) family 6 model 60 stepping 3, cmov, cx8, fxsr, mmx, sse, sse2, sse3, ssse3, sse4.1, sse4.2, popcnt, avx, avx2, aes, clmul, erms, lzcnt, ht, tsc, tscinvbit, bmi1, bmi2

Memory: 4k page, physical 8313136k(698048k free), swap 12505196k(5112k free)

vm_info: Java HotSpot(TM) 64-Bit Server VM (25.65-b01) for windows-amd64 JRE (1.8.0_65-b17), built on Oct  6 2015 16:39:20 by "java_re" with MS VC++ 10.0 (VS2010)

time: Sun Dec 04 21:08:34 2016
elapsed time: 3 seconds (0d 0h 0m 3s)

