#
# There is insufficient memory for the Java Runtime Environment to continue.
# Native memory allocation (malloc) failed to allocate 801776 bytes for Chunk::new
# Possible reasons:
#   The system is out of physical RAM or swap space
#   In 32 bit mode, the process size limit was hit
# Possible solutions:
#   Reduce memory load on the system
#   Increase physical memory or swap space
#   Check if swap backing store is full
#   Use 64 bit Java on a 64 bit OS
#   Decrease Java heap size (-Xmx/-Xms)
#   Decrease number of Java threads
#   Decrease Java thread stack sizes (-Xss)
#   Set larger code cache with -XX:ReservedCodeCacheSize=
# This output file may be truncated or incomplete.
#
#  Out of Memory Error (allocation.cpp:390), pid=7740, tid=7592
#
# JRE version: Java(TM) SE Runtime Environment (8.0_65-b17) (build 1.8.0_65-b17)
# Java VM: Java HotSpot(TM) 64-Bit Server VM (25.65-b01 mixed mode windows-amd64 compressed oops)
# Failed to write core dump. Minidumps are not enabled by default on client versions of Windows
#

---------------  T H R E A D  ---------------

Current thread (0x0000000056148000):  JavaThread "C2 CompilerThread0" daemon [_thread_in_native, id=7592, stack(0x0000000056690000,0x0000000056790000)]

Stack: [0x0000000056690000,0x0000000056790000]
[error occurred during error reporting (printing stack bounds), id 0xc0000005]

Native frames: (J=compiled Java code, j=interpreted, Vv=VM code, C=native code)


Current CompileTask:
C2:   4041 1436       4       com.android.dx.ssa.SCCP::simulatePhi (169 bytes)


---------------  P R O C E S S  ---------------

Java Threads: ( => current thread )
  0x00000000563b4000 JavaThread "pool-2-thread-4" [_thread_blocked, id=14044, stack(0x00000000574d0000,0x00000000575d0000)]
  0x00000000563b1000 JavaThread "pool-2-thread-3" [_thread_blocked, id=1084, stack(0x0000000057230000,0x0000000057330000)]
  0x000000005639c800 JavaThread "pool-2-thread-2" [_thread_blocked, id=13692, stack(0x0000000056cb0000,0x0000000056db0000)]
  0x00000000563a8800 JavaThread "pool-3-thread-1" [_thread_blocked, id=5204, stack(0x0000000057110000,0x0000000057210000)]
  0x00000000563a6800 JavaThread "pool-2-thread-1" [_thread_in_Java, id=12436, stack(0x0000000057010000,0x0000000057110000)]
  0x00000000561b3800 JavaThread "Service Thread" daemon [_thread_blocked, id=14188, stack(0x0000000055c80000,0x0000000055d80000)]
  0x0000000054d6a000 JavaThread "C1 CompilerThread2" daemon [_thread_blocked, id=13316, stack(0x0000000056b60000,0x0000000056c60000)]
  0x0000000054d69000 JavaThread "C2 CompilerThread1" daemon [_thread_in_native, id=5648, stack(0x00000000569f0000,0x0000000056af0000)]
=>0x0000000056148000 JavaThread "C2 CompilerThread0" daemon [_thread_in_native, id=7592, stack(0x0000000056690000,0x0000000056790000)]
  0x000000005613c800 JavaThread "Attach Listener" daemon [_thread_blocked, id=14164, stack(0x00000000567e0000,0x00000000568e0000)]
  0x0000000054d5d800 JavaThread "Signal Dispatcher" daemon [_thread_blocked, id=7696, stack(0x0000000056560000,0x0000000056660000)]
  0x0000000054d03800 JavaThread "Finalizer" daemon [_thread_blocked, id=13764, stack(0x0000000056030000,0x0000000056130000)]
  0x0000000054d02000 JavaThread "Reference Handler" daemon [_thread_blocked, id=12836, stack(0x0000000055f30000,0x0000000056030000)]
  0x00000000000fe800 JavaThread "main" [_thread_blocked, id=2244, stack(0x0000000002440000,0x0000000002540000)]

Other Threads:
  0x0000000054cfc800 VMThread [stack: 0x0000000055d80000,0x0000000055e80000] [id=13264]
  0x000000005620f000 WatcherThread [stack: 0x0000000056e00000,0x0000000056f00000] [id=2236]

VM state:not at safepoint (normal execution)

VM Mutex/Monitor currently owned by a thread: None

Heap:
 PSYoungGen      total 38400K, used 28082K [0x00000000eab00000, 0x00000000ed580000, 0x0000000100000000)
  eden space 33280K, 69% used [0x00000000eab00000,0x00000000ec173f68,0x00000000ecb80000)
  from space 5120K, 99% used [0x00000000ecb80000,0x00000000ed078ac8,0x00000000ed080000)
  to   space 5120K, 0% used [0x00000000ed080000,0x00000000ed080000,0x00000000ed580000)
 ParOldGen       total 87552K, used 1795K [0x00000000c0000000, 0x00000000c5580000, 0x00000000eab00000)
  object space 87552K, 2% used [0x00000000c0000000,0x00000000c01c0e18,0x00000000c5580000)
 Metaspace       used 6135K, capacity 7028K, committed 7296K, reserved 1056768K
  class space    used 602K, capacity 620K, committed 640K, reserved 1048576K

Card table byte_map: [0x0000000011900000,0x0000000011b10000] byte_map_base: 0x0000000011300000

Marking Bits: (ParMarkBitMap*) 0x0000000059daa5b0
 Begin Bits: [0x0000000012170000, 0x0000000013170000)
 End Bits:   [0x0000000013170000, 0x0000000014170000)

Polling page: 0x0000000000120000

CodeCache: size=245760Kb used=5816Kb max_used=5829Kb free=239943Kb
 bounds [0x0000000002540000, 0x0000000002b00000, 0x0000000011540000]
 total_blobs=1700 nmethods=1429 adapters=184
 compilation: enabled

Compilation events (10 events):
Event: 3.982 Thread 0x0000000056148000 nmethod 1429 0x0000000002adfad0 code [0x0000000002adfc20, 0x0000000002adfd58]
Event: 3.982 Thread 0x0000000056148000 1430       4       com.android.dx.rop.code.BasicBlockList$RegCountVisitor::visitThrowingCstInsn (6 bytes)
Event: 3.987 Thread 0x0000000056148000 nmethod 1430 0x0000000002ad4910 code [0x0000000002ad4a80, 0x0000000002ad4d38]
Event: 3.987 Thread 0x0000000056148000 1433       4       com.android.dx.cf.code.BaseMachine::getLocalTarget (151 bytes)
Event: 3.989 Thread 0x0000000056148000 nmethod 1433 0x0000000002adf450 code [0x0000000002adf5c0, 0x0000000002adf798]
Event: 3.990 Thread 0x0000000056148000 1434       4       com.android.dx.cf.code.BaseMachine::storeResults (90 bytes)
Event: 3.998 Thread 0x0000000054d6a000 1439       1       sun.util.calendar.CalendarDate::getMonth (5 bytes)
Event: 3.998 Thread 0x0000000054d6a000 nmethod 1439 0x0000000002ad4650 code [0x0000000002ad47a0, 0x0000000002ad48b0]
Event: 3.999 Thread 0x0000000056148000 nmethod 1434 0x0000000002ad5c10 code [0x0000000002ad5dc0, 0x0000000002ad63b8]
Event: 4.000 Thread 0x0000000056148000 1436       4       com.android.dx.ssa.SCCP::simulatePhi (169 bytes)

GC Heap History (2 events):
Event: 2.297 GC heap before
{Heap before GC invocations=1 (full 0):
 PSYoungGen      total 38400K, used 33280K [0x00000000eab00000, 0x00000000ed580000, 0x0000000100000000)
  eden space 33280K, 100% used [0x00000000eab00000,0x00000000ecb80000,0x00000000ecb80000)
  from space 5120K, 0% used [0x00000000ed080000,0x00000000ed080000,0x00000000ed580000)
  to   space 5120K, 0% used [0x00000000ecb80000,0x00000000ecb80000,0x00000000ed080000)
 ParOldGen       total 87552K, used 0K [0x00000000c0000000, 0x00000000c5580000, 0x00000000eab00000)
  object space 87552K, 0% used [0x00000000c0000000,0x00000000c0000000,0x00000000c5580000)
 Metaspace       used 6048K, capacity 6964K, committed 7040K, reserved 1056768K
  class space    used 602K, capacity 620K, committed 640K, reserved 1048576K
Event: 3.071 GC heap after
Heap after GC invocations=1 (full 0):
 PSYoungGen      total 38400K, used 5090K [0x00000000eab00000, 0x00000000ed580000, 0x0000000100000000)
  eden space 33280K, 0% used [0x00000000eab00000,0x00000000eab00000,0x00000000ecb80000)
  from space 5120K, 99% used [0x00000000ecb80000,0x00000000ed078ac8,0x00000000ed080000)
  to   space 5120K, 0% used [0x00000000ed080000,0x00000000ed080000,0x00000000ed580000)
 ParOldGen       total 87552K, used 1795K [0x00000000c0000000, 0x00000000c5580000, 0x00000000eab00000)
  object space 87552K, 2% used [0x00000000c0000000,0x00000000c01c0e18,0x00000000c5580000)
 Metaspace       used 6048K, capacity 6964K, committed 7040K, reserved 1056768K
  class space    used 602K, capacity 620K, committed 640K, reserved 1048576K
}

Deoptimization events (10 events):
Event: 2.244 Thread 0x00000000563b1000 Uncommon trap: reason=bimorphic action=maybe_recompile pc=0x000000000273418c method=java.util.HashMap.getNode(ILjava/lang/Object;)Ljava/util/HashMap$Node; @ 126
Event: 2.244 Thread 0x00000000563b1000 Uncommon trap: reason=bimorphic action=maybe_recompile pc=0x0000000002952bdc method=java.util.HashMap.putVal(ILjava/lang/Object;Ljava/lang/Object;ZZ)Ljava/lang/Object; @ 203
Event: 2.244 Thread 0x00000000563b1000 Uncommon trap: reason=bimorphic action=maybe_recompile pc=0x0000000002738f14 method=java.util.HashMap.getNode(ILjava/lang/Object;)Ljava/util/HashMap$Node; @ 126
Event: 2.244 Thread 0x00000000563b1000 Uncommon trap: reason=unstable_if action=reinterpret pc=0x0000000002835144 method=com.android.dx.rop.cst.Constant.compareTo(Lcom/android/dx/rop/cst/Constant;)I @ 12
Event: 3.455 Thread 0x00000000000fe800 Uncommon trap: reason=bimorphic action=maybe_recompile pc=0x0000000002a861a8 method=com.android.dx.cf.code.BaseMachine.getLocalTarget(Z)Lcom/android/dx/rop/code/RegisterSpec; @ 70
Event: 3.455 Thread 0x00000000000fe800 Uncommon trap: reason=bimorphic action=maybe_recompile pc=0x0000000002a861a8 method=com.android.dx.cf.code.BaseMachine.getLocalTarget(Z)Lcom/android/dx/rop/code/RegisterSpec; @ 70
Event: 3.455 Thread 0x00000000000fe800 Uncommon trap: reason=bimorphic action=maybe_recompile pc=0x0000000002a861a8 method=com.android.dx.cf.code.BaseMachine.getLocalTarget(Z)Lcom/android/dx/rop/code/RegisterSpec; @ 70
Event: 3.455 Thread 0x00000000000fe800 Uncommon trap: reason=bimorphic action=maybe_recompile pc=0x0000000002a861a8 method=com.android.dx.cf.code.BaseMachine.getLocalTarget(Z)Lcom/android/dx/rop/code/RegisterSpec; @ 70
Event: 3.523 Thread 0x00000000563b1000 Uncommon trap: reason=bimorphic action=maybe_recompile pc=0x0000000002952bdc method=java.util.HashMap.putVal(ILjava/lang/Object;Ljava/lang/Object;ZZ)Ljava/lang/Object; @ 203
Event: 3.523 Thread 0x00000000563b1000 Uncommon trap: reason=bimorphic action=maybe_recompile pc=0x0000000002952bdc method=java.util.HashMap.putVal(ILjava/lang/Object;Ljava/lang/Object;ZZ)Ljava/lang/Object; @ 203

Internal exceptions (2 events):
Event: 0.058 Thread 0x00000000000fe800 Exception <a 'java/lang/NoSuchMethodError': Method sun.misc.Unsafe.defineClass(Ljava/lang/String;[BII)Ljava/lang/Class; name or signature does not match> (0x00000000eab130a0) thrown at [C:\workspace\8-2-build-windows-amd64-cygwin\jdk8u65\4987\hotspot\src\s~n»W≈≠?
Event: 0.058 Thread 0x00000000000fe800 Exception <a 'java/lang/NoSuchMethodError': Method sun.misc.Unsafe.prefetchRead(Ljava/lang/Object;J)V name or signature does not match> (0x00000000eab13388) thrown at [C:\workspace\8-2-build-windows-amd64-cygwin\jdk8u65\4987\hotspot\src\share\vm\prims\jni.–

Events (10 events):
Event: 3.505 Thread 0x00000000000fe800 DEOPT PACKING pc=0x0000000002908664 sp=0x000000000253e610
Event: 3.505 Thread 0x00000000000fe800 DEOPT UNPACKING pc=0x000000000258787f sp=0x000000000253e3d8 mode 0
Event: 3.523 Thread 0x00000000563b1000 Uncommon trap: trap_request=0xffffffc6 fr.pc=0x0000000002952bdc
Event: 3.523 Thread 0x00000000563b1000 DEOPT PACKING pc=0x0000000002952bdc sp=0x000000005732ec30
Event: 3.523 Thread 0x00000000563b1000 DEOPT UNPACKING pc=0x000000000258582a sp=0x000000005732ebb8 mode 2
Event: 3.523 Thread 0x00000000563b1000 Uncommon trap: trap_request=0xffffffc6 fr.pc=0x0000000002952bdc
Event: 3.523 Thread 0x00000000563b1000 DEOPT PACKING pc=0x0000000002952bdc sp=0x000000005732ec30
Event: 3.523 Thread 0x00000000563b1000 DEOPT UNPACKING pc=0x000000000258582a sp=0x000000005732ebb8 mode 2
Event: 3.906 Thread 0x00000000563a6800 DEOPT PACKING pc=0x000000000290867b sp=0x000000005710e760
Event: 3.906 Thread 0x00000000563a6800 DEOPT UNPACKING pc=0x000000000258787f sp=0x000000005710e528 mode 0


Dynamic libraries:
0x000000013f030000 - 0x000000013f067000 	C:\Program Files\Java\jdk1.8.0_65\bin\java.exe
0x0000000076db0000 - 0x0000000076f58000 	C:\Windows\SYSTEM32\ntdll.dll
0x0000000076b90000 - 0x0000000076caf000 	C:\Windows\system32\kernel32.dll
0x000007fefcf50000 - 0x000007fefcfbc000 	C:\Windows\system32\KERNELBASE.dll
0x000007fefd860000 - 0x000007fefd93b000 	C:\Windows\system32\ADVAPI32.dll
0x000007fefd250000 - 0x000007fefd2ef000 	C:\Windows\system32\msvcrt.dll
0x000007fefd440000 - 0x000007fefd45f000 	C:\Windows\SYSTEM32\sechost.dll
0x000007fefd2f0000 - 0x000007fefd41d000 	C:\Windows\system32\RPCRT4.dll
0x0000000076cb0000 - 0x0000000076daa000 	C:\Windows\system32\USER32.dll
0x000007fefdec0000 - 0x000007fefdf27000 	C:\Windows\system32\GDI32.dll
0x000007feff0b0000 - 0x000007feff0be000 	C:\Windows\system32\LPK.dll
0x000007fefd710000 - 0x000007fefd7d9000 	C:\Windows\system32\USP10.dll
0x000007fefa9c0000 - 0x000007fefabb4000 	C:\Windows\WinSxS\amd64_microsoft.windows.common-controls_6595b64144ccf1df_6.0.7601.18807_none_fa381d5f175bfb52\COMCTL32.dll
0x000007fefd7e0000 - 0x000007fefd851000 	C:\Windows\system32\SHLWAPI.dll
0x000007fefd460000 - 0x000007fefd48e000 	C:\Windows\system32\IMM32.DLL
0x000007fefd940000 - 0x000007fefda49000 	C:\Windows\system32\MSCTF.dll
0x000007fefcc70000 - 0x000007fefcca1000 	C:\Windows\system32\nvinitx.dll
0x000007fefcc60000 - 0x000007fefcc6c000 	C:\Windows\system32\VERSION.dll
0x000000005b710000 - 0x000000005b7e2000 	C:\Program Files\Java\jdk1.8.0_65\jre\bin\msvcr100.dll
0x00000000595a0000 - 0x0000000059e29000 	C:\Program Files\Java\jdk1.8.0_65\jre\bin\server\jvm.dll
0x000007feec300000 - 0x000007feec309000 	C:\Windows\system32\WSOCK32.dll
0x000007fefd540000 - 0x000007fefd58d000 	C:\Windows\system32\WS2_32.dll
0x000007fefd490000 - 0x000007fefd498000 	C:\Windows\system32\NSI.dll
0x000007fefa3d0000 - 0x000007fefa40b000 	C:\Windows\system32\WINMM.dll
0x0000000076f80000 - 0x0000000076f87000 	C:\Windows\system32\PSAPI.DLL
0x000000005c220000 - 0x000000005c22f000 	C:\Program Files\Java\jdk1.8.0_65\jre\bin\verify.dll
0x000000005c1f0000 - 0x000000005c219000 	C:\Program Files\Java\jdk1.8.0_65\jre\bin\java.dll
0x000000005c1d0000 - 0x000000005c1e6000 	C:\Program Files\Java\jdk1.8.0_65\jre\bin\zip.dll
0x000007fefe140000 - 0x000007fefeec8000 	C:\Windows\system32\SHELL32.dll
0x000007fefdf30000 - 0x000007fefe133000 	C:\Windows\system32\ole32.dll
0x000007fefccb0000 - 0x000007fefccbf000 	C:\Windows\system32\profapi.dll

VM Arguments:
jvm_args: -Djava.awt.headless=true -Xmx1024M -Dfile.encoding=GBK -Duser.country=CN -Duser.language=zh -Duser.variant 
java_command: com.android.dx.command.Main --dex --force-jumbo --num-threads=4 --multi-dex --output E:\AndroidStudioProjects\GankIO\app\build\intermediates\transforms\dex\debug\folders\1000\10\com.android.support-recyclerview-v7-23.4.0_6fbad451184ff0e41a5cff04e89c3262fa1a4976 E:\AndroidStudioProjects\GankIO\app\build\intermediates\exploded-aar\com.android.support\recyclerview-v7\23.4.0\jars\classes.jar
java_class_path (initial): E:\Users\Administrator\AppData\Local\Android\sdk\build-tools\23.0.3\lib\dx.jar
Launcher Type: SUN_STANDARD

Environment Variables:
JAVA_HOME=C:\Program Files\Java\jdk1.8.0_65
CLASSPATH=.;C:\Program Files\Java\jdk1.8.0_65\lib
PATH=C:\ProgramData\Oracle\Java\javapath;E:\Users\Administrator\AppData\Local\Android\sdk\platform-tools;C:\Program Files\Java\jdk1.8.0_65\bin;C:\Windows\system32;C:\Windows;C:\Windows\System32\Wbem;C:\Windows\System32\WindowsPowerShell\v1.0\;C:\Program Files\nodejs\;C:\Users\Administrator\AppData\Roaming\npm;C:\Users\Administrator\AppData\Local\atom\bin
USERNAME=Administrator
OS=Windows_NT
PROCESSOR_IDENTIFIER=Intel64 Family 6 Model 60 Stepping 3, GenuineIntel



---------------  S Y S T E M  ---------------

OS: Windows 7 , 64 bit Build 7601 (6.1.7601.18798)

CPU:total 4 (2 cores per cpu, 2 threads per core) family 6 model 60 stepping 3, cmov, cx8, fxsr, mmx, sse, sse2, sse3, ssse3, sse4.1, sse4.2, popcnt, avx, avx2, aes, clmul, erms, lzcnt, ht, tsc, tscinvbit, bmi1, bmi2

Memory: 4k page, physical 8313136k(571760k free), swap 12504876k(5212k free)

vm_info: Java HotSpot(TM) 64-Bit Server VM (25.65-b01) for windows-amd64 JRE (1.8.0_65-b17), built on Oct  6 2015 16:39:20 by "java_re" with MS VC++ 10.0 (VS2010)

time: Sat Dec 03 17:59:24 2016
elapsed time: 4 seconds (0d 0h 0m 4s)

