#
# There is insufficient memory for the Java Runtime Environment to continue.
# Native memory allocation (malloc) failed to allocate 148016 bytes for Chunk::new
# Possible reasons:
#   The system is out of physical RAM or swap space
#   In 32 bit mode, the process size limit was hit
# Possible solutions:
#   Reduce memory load on the system
#   Increase physical memory or swap space
#   Check if swap backing store is full
#   Use 64 bit Java on a 64 bit OS
#   Decrease Java heap size (-Xmx/-Xms)
#   Decrease number of Java threads
#   Decrease Java thread stack sizes (-Xss)
#   Set larger code cache with -XX:ReservedCodeCacheSize=
# This output file may be truncated or incomplete.
#
#  Out of Memory Error (allocation.cpp:390), pid=1728, tid=984
#
# JRE version: Java(TM) SE Runtime Environment (8.0_65-b17) (build 1.8.0_65-b17)
# Java VM: Java HotSpot(TM) 64-Bit Server VM (25.65-b01 mixed mode windows-amd64 compressed oops)
# Failed to write core dump. Minidumps are not enabled by default on client versions of Windows
#

---------------  T H R E A D  ---------------

Current thread (0x000000005617a000):  JavaThread "C2 CompilerThread1" daemon [_thread_in_native, id=984, stack(0x0000000056ac0000,0x0000000056bc0000)]

Stack: [0x0000000056ac0000,0x0000000056bc0000]
[error occurred during error reporting (printing stack bounds), id 0xc0000005]

Native frames: (J=compiled Java code, j=interpreted, Vv=VM code, C=native code)


Current CompileTask:
C2:   8950 1565 %     4       com.android.dx.ssa.SsaMethod::forEachBlockDepthFirst @ 62 (194 bytes)


---------------  P R O C E S S  ---------------

Java Threads: ( => current thread )
  0x00000000564e5800 JavaThread "pool-2-thread-4" [_thread_blocked, id=3644, stack(0x00000000578b0000,0x00000000579b0000)]
  0x00000000564e3800 JavaThread "pool-2-thread-3" [_thread_blocked, id=1188, stack(0x0000000057760000,0x0000000057860000)]
  0x0000000056424000 JavaThread "pool-2-thread-2" [_thread_blocked, id=8128, stack(0x00000000575c0000,0x00000000576c0000)]
  0x0000000056476800 JavaThread "pool-3-thread-1" [_thread_blocked, id=6772, stack(0x00000000573a0000,0x00000000574a0000)]
  0x0000000056472800 JavaThread "pool-2-thread-1" [_thread_blocked, id=9316, stack(0x00000000571e0000,0x00000000572e0000)]
  0x00000000561ea800 JavaThread "Service Thread" daemon [_thread_blocked, id=5100, stack(0x0000000056e10000,0x0000000056f10000)]
  0x0000000054c2d800 JavaThread "C1 CompilerThread2" daemon [_thread_blocked, id=7484, stack(0x0000000056ca0000,0x0000000056da0000)]
=>0x000000005617a000 JavaThread "C2 CompilerThread1" daemon [_thread_in_native, id=984, stack(0x0000000056ac0000,0x0000000056bc0000)]
  0x0000000056176000 JavaThread "C2 CompilerThread0" daemon [_thread_in_native, id=10528, stack(0x00000000568f0000,0x00000000569f0000)]
  0x000000005616c800 JavaThread "Attach Listener" daemon [_thread_blocked, id=6128, stack(0x0000000056670000,0x0000000056770000)]
  0x0000000054c1e000 JavaThread "Signal Dispatcher" daemon [_thread_blocked, id=6408, stack(0x0000000055b70000,0x0000000055c70000)]
  0x0000000054bc7000 JavaThread "Finalizer" daemon [_thread_blocked, id=7992, stack(0x0000000056060000,0x0000000056160000)]
  0x0000000054bc0000 JavaThread "Reference Handler" daemon [_thread_blocked, id=4828, stack(0x0000000055ea0000,0x0000000055fa0000)]
  0x000000000214e800 JavaThread "main" [_thread_blocked, id=2612, stack(0x00000000022a0000,0x00000000023a0000)]

Other Threads:
  0x0000000054bba800 VMThread [stack: 0x0000000055ca0000,0x0000000055da0000] [id=5332]
  0x0000000056235000 WatcherThread [stack: 0x0000000057000000,0x0000000057100000] [id=7848]

VM state:not at safepoint (normal execution)

VM Mutex/Monitor currently owned by a thread: None

Heap:
 PSYoungGen      total 71680K, used 15783K [0x00000000eab00000, 0x00000000ef600000, 0x0000000100000000)
  eden space 66560K, 16% used [0x00000000eab00000,0x00000000eb56dad8,0x00000000eec00000)
  from space 5120K, 99% used [0x00000000ef100000,0x00000000ef5fc368,0x00000000ef600000)
  to   space 5120K, 0% used [0x00000000eec00000,0x00000000eec00000,0x00000000ef100000)
 ParOldGen       total 87552K, used 5361K [0x00000000c0000000, 0x00000000c5580000, 0x00000000eab00000)
  object space 87552K, 6% used [0x00000000c0000000,0x00000000c053c770,0x00000000c5580000)
 Metaspace       used 6307K, capacity 7128K, committed 7424K, reserved 1056768K
  class space    used 625K, capacity 656K, committed 768K, reserved 1048576K

Card table byte_map: [0x0000000011760000,0x0000000011970000] byte_map_base: 0x0000000011160000

Marking Bits: (ParMarkBitMap*) 0x0000000060f3a5b0
 Begin Bits: [0x0000000012030000, 0x0000000013030000)
 End Bits:   [0x0000000013030000, 0x0000000014030000)

Polling page: 0x00000000005a0000

CodeCache: size=245760Kb used=6995Kb max_used=7008Kb free=238765Kb
 bounds [0x00000000023a0000, 0x0000000002a90000, 0x00000000113a0000]
 total_blobs=1820 nmethods=1549 adapters=184
 compilation: enabled

Compilation events (10 events):
Event: 8.877 Thread 0x0000000056176000 1562       4       java.util.TreeMap$PrivateEntryIterator::hasNext (13 bytes)
Event: 8.878 Thread 0x0000000056176000 nmethod 1562 0x000000000280c010 code [0x000000000280c140, 0x000000000280c198]
Event: 8.881 Thread 0x000000005617a000 1563       4       com.android.dx.rop.cst.CstFieldRef::compareTo0 (43 bytes)
Event: 8.881 Thread 0x0000000056176000 1564   !   4       com.android.dx.rop.type.Type::intern (319 bytes)
Event: 8.884 Thread 0x000000005617a000 nmethod 1563 0x0000000002a72310 code [0x0000000002a72480, 0x0000000002a729b8]
Event: 8.901 Thread 0x0000000056176000 nmethod 1564 0x0000000002a70a10 code [0x0000000002a70c00, 0x0000000002a71920]
Event: 8.901 Thread 0x0000000056176000 1572       4       com.android.dx.rop.code.LocalVariableExtractor::processBlock (327 bytes)
Event: 8.913 Thread 0x0000000054c2d800 1569       3       com.android.dx.rop.code.Rop::<init> (15 bytes)
Event: 8.913 Thread 0x0000000054c2d800 nmethod 1569 0x0000000002a45e50 code [0x0000000002a45fc0, 0x0000000002a46168]
Event: 8.920 Thread 0x000000005617a000 1565 %     4       com.android.dx.ssa.SsaMethod::forEachBlockDepthFirst @ 62 (194 bytes)

GC Heap History (4 events):
Event: 3.300 GC heap before
{Heap before GC invocations=1 (full 0):
 PSYoungGen      total 38400K, used 33280K [0x00000000eab00000, 0x00000000ed580000, 0x0000000100000000)
  eden space 33280K, 100% used [0x00000000eab00000,0x00000000ecb80000,0x00000000ecb80000)
  from space 5120K, 0% used [0x00000000ed080000,0x00000000ed080000,0x00000000ed580000)
  to   space 5120K, 0% used [0x00000000ecb80000,0x00000000ecb80000,0x00000000ed080000)
 ParOldGen       total 87552K, used 0K [0x00000000c0000000, 0x00000000c5580000, 0x00000000eab00000)
  object space 87552K, 0% used [0x00000000c0000000,0x00000000c0000000,0x00000000c5580000)
 Metaspace       used 6059K, capacity 6964K, committed 7040K, reserved 1056768K
  class space    used 601K, capacity 620K, committed 640K, reserved 1048576K
Event: 4.052 GC heap after
Heap after GC invocations=1 (full 0):
 PSYoungGen      total 38400K, used 5103K [0x00000000eab00000, 0x00000000ef600000, 0x0000000100000000)
  eden space 33280K, 0% used [0x00000000eab00000,0x00000000eab00000,0x00000000ecb80000)
  from space 5120K, 99% used [0x00000000ecb80000,0x00000000ed07bc98,0x00000000ed080000)
  to   space 5120K, 0% used [0x00000000ef100000,0x00000000ef100000,0x00000000ef600000)
 ParOldGen       total 87552K, used 1412K [0x00000000c0000000, 0x00000000c5580000, 0x00000000eab00000)
  object space 87552K, 1% used [0x00000000c0000000,0x00000000c01613d0,0x00000000c5580000)
 Metaspace       used 6059K, capacity 6964K, committed 7040K, reserved 1056768K
  class space    used 601K, capacity 620K, committed 640K, reserved 1048576K
}
Event: 6.110 GC heap before
{Heap before GC invocations=2 (full 0):
 PSYoungGen      total 38400K, used 38383K [0x00000000eab00000, 0x00000000ef600000, 0x0000000100000000)
  eden space 33280K, 100% used [0x00000000eab00000,0x00000000ecb80000,0x00000000ecb80000)
  from space 5120K, 99% used [0x00000000ecb80000,0x00000000ed07bc98,0x00000000ed080000)
  to   space 5120K, 0% used [0x00000000ef100000,0x00000000ef100000,0x00000000ef600000)
 ParOldGen       total 87552K, used 1412K [0x00000000c0000000, 0x00000000c5580000, 0x00000000eab00000)
  object space 87552K, 1% used [0x00000000c0000000,0x00000000c01613d0,0x00000000c5580000)
 Metaspace       used 6185K, capacity 7028K, committed 7296K, reserved 1056768K
  class space    used 605K, capacity 620K, committed 640K, reserved 1048576K
Event: 7.806 GC heap after
Heap after GC invocations=2 (full 0):
 PSYoungGen      total 71680K, used 5104K [0x00000000eab00000, 0x00000000ef600000, 0x0000000100000000)
  eden space 66560K, 0% used [0x00000000eab00000,0x00000000eab00000,0x00000000eec00000)
  from space 5120K, 99% used [0x00000000ef100000,0x00000000ef5fc368,0x00000000ef600000)
  to   space 5120K, 0% used [0x00000000eec00000,0x00000000eec00000,0x00000000ef100000)
 ParOldGen       total 87552K, used 5361K [0x00000000c0000000, 0x00000000c5580000, 0x00000000eab00000)
  object space 87552K, 6% used [0x00000000c0000000,0x00000000c053c770,0x00000000c5580000)
 Metaspace       used 6185K, capacity 7028K, committed 7296K, reserved 1056768K
  class space    used 605K, capacity 620K, committed 640K, reserved 1048576K
}

Deoptimization events (10 events):
Event: 4.332 Thread 0x00000000564e5800 Uncommon trap: reason=class_check action=maybe_recompile pc=0x00000000028bd34c method=java.util.HashMap.putVal(ILjava/lang/Object;Ljava/lang/Object;ZZ)Ljava/lang/Object; @ 203
Event: 4.332 Thread 0x00000000564e5800 Uncommon trap: reason=bimorphic action=maybe_recompile pc=0x00000000025df208 method=java.util.HashMap.getNode(ILjava/lang/Object;)Ljava/util/HashMap$Node; @ 126
Event: 5.796 Thread 0x00000000564e5800 Uncommon trap: reason=bimorphic action=maybe_recompile pc=0x000000000295b6f0 method=com.android.dx.cf.code.BaseMachine.getLocalTarget(Z)Lcom/android/dx/rop/code/RegisterSpec; @ 70
Event: 5.796 Thread 0x00000000564e5800 Uncommon trap: reason=bimorphic action=maybe_recompile pc=0x000000000295b6f0 method=com.android.dx.cf.code.BaseMachine.getLocalTarget(Z)Lcom/android/dx/rop/code/RegisterSpec; @ 70
Event: 5.817 Thread 0x00000000564e5800 Uncommon trap: reason=bimorphic action=maybe_recompile pc=0x000000000295b6f0 method=com.android.dx.cf.code.BaseMachine.getLocalTarget(Z)Lcom/android/dx/rop/code/RegisterSpec; @ 70
Event: 5.849 Thread 0x00000000564e5800 Uncommon trap: reason=bimorphic action=maybe_recompile pc=0x000000000295b6f0 method=com.android.dx.cf.code.BaseMachine.getLocalTarget(Z)Lcom/android/dx/rop/code/RegisterSpec; @ 70
Event: 7.841 Thread 0x00000000564e5800 Uncommon trap: reason=unstable_if action=reinterpret pc=0x00000000027037f0 method=java.util.HashMap.putVal(ILjava/lang/Object;Ljava/lang/Object;ZZ)Ljava/lang/Object; @ 162
Event: 7.878 Thread 0x00000000564e5800 Uncommon trap: reason=unstable_if action=reinterpret pc=0x000000000293d784 method=java.util.HashMap.getNode(ILjava/lang/Object;)Ljava/util/HashMap$Node; @ 84
Event: 7.883 Thread 0x00000000564e5800 Uncommon trap: reason=unstable_if action=reinterpret pc=0x00000000029553dc method=java.util.HashMap.putVal(ILjava/lang/Object;Ljava/lang/Object;ZZ)Ljava/lang/Object; @ 162
Event: 8.101 Thread 0x0000000056424000 Uncommon trap: reason=null_check action=make_not_entrant pc=0x0000000002662f40 method=com.android.dx.ssa.SsaRenamer.getLocalForNewReg(I)Lcom/android/dx/rop/code/LocalItem; @ 19

Internal exceptions (6 events):
Event: 0.079 Thread 0x000000000214e800 Exception <a 'java/lang/NoSuchMethodError': Method sun.misc.Unsafe.defineClass(Ljava/lang/String;[BII)Ljava/lang/Class; name or signature does not match> (0x00000000eab130a0) thrown at [C:\workspace\8-2-build-windows-amd64-cygwin\jdk8u65\4987\hotspot\src\sñ§ƒnD´?
Event: 0.079 Thread 0x000000000214e800 Exception <a 'java/lang/NoSuchMethodError': Method sun.misc.Unsafe.prefetchRead(Ljava/lang/Object;J)V name or signature does not match> (0x00000000eab13388) thrown at [C:\workspace\8-2-build-windows-amd64-cygwin\jdk8u65\4987\hotspot\src\share\vm\prims\jni.É˜9m_@
Event: 7.843 Thread 0x00000000564e5800 Exception <a 'java/lang/ArrayIndexOutOfBoundsException': 18> (0x00000000eadf1aa0) thrown at [C:\workspace\8-2-build-windows-amd64-cygwin\jdk8u65\4987\hotspot\src\share\vm\interpreter\interpreterRuntime.cpp, line 366]
Event: 7.844 Thread 0x00000000564e5800 Exception <a 'java/lang/ArrayIndexOutOfBoundsException': 145> (0x00000000eadf3620) thrown at [C:\workspace\8-2-build-windows-amd64-cygwin\jdk8u65\4987\hotspot\src\share\vm\interpreter\interpreterRuntime.cpp, line 366]
Event: 7.844 Thread 0x00000000564e5800 Exception <a 'java/lang/ArrayIndexOutOfBoundsException': 40> (0x00000000eadf4908) thrown at [C:\workspace\8-2-build-windows-amd64-cygwin\jdk8u65\4987\hotspot\src\share\vm\interpreter\interpreterRuntime.cpp, line 366]
Event: 8.101 Thread 0x0000000056424000 Implicit null exception at 0x0000000002660d6a to 0x0000000002662efd

Events (10 events):
Event: 7.845 loading class sun/reflect/generics/reflectiveObjects/TypeVariableImpl done
Event: 7.878 Thread 0x00000000564e5800 Uncommon trap: trap_request=0xffffff65 fr.pc=0x000000000293d784
Event: 7.878 Thread 0x00000000564e5800 DEOPT PACKING pc=0x000000000293d784 sp=0x00000000579aea30
Event: 7.878 Thread 0x00000000564e5800 DEOPT UNPACKING pc=0x00000000023e582a sp=0x00000000579ae9a8 mode 2
Event: 7.883 Thread 0x00000000564e5800 Uncommon trap: trap_request=0xffffff65 fr.pc=0x00000000029553dc
Event: 7.883 Thread 0x00000000564e5800 DEOPT PACKING pc=0x00000000029553dc sp=0x00000000579ae120
Event: 7.883 Thread 0x00000000564e5800 DEOPT UNPACKING pc=0x00000000023e582a sp=0x00000000579ae0a8 mode 2
Event: 8.101 Thread 0x0000000056424000 Uncommon trap: trap_request=0xfffffff4 fr.pc=0x0000000002662f40
Event: 8.101 Thread 0x0000000056424000 DEOPT PACKING pc=0x0000000002662f40 sp=0x00000000576be690
Event: 8.101 Thread 0x0000000056424000 DEOPT UNPACKING pc=0x00000000023e582a sp=0x00000000576be4e8 mode 2


Dynamic libraries:
0x000000013f970000 - 0x000000013f9a7000 	C:\Program Files\Java\jdk1.8.0_65\bin\java.exe
0x0000000077c30000 - 0x0000000077dd8000 	C:\Windows\SYSTEM32\ntdll.dll
0x0000000077b10000 - 0x0000000077c2f000 	C:\Windows\system32\kernel32.dll
0x000007fefdd90000 - 0x000007fefddfc000 	C:\Windows\system32\KERNELBASE.dll
0x000007feff9a0000 - 0x000007feffa7b000 	C:\Windows\system32\ADVAPI32.dll
0x000007feffe90000 - 0x000007fefff2f000 	C:\Windows\system32\msvcrt.dll
0x000007feffbb0000 - 0x000007feffbcf000 	C:\Windows\SYSTEM32\sechost.dll
0x000007feffa80000 - 0x000007feffbad000 	C:\Windows\system32\RPCRT4.dll
0x0000000077a10000 - 0x0000000077b0a000 	C:\Windows\system32\USER32.dll
0x000007feff380000 - 0x000007feff3e7000 	C:\Windows\system32\GDI32.dll
0x000007fefdf40000 - 0x000007fefdf4e000 	C:\Windows\system32\LPK.dll
0x000007feff1a0000 - 0x000007feff269000 	C:\Windows\system32\USP10.dll
0x000007fefb8d0000 - 0x000007fefbac4000 	C:\Windows\WinSxS\amd64_microsoft.windows.common-controls_6595b64144ccf1df_6.0.7601.18807_none_fa381d5f175bfb52\COMCTL32.dll
0x000007feffc00000 - 0x000007feffc71000 	C:\Windows\system32\SHLWAPI.dll
0x000007feffbd0000 - 0x000007feffbfe000 	C:\Windows\system32\IMM32.DLL
0x000007feff270000 - 0x000007feff379000 	C:\Windows\system32\MSCTF.dll
0x000007fefdaf0000 - 0x000007fefdb21000 	C:\Windows\system32\nvinitx.dll
0x000007fefdae0000 - 0x000007fefdaec000 	C:\Windows\system32\VERSION.dll
0x0000000062b00000 - 0x0000000062bd2000 	C:\Program Files\Java\jdk1.8.0_65\jre\bin\msvcr100.dll
0x0000000060730000 - 0x0000000060fb9000 	C:\Program Files\Java\jdk1.8.0_65\jre\bin\server\jvm.dll
0x000007feedb80000 - 0x000007feedb89000 	C:\Windows\system32\WSOCK32.dll
0x000007fefed80000 - 0x000007fefedcd000 	C:\Windows\system32\WS2_32.dll
0x000007fefff30000 - 0x000007fefff38000 	C:\Windows\system32\NSI.dll
0x000007fefb4c0000 - 0x000007fefb4fb000 	C:\Windows\system32\WINMM.dll
0x0000000077e00000 - 0x0000000077e07000 	C:\Windows\system32\PSAPI.DLL
0x0000000060720000 - 0x000000006072f000 	C:\Program Files\Java\jdk1.8.0_65\jre\bin\verify.dll
0x00000000606f0000 - 0x0000000060719000 	C:\Program Files\Java\jdk1.8.0_65\jre\bin\java.dll
0x00000000606d0000 - 0x00000000606e6000 	C:\Program Files\Java\jdk1.8.0_65\jre\bin\zip.dll
0x000007fefdff0000 - 0x000007fefed78000 	C:\Windows\system32\SHELL32.dll
0x000007feffc80000 - 0x000007feffe83000 	C:\Windows\system32\ole32.dll
0x000007fefdb30000 - 0x000007fefdb3f000 	C:\Windows\system32\profapi.dll

VM Arguments:
jvm_args: -Djava.awt.headless=true -Xmx1024M -Dfile.encoding=GBK -Duser.country=CN -Duser.language=zh -Duser.variant 
java_command: com.android.dx.command.Main --dex --force-jumbo --num-threads=4 --multi-dex --output E:\AndroidStudioProjects\GankIO\app\build\intermediates\transforms\dex\debug\folders\1000\10\com.android.support-recyclerview-v7-23.4.0_6fbad451184ff0e41a5cff04e89c3262fa1a4976 E:\AndroidStudioProjects\GankIO\app\build\intermediates\exploded-aar\com.android.support\recyclerview-v7\23.4.0\jars\classes.jar
java_class_path (initial): E:\Users\Administrator\AppData\Local\Android\sdk\build-tools\23.0.3\lib\dx.jar
Launcher Type: SUN_STANDARD

Environment Variables:
JAVA_HOME=C:\Program Files\Java\jdk1.8.0_65
CLASSPATH=.;C:\Program Files\Java\jdk1.8.0_65\lib
PATH=C:\ProgramData\Oracle\Java\javapath;E:\Users\Administrator\AppData\Local\Android\sdk\platform-tools;C:\Program Files\Java\jdk1.8.0_65\bin;C:\Windows\system32;C:\Windows;C:\Windows\System32\Wbem;C:\Windows\System32\WindowsPowerShell\v1.0\
USERNAME=Administrator
OS=Windows_NT
PROCESSOR_IDENTIFIER=Intel64 Family 6 Model 60 Stepping 3, GenuineIntel



---------------  S Y S T E M  ---------------

OS: Windows 7 , 64 bit Build 7601 (6.1.7601.18798)

CPU:total 4 (2 cores per cpu, 2 threads per core) family 6 model 60 stepping 3, cmov, cx8, fxsr, mmx, sse, sse2, sse3, ssse3, sse4.1, sse4.2, popcnt, avx, avx2, aes, clmul, erms, lzcnt, ht, tsc, tscinvbit, bmi1, bmi2

Memory: 4k page, physical 8313136k(1012932k free), swap 12505184k(5120k free)

vm_info: Java HotSpot(TM) 64-Bit Server VM (25.65-b01) for windows-amd64 JRE (1.8.0_65-b17), built on Oct  6 2015 16:39:20 by "java_re" with MS VC++ 10.0 (VS2010)

time: Tue Oct 11 17:19:41 2016
elapsed time: 8 seconds (0d 0h 0m 8s)

