#
# There is insufficient memory for the Java Runtime Environment to continue.
# Native memory allocation (malloc) failed to allocate 406688 bytes for Chunk::new
# Possible reasons:
#   The system is out of physical RAM or swap space
#   In 32 bit mode, the process size limit was hit
# Possible solutions:
#   Reduce memory load on the system
#   Increase physical memory or swap space
#   Check if swap backing store is full
#   Use 64 bit Java on a 64 bit OS
#   Decrease Java heap size (-Xmx/-Xms)
#   Decrease number of Java threads
#   Decrease Java thread stack sizes (-Xss)
#   Set larger code cache with -XX:ReservedCodeCacheSize=
# This output file may be truncated or incomplete.
#
#  Out of Memory Error (allocation.cpp:390), pid=6244, tid=5128
#
# JRE version: Java(TM) SE Runtime Environment (8.0_65-b17) (build 1.8.0_65-b17)
# Java VM: Java HotSpot(TM) 64-Bit Server VM (25.65-b01 mixed mode windows-amd64 compressed oops)
# Failed to write core dump. Minidumps are not enabled by default on client versions of Windows
#

---------------  T H R E A D  ---------------

Current thread (0x0000000056077800):  JavaThread "C2 CompilerThread1" daemon [_thread_in_native, id=5128, stack(0x0000000056940000,0x0000000056a40000)]

Stack: [0x0000000056940000,0x0000000056a40000]
[error occurred during error reporting (printing stack bounds), id 0xc0000005]

Native frames: (J=compiled Java code, j=interpreted, Vv=VM code, C=native code)


Current CompileTask:
C2:  14086 1670       4       com.android.dx.ssa.Dominators::run (506 bytes)


---------------  P R O C E S S  ---------------

Java Threads: ( => current thread )
  0x0000000056397000 JavaThread "pool-2-thread-4" [_thread_blocked, id=7880, stack(0x0000000057580000,0x0000000057680000)]
  0x0000000056393000 JavaThread "pool-2-thread-3" [_thread_blocked, id=8940, stack(0x00000000573e0000,0x00000000574e0000)]
  0x000000005638b000 JavaThread "pool-2-thread-2" [_thread_blocked, id=9572, stack(0x00000000571b0000,0x00000000572b0000)]
  0x0000000056379800 JavaThread "pool-3-thread-1" [_thread_blocked, id=9628, stack(0x0000000057050000,0x0000000057150000)]
  0x0000000056376800 JavaThread "pool-2-thread-1" [_thread_blocked, id=8628, stack(0x0000000056ec0000,0x0000000056fc0000)]
  0x00000000560ed000 JavaThread "Service Thread" daemon [_thread_blocked, id=9428, stack(0x0000000056800000,0x0000000056900000)]
  0x0000000056078000 JavaThread "C1 CompilerThread2" daemon [_thread_blocked, id=6864, stack(0x0000000056a80000,0x0000000056b80000)]
=>0x0000000056077800 JavaThread "C2 CompilerThread1" daemon [_thread_in_native, id=5128, stack(0x0000000056940000,0x0000000056a40000)]
  0x000000005606b800 JavaThread "C2 CompilerThread0" daemon [_thread_blocked, id=9112, stack(0x0000000056650000,0x0000000056750000)]
  0x000000005606a800 JavaThread "Attach Listener" daemon [_thread_blocked, id=4252, stack(0x00000000564a0000,0x00000000565a0000)]
  0x0000000054cd3000 JavaThread "Signal Dispatcher" daemon [_thread_blocked, id=7476, stack(0x0000000055e50000,0x0000000055f50000)]
  0x0000000054c76800 JavaThread "Finalizer" daemon [_thread_blocked, id=9200, stack(0x0000000055f60000,0x0000000056060000)]
  0x0000000054c75800 JavaThread "Reference Handler" daemon [_thread_blocked, id=8216, stack(0x0000000055cf0000,0x0000000055df0000)]
  0x000000000212e800 JavaThread "main" [_thread_blocked, id=6560, stack(0x00000000023c0000,0x00000000024c0000)]

Other Threads:
  0x0000000054c6c800 VMThread [stack: 0x0000000055bc0000,0x0000000055cc0000] [id=9556]
  0x0000000056140800 WatcherThread [stack: 0x0000000056c40000,0x0000000056d40000] [id=7520]

VM state:not at safepoint (normal execution)

VM Mutex/Monitor currently owned by a thread: None

Heap:
 PSYoungGen      total 71680K, used 16409K [0x00000000eab00000, 0x00000000ef600000, 0x0000000100000000)
  eden space 66560K, 16% used [0x00000000eab00000,0x00000000eb60a220,0x00000000eec00000)
  from space 5120K, 99% used [0x00000000ef100000,0x00000000ef5fc388,0x00000000ef600000)
  to   space 5120K, 0% used [0x00000000eec00000,0x00000000eec00000,0x00000000ef100000)
 ParOldGen       total 87552K, used 4979K [0x00000000c0000000, 0x00000000c5580000, 0x00000000eab00000)
  object space 87552K, 5% used [0x00000000c0000000,0x00000000c04dcec0,0x00000000c5580000)
 Metaspace       used 6294K, capacity 7128K, committed 7424K, reserved 1056768K
  class space    used 626K, capacity 656K, committed 768K, reserved 1048576K

Card table byte_map: [0x0000000011880000,0x0000000011a90000] byte_map_base: 0x0000000011280000

Marking Bits: (ParMarkBitMap*) 0x00000000675aa5b0
 Begin Bits: [0x00000000120e0000, 0x00000000130e0000)
 End Bits:   [0x00000000130e0000, 0x00000000140e0000)

Polling page: 0x0000000000310000

CodeCache: size=245760Kb used=7636Kb max_used=7652Kb free=238123Kb
 bounds [0x00000000024c0000, 0x0000000002c50000, 0x00000000114c0000]
 total_blobs=1902 nmethods=1631 adapters=184
 compilation: enabled

Compilation events (10 events):
Event: 13.898 Thread 0x0000000056078000 nmethod 1666 0x0000000002bc3b10 code [0x0000000002bc3d00, 0x0000000002bc4758]
Event: 13.898 Thread 0x0000000056078000 1667       3       com.android.dx.cf.iface.StdField::<init> (10 bytes)
Event: 13.899 Thread 0x0000000056078000 nmethod 1667 0x0000000002bca410 code [0x0000000002bca580, 0x0000000002bca708]
Event: 13.902 Thread 0x000000005606b800 1668       4       com.android.dx.cf.code.ValueAwareMachine::run (1142 bytes)
Event: 13.902 Thread 0x0000000056077800 1669 %     4       com.android.dx.ssa.Dominators::run @ 283 (506 bytes)
Event: 13.944 Thread 0x0000000056077800 nmethod 1669% 0x0000000002c25e10 code [0x0000000002c26060, 0x0000000002c277b8]
Event: 13.944 Thread 0x0000000056077800 1670       4       com.android.dx.ssa.Dominators::run (506 bytes)
Event: 13.951 Thread 0x000000005606b800 nmethod 1668 0x0000000002c22090 code [0x0000000002c22b40, 0x0000000002c24180]
Event: 13.999 Thread 0x000000005606b800 1671       4       com.android.dx.ssa.back.FirstFitLocalCombiningAllocator::addMapping (76 bytes)
Event: 14.029 Thread 0x000000005606b800 nmethod 1671 0x0000000002c40e50 code [0x0000000002c41060, 0x0000000002c421c0]

GC Heap History (4 events):
Event: 5.615 GC heap before
{Heap before GC invocations=1 (full 0):
 PSYoungGen      total 38400K, used 33280K [0x00000000eab00000, 0x00000000ed580000, 0x0000000100000000)
  eden space 33280K, 100% used [0x00000000eab00000,0x00000000ecb80000,0x00000000ecb80000)
  from space 5120K, 0% used [0x00000000ed080000,0x00000000ed080000,0x00000000ed580000)
  to   space 5120K, 0% used [0x00000000ecb80000,0x00000000ecb80000,0x00000000ed080000)
 ParOldGen       total 87552K, used 0K [0x00000000c0000000, 0x00000000c5580000, 0x00000000eab00000)
  object space 87552K, 0% used [0x00000000c0000000,0x00000000c0000000,0x00000000c5580000)
 Metaspace       used 6013K, capacity 6900K, committed 7040K, reserved 1056768K
  class space    used 601K, capacity 620K, committed 640K, reserved 1048576K
Event: 7.279 GC heap after
Heap after GC invocations=1 (full 0):
 PSYoungGen      total 38400K, used 5113K [0x00000000eab00000, 0x00000000ef600000, 0x0000000100000000)
  eden space 33280K, 0% used [0x00000000eab00000,0x00000000eab00000,0x00000000ecb80000)
  from space 5120K, 99% used [0x00000000ecb80000,0x00000000ed07e428,0x00000000ed080000)
  to   space 5120K, 0% used [0x00000000ef100000,0x00000000ef100000,0x00000000ef600000)
 ParOldGen       total 87552K, used 1145K [0x00000000c0000000, 0x00000000c5580000, 0x00000000eab00000)
  object space 87552K, 1% used [0x00000000c0000000,0x00000000c011e718,0x00000000c5580000)
 Metaspace       used 6013K, capacity 6900K, committed 7040K, reserved 1056768K
  class space    used 601K, capacity 620K, committed 640K, reserved 1048576K
}
Event: 12.152 GC heap before
{Heap before GC invocations=2 (full 0):
 PSYoungGen      total 38400K, used 38393K [0x00000000eab00000, 0x00000000ef600000, 0x0000000100000000)
  eden space 33280K, 100% used [0x00000000eab00000,0x00000000ecb80000,0x00000000ecb80000)
  from space 5120K, 99% used [0x00000000ecb80000,0x00000000ed07e428,0x00000000ed080000)
  to   space 5120K, 0% used [0x00000000ef100000,0x00000000ef100000,0x00000000ef600000)
 ParOldGen       total 87552K, used 1145K [0x00000000c0000000, 0x00000000c5580000, 0x00000000eab00000)
  object space 87552K, 1% used [0x00000000c0000000,0x00000000c011e718,0x00000000c5580000)
 Metaspace       used 6157K, capacity 7028K, committed 7296K, reserved 1056768K
  class space    used 605K, capacity 620K, committed 640K, reserved 1048576K
Event: 12.270 GC heap after
Heap after GC invocations=2 (full 0):
 PSYoungGen      total 71680K, used 5104K [0x00000000eab00000, 0x00000000ef600000, 0x0000000100000000)
  eden space 66560K, 0% used [0x00000000eab00000,0x00000000eab00000,0x00000000eec00000)
  from space 5120K, 99% used [0x00000000ef100000,0x00000000ef5fc388,0x00000000ef600000)
  to   space 5120K, 0% used [0x00000000eec00000,0x00000000eec00000,0x00000000ef100000)
 ParOldGen       total 87552K, used 4979K [0x00000000c0000000, 0x00000000c5580000, 0x00000000eab00000)
  object space 87552K, 5% used [0x00000000c0000000,0x00000000c04dcec0,0x00000000c5580000)
 Metaspace       used 6157K, capacity 7028K, committed 7296K, reserved 1056768K
  class space    used 605K, capacity 620K, committed 640K, reserved 1048576K
}

Deoptimization events (10 events):
Event: 10.371 Thread 0x0000000056393000 Uncommon trap: reason=bimorphic action=maybe_recompile pc=0x0000000002a2d9a8 method=com.android.dx.cf.code.BaseMachine.getLocalTarget(Z)Lcom/android/dx/rop/code/RegisterSpec; @ 70
Event: 10.682 Thread 0x0000000056393000 Uncommon trap: reason=bimorphic action=maybe_recompile pc=0x0000000002a46214 method=com.android.dx.cf.code.BaseMachine.getLocalTarget(Z)Lcom/android/dx/rop/code/RegisterSpec; @ 70
Event: 10.685 Thread 0x0000000056393000 Uncommon trap: reason=class_check action=maybe_recompile pc=0x0000000002a89e74 method=com.android.dx.rop.code.RegisterSpec.withSimpleType()Lcom/android/dx/rop/code/RegisterSpec; @ 21
Event: 10.685 Thread 0x0000000056393000 Uncommon trap: reason=class_check action=maybe_recompile pc=0x0000000002a89e74 method=com.android.dx.rop.code.RegisterSpec.withSimpleType()Lcom/android/dx/rop/code/RegisterSpec; @ 21
Event: 10.695 Thread 0x0000000056393000 Uncommon trap: reason=class_check action=maybe_recompile pc=0x0000000002a89e74 method=com.android.dx.rop.code.RegisterSpec.withSimpleType()Lcom/android/dx/rop/code/RegisterSpec; @ 21
Event: 10.695 Thread 0x0000000056393000 Uncommon trap: reason=class_check action=maybe_recompile pc=0x0000000002a89e74 method=com.android.dx.rop.code.RegisterSpec.withSimpleType()Lcom/android/dx/rop/code/RegisterSpec; @ 21
Event: 12.407 Thread 0x0000000056393000 Uncommon trap: reason=unstable_if action=reinterpret pc=0x00000000027a90e4 method=java.util.HashMap.putVal(ILjava/lang/Object;Ljava/lang/Object;ZZ)Ljava/lang/Object; @ 162
Event: 12.425 Thread 0x0000000056393000 Uncommon trap: reason=unstable_if action=reinterpret pc=0x00000000029cd824 method=java.util.HashMap.getNode(ILjava/lang/Object;)Ljava/util/HashMap$Node; @ 84
Event: 12.427 Thread 0x0000000056393000 Uncommon trap: reason=unstable_if action=reinterpret pc=0x0000000002a6d624 method=java.util.HashMap.putVal(ILjava/lang/Object;Ljava/lang/Object;ZZ)Ljava/lang/Object; @ 162
Event: 12.839 Thread 0x0000000056376800 Uncommon trap: reason=null_check action=make_not_entrant pc=0x0000000002748e60 method=com.android.dx.ssa.SsaRenamer.getLocalForNewReg(I)Lcom/android/dx/rop/code/LocalItem; @ 19

Internal exceptions (6 events):
Event: 0.102 Thread 0x000000000212e800 Exception <a 'java/lang/NoSuchMethodError': Method sun.misc.Unsafe.defineClass(Ljava/lang/String;[BII)Ljava/lang/Class; name or signature does not match> (0x00000000eab130a0) thrown at [C:\workspace\8-2-build-windows-amd64-cygwin\jdk8u65\4987\hotspot\src\sX{óIA∫?
Event: 0.103 Thread 0x000000000212e800 Exception <a 'java/lang/NoSuchMethodError': Method sun.misc.Unsafe.prefetchRead(Ljava/lang/Object;J)V name or signature does not match> (0x00000000eab13388) thrown at [C:\workspace\8-2-build-windows-amd64-cygwin\jdk8u65\4987\hotspot\src\share\vm\prims\jni.∂¿…·*—(@
Event: 12.409 Thread 0x0000000056393000 Exception <a 'java/lang/ArrayIndexOutOfBoundsException': 18> (0x00000000eaf36db0) thrown at [C:\workspace\8-2-build-windows-amd64-cygwin\jdk8u65\4987\hotspot\src\share\vm\interpreter\interpreterRuntime.cpp, line 366]
Event: 12.409 Thread 0x0000000056393000 Exception <a 'java/lang/ArrayIndexOutOfBoundsException': 145> (0x00000000eaf38930) thrown at [C:\workspace\8-2-build-windows-amd64-cygwin\jdk8u65\4987\hotspot\src\share\vm\interpreter\interpreterRuntime.cpp, line 366]
Event: 12.409 Thread 0x0000000056393000 Exception <a 'java/lang/ArrayIndexOutOfBoundsException': 40> (0x00000000eaf39c18) thrown at [C:\workspace\8-2-build-windows-amd64-cygwin\jdk8u65\4987\hotspot\src\share\vm\interpreter\interpreterRuntime.cpp, line 366]
Event: 12.839 Thread 0x0000000056376800 Implicit null exception at 0x0000000002747961 to 0x0000000002748e41

Events (10 events):
Event: 12.427 Thread 0x0000000056393000 Uncommon trap: trap_request=0xffffff65 fr.pc=0x0000000002a6d624
Event: 12.427 Thread 0x0000000056393000 DEOPT PACKING pc=0x0000000002a6d624 sp=0x00000000574ddcc0
Event: 12.427 Thread 0x0000000056393000 DEOPT UNPACKING pc=0x000000000250582a sp=0x00000000574ddc48 mode 2
Event: 12.429 Thread 0x0000000056393000 DEOPT PACKING pc=0x0000000002963519 sp=0x00000000574de5a0
Event: 12.429 Thread 0x0000000056393000 DEOPT UNPACKING pc=0x000000000250787f sp=0x00000000574de3d0 mode 0
Event: 12.839 Thread 0x0000000056376800 Uncommon trap: trap_request=0xfffffff4 fr.pc=0x0000000002748e60
Event: 12.839 Thread 0x0000000056376800 DEOPT PACKING pc=0x0000000002748e60 sp=0x0000000056fbe850
Event: 12.839 Thread 0x0000000056376800 DEOPT UNPACKING pc=0x000000000250582a sp=0x0000000056fbe6f8 mode 2
Event: 13.951 Thread 0x0000000056393000 DEOPT PACKING pc=0x00000000028825fe sp=0x00000000574de2b0
Event: 13.951 Thread 0x0000000056393000 DEOPT UNPACKING pc=0x000000000250787f sp=0x00000000574de0f0 mode 0


Dynamic libraries:
0x000000013f670000 - 0x000000013f6a7000 	C:\Program Files\Java\jdk1.8.0_65\bin\java.exe
0x0000000077120000 - 0x00000000772c8000 	C:\Windows\SYSTEM32\ntdll.dll
0x0000000076f00000 - 0x000000007701f000 	C:\Windows\system32\kernel32.dll
0x000007fefd1f0000 - 0x000007fefd25c000 	C:\Windows\system32\KERNELBASE.dll
0x000007fefebd0000 - 0x000007fefecab000 	C:\Windows\system32\ADVAPI32.dll
0x000007fefeb30000 - 0x000007fefebcf000 	C:\Windows\system32\msvcrt.dll
0x000007feff280000 - 0x000007feff29f000 	C:\Windows\SYSTEM32\sechost.dll
0x000007fefdb20000 - 0x000007fefdc4d000 	C:\Windows\system32\RPCRT4.dll
0x0000000077020000 - 0x000000007711a000 	C:\Windows\system32\USER32.dll
0x000007fefdc50000 - 0x000007fefdcb7000 	C:\Windows\system32\GDI32.dll
0x000007fefd610000 - 0x000007fefd61e000 	C:\Windows\system32\LPK.dll
0x000007fefd7c0000 - 0x000007fefd889000 	C:\Windows\system32\USP10.dll
0x000007fefaad0000 - 0x000007fefacc4000 	C:\Windows\WinSxS\amd64_microsoft.windows.common-controls_6595b64144ccf1df_6.0.7601.18807_none_fa381d5f175bfb52\COMCTL32.dll
0x000007fefd890000 - 0x000007fefd901000 	C:\Windows\system32\SHLWAPI.dll
0x000007feff200000 - 0x000007feff22e000 	C:\Windows\system32\IMM32.DLL
0x000007fefecb0000 - 0x000007fefedb9000 	C:\Windows\system32\MSCTF.dll
0x000007fefcfe0000 - 0x000007fefd011000 	C:\Windows\system32\nvinitx.dll
0x000007fefcfd0000 - 0x000007fefcfdc000 	C:\Windows\system32\VERSION.dll
0x00000000680a0000 - 0x0000000068172000 	C:\Program Files\Java\jdk1.8.0_65\jre\bin\msvcr100.dll
0x0000000066da0000 - 0x0000000067629000 	C:\Program Files\Java\jdk1.8.0_65\jre\bin\server\jvm.dll
0x000007fefa020000 - 0x000007fefa029000 	C:\Windows\system32\WSOCK32.dll
0x000007feff230000 - 0x000007feff27d000 	C:\Windows\system32\WS2_32.dll
0x000007fefee60000 - 0x000007fefee68000 	C:\Windows\system32\NSI.dll
0x000007fefa6c0000 - 0x000007fefa6fb000 	C:\Windows\system32\WINMM.dll
0x00000000772e0000 - 0x00000000772e7000 	C:\Windows\system32\PSAPI.DLL
0x00000000687b0000 - 0x00000000687bf000 	C:\Program Files\Java\jdk1.8.0_65\jre\bin\verify.dll
0x0000000068780000 - 0x00000000687a9000 	C:\Program Files\Java\jdk1.8.0_65\jre\bin\java.dll
0x0000000068480000 - 0x0000000068496000 	C:\Program Files\Java\jdk1.8.0_65\jre\bin\zip.dll
0x000007fefdda0000 - 0x000007fefeb28000 	C:\Windows\system32\SHELL32.dll
0x000007fefd910000 - 0x000007fefdb13000 	C:\Windows\system32\ole32.dll
0x000007fefd020000 - 0x000007fefd02f000 	C:\Windows\system32\profapi.dll

VM Arguments:
jvm_args: -Djava.awt.headless=true -Xmx1024M -Dfile.encoding=GBK -Duser.country=CN -Duser.language=zh -Duser.variant 
java_command: com.android.dx.command.Main --dex --force-jumbo --num-threads=4 --multi-dex --output E:\AndroidStudioProjects\GankIO\app\build\intermediates\transforms\dex\debug\folders\1000\10\com.android.support-recyclerview-v7-23.4.0_6fbad451184ff0e41a5cff04e89c3262fa1a4976 E:\AndroidStudioProjects\GankIO\app\build\intermediates\exploded-aar\com.android.support\recyclerview-v7\23.4.0\jars\classes.jar
java_class_path (initial): E:\Users\Administrator\AppData\Local\Android\sdk\build-tools\23.0.3\lib\dx.jar
Launcher Type: SUN_STANDARD

Environment Variables:
JAVA_HOME=C:\Program Files\Java\jdk1.8.0_65
CLASSPATH=.;C:\Program Files\Java\jdk1.8.0_65\lib
PATH=C:\ProgramData\Oracle\Java\javapath;E:\Users\Administrator\AppData\Local\Android\sdk\platform-tools;C:\Program Files\Java\jdk1.8.0_65\bin;C:\Windows\system32;C:\Windows;C:\Windows\System32\Wbem;C:\Windows\System32\WindowsPowerShell\v1.0\;C:\Program Files\nodejs\;C:\Users\Administrator\AppData\Roaming\npm;C:\Users\Administrator\AppData\Local\atom\bin
USERNAME=Administrator
OS=Windows_NT
PROCESSOR_IDENTIFIER=Intel64 Family 6 Model 60 Stepping 3, GenuineIntel



---------------  S Y S T E M  ---------------

OS: Windows 7 , 64 bit Build 7601 (6.1.7601.18798)

CPU:total 4 (2 cores per cpu, 2 threads per core) family 6 model 60 stepping 3, cmov, cx8, fxsr, mmx, sse, sse2, sse3, ssse3, sse4.1, sse4.2, popcnt, avx, avx2, aes, clmul, erms, lzcnt, ht, tsc, tscinvbit, bmi1, bmi2

Memory: 4k page, physical 8313136k(619232k free), swap 12505196k(5076k free)

vm_info: Java HotSpot(TM) 64-Bit Server VM (25.65-b01) for windows-amd64 JRE (1.8.0_65-b17), built on Oct  6 2015 16:39:20 by "java_re" with MS VC++ 10.0 (VS2010)

time: Sun Dec 04 21:08:25 2016
elapsed time: 14 seconds (0d 0h 0m 14s)

