#
# There is insufficient memory for the Java Runtime Environment to continue.
# Native memory allocation (malloc) failed to allocate 1493856 bytes for Chunk::new
# Possible reasons:
#   The system is out of physical RAM or swap space
#   In 32 bit mode, the process size limit was hit
# Possible solutions:
#   Reduce memory load on the system
#   Increase physical memory or swap space
#   Check if swap backing store is full
#   Use 64 bit Java on a 64 bit OS
#   Decrease Java heap size (-Xmx/-Xms)
#   Decrease number of Java threads
#   Decrease Java thread stack sizes (-Xss)
#   Set larger code cache with -XX:ReservedCodeCacheSize=
# This output file may be truncated or incomplete.
#
#  Out of Memory Error (allocation.cpp:390), pid=13888, tid=14136
#
# JRE version: Java(TM) SE Runtime Environment (8.0_65-b17) (build 1.8.0_65-b17)
# Java VM: Java HotSpot(TM) 64-Bit Server VM (25.65-b01 mixed mode windows-amd64 compressed oops)
# Failed to write core dump. Minidumps are not enabled by default on client versions of Windows
#

---------------  T H R E A D  ---------------

Current thread (0x0000000055fe9800):  JavaThread "C2 CompilerThread1" daemon [_thread_in_native, id=14136, stack(0x00000000569d0000,0x0000000056ad0000)]

Stack: [0x00000000569d0000,0x0000000056ad0000]
[error occurred during error reporting (printing stack bounds), id 0xc0000005]

Native frames: (J=compiled Java code, j=interpreted, Vv=VM code, C=native code)


Current CompileTask:
C2:   4331 1241       4       com.android.dx.dex.code.OutputFinisher::addConstants (93 bytes)


---------------  P R O C E S S  ---------------

Java Threads: ( => current thread )
  0x000000005622c000 JavaThread "pool-1-thread-1" [_thread_in_Java, id=11072, stack(0x0000000056eb0000,0x0000000056fb0000)]
  0x0000000056069000 JavaThread "Service Thread" daemon [_thread_blocked, id=7760, stack(0x0000000056890000,0x0000000056990000)]
  0x0000000054ccc800 JavaThread "C1 CompilerThread2" daemon [_thread_blocked, id=13384, stack(0x0000000056b30000,0x0000000056c30000)]
=>0x0000000055fe9800 JavaThread "C2 CompilerThread1" daemon [_thread_in_native, id=14136, stack(0x00000000569d0000,0x0000000056ad0000)]
  0x0000000055fdd000 JavaThread "C2 CompilerThread0" daemon [_thread_blocked, id=13716, stack(0x0000000056760000,0x0000000056860000)]
  0x0000000055fda800 JavaThread "Attach Listener" daemon [_thread_blocked, id=6480, stack(0x00000000565e0000,0x00000000566e0000)]
  0x0000000054cbe000 JavaThread "Signal Dispatcher" daemon [_thread_blocked, id=13652, stack(0x0000000056480000,0x0000000056580000)]
  0x0000000054c62000 JavaThread "Finalizer" daemon [_thread_blocked, id=3268, stack(0x0000000055ed0000,0x0000000055fd0000)]
  0x0000000054c60800 JavaThread "Reference Handler" daemon [_thread_blocked, id=7088, stack(0x0000000055bb0000,0x0000000055cb0000)]
  0x00000000020be800 JavaThread "main" [_thread_blocked, id=13912, stack(0x00000000021d0000,0x00000000022d0000)]

Other Threads:
  0x0000000054c5b000 VMThread [stack: 0x0000000055cc0000,0x0000000055dc0000] [id=12028]
  0x000000005609a000 WatcherThread [stack: 0x0000000056ca0000,0x0000000056da0000] [id=14224]

VM state:synchronizing (normal execution)

VM Mutex/Monitor currently owned by a thread:  ([mutex/lock_event])
[0x00000000020bc310] Safepoint_lock - owner thread: 0x0000000054c5b000
[0x00000000020bc390] Threads_lock - owner thread: 0x0000000054c5b000

Heap:
 PSYoungGen      total 38400K, used 12712K [0x00000000eab00000, 0x00000000ed580000, 0x0000000100000000)
  eden space 33280K, 22% used [0x00000000eab00000,0x00000000eb270128,0x00000000ecb80000)
  from space 5120K, 99% used [0x00000000ecb80000,0x00000000ed07a068,0x00000000ed080000)
  to   space 5120K, 0% used [0x00000000ed080000,0x00000000ed080000,0x00000000ed580000)
 ParOldGen       total 87552K, used 1724K [0x00000000c0000000, 0x00000000c5580000, 0x00000000eab00000)
  object space 87552K, 1% used [0x00000000c0000000,0x00000000c01af370,0x00000000c5580000)
 Metaspace       used 6335K, capacity 7224K, committed 7424K, reserved 1056768K
  class space    used 627K, capacity 688K, committed 768K, reserved 1048576K

Card table byte_map: [0x0000000011690000,0x00000000118a0000] byte_map_base: 0x0000000011090000

Marking Bits: (ParMarkBitMap*) 0x0000000059daa5b0
 Begin Bits: [0x00000000120d0000, 0x00000000130d0000)
 End Bits:   [0x00000000130d0000, 0x00000000140d0000)

Polling page: 0x0000000000210000

CodeCache: size=245760Kb used=5622Kb max_used=5622Kb free=240138Kb
 bounds [0x00000000022d0000, 0x0000000002860000, 0x00000000112d0000]
 total_blobs=1735 nmethods=1463 adapters=185
 compilation: enabled

Compilation events (10 events):
Event: 4.178 Thread 0x0000000054ccc800 1468       3       com.android.dx.dex.code.DalvCode::getInsns (9 bytes)
Event: 4.178 Thread 0x0000000054ccc800 nmethod 1468 0x000000000284fcd0 code [0x000000000284fe40, 0x000000000284ffe8]
Event: 4.178 Thread 0x0000000054ccc800 1469       3       com.android.dx.dex.code.DalvInsnList::codeSize (24 bytes)
Event: 4.178 Thread 0x0000000054ccc800 nmethod 1469 0x0000000002850090 code [0x0000000002850260, 0x0000000002850ac8]
Event: 4.179 Thread 0x0000000054ccc800 1470       3       java.util.ArrayList::sort (48 bytes)
Event: 4.179 Thread 0x0000000054ccc800 nmethod 1470 0x0000000002850d90 code [0x0000000002850f00, 0x0000000002851158]
Event: 4.179 Thread 0x0000000054ccc800 1471       3       java.util.Arrays::sort (47 bytes)
Event: 4.179 Thread 0x0000000054ccc800 nmethod 1471 0x0000000002851250 code [0x0000000002851400, 0x0000000002851858]
Event: 4.180 Thread 0x0000000054ccc800 1472       3       com.android.dx.dex.file.DebugInfoEncoder::emitStringIndex (45 bytes)
Event: 4.181 Thread 0x0000000054ccc800 nmethod 1472 0x0000000002851a90 code [0x0000000002851c60, 0x0000000002852308]

GC Heap History (2 events):
Event: 2.111 GC heap before
{Heap before GC invocations=1 (full 0):
 PSYoungGen      total 38400K, used 33280K [0x00000000eab00000, 0x00000000ed580000, 0x0000000100000000)
  eden space 33280K, 100% used [0x00000000eab00000,0x00000000ecb80000,0x00000000ecb80000)
  from space 5120K, 0% used [0x00000000ed080000,0x00000000ed080000,0x00000000ed580000)
  to   space 5120K, 0% used [0x00000000ecb80000,0x00000000ecb80000,0x00000000ed080000)
 ParOldGen       total 87552K, used 0K [0x00000000c0000000, 0x00000000c5580000, 0x00000000eab00000)
  object space 87552K, 0% used [0x00000000c0000000,0x00000000c0000000,0x00000000c5580000)
 Metaspace       used 5981K, capacity 6902K, committed 7040K, reserved 1056768K
  class space    used 607K, capacity 622K, committed 640K, reserved 1048576K
Event: 2.583 GC heap after
Heap after GC invocations=1 (full 0):
 PSYoungGen      total 38400K, used 5096K [0x00000000eab00000, 0x00000000ed580000, 0x0000000100000000)
  eden space 33280K, 0% used [0x00000000eab00000,0x00000000eab00000,0x00000000ecb80000)
  from space 5120K, 99% used [0x00000000ecb80000,0x00000000ed07a068,0x00000000ed080000)
  to   space 5120K, 0% used [0x00000000ed080000,0x00000000ed080000,0x00000000ed580000)
 ParOldGen       total 87552K, used 1724K [0x00000000c0000000, 0x00000000c5580000, 0x00000000eab00000)
  object space 87552K, 1% used [0x00000000c0000000,0x00000000c01af370,0x00000000c5580000)
 Metaspace       used 5981K, capacity 6902K, committed 7040K, reserved 1056768K
  class space    used 607K, capacity 622K, committed 640K, reserved 1048576K
}

Deoptimization events (10 events):
Event: 2.095 Thread 0x0000000056226800 Uncommon trap: reason=bimorphic action=maybe_recompile pc=0x000000000267c068 method=com.android.dx.cf.code.BytecodeArray.parseInstruction(ILcom/android/dx/cf/code/BytecodeArray$Visitor;)I @ 1051
Event: 2.095 Thread 0x0000000056226800 Uncommon trap: reason=bimorphic action=maybe_recompile pc=0x000000000267c068 method=com.android.dx.cf.code.BytecodeArray.parseInstruction(ILcom/android/dx/cf/code/BytecodeArray$Visitor;)I @ 1051
Event: 2.095 Thread 0x0000000056226800 Uncommon trap: reason=bimorphic action=maybe_recompile pc=0x000000000267bfec method=com.android.dx.cf.code.BytecodeArray.parseInstruction(ILcom/android/dx/cf/code/BytecodeArray$Visitor;)I @ 1035
Event: 2.775 Thread 0x000000005624c800 Uncommon trap: reason=bimorphic action=maybe_recompile pc=0x00000000024ec660 method=java.util.HashMap.getNode(ILjava/lang/Object;)Ljava/util/HashMap$Node; @ 126
Event: 3.381 Thread 0x000000005622c000 Uncommon trap: reason=bimorphic action=maybe_recompile pc=0x00000000024ec660 method=java.util.HashMap.getNode(ILjava/lang/Object;)Ljava/util/HashMap$Node; @ 126
Event: 3.381 Thread 0x000000005622c000 Uncommon trap: reason=bimorphic action=maybe_recompile pc=0x00000000024ec660 method=java.util.HashMap.getNode(ILjava/lang/Object;)Ljava/util/HashMap$Node; @ 126
Event: 3.381 Thread 0x000000005622c000 Uncommon trap: reason=bimorphic action=maybe_recompile pc=0x00000000024be360 method=java.util.HashMap.getNode(ILjava/lang/Object;)Ljava/util/HashMap$Node; @ 126
Event: 3.389 Thread 0x000000005622c000 Uncommon trap: reason=unstable_if action=reinterpret pc=0x0000000002696514 method=java.util.HashMap.putVal(ILjava/lang/Object;Ljava/lang/Object;ZZ)Ljava/lang/Object; @ 94
Event: 3.970 Thread 0x000000005622c000 Uncommon trap: reason=unstable_if action=reinterpret pc=0x00000000027af1c0 method=com.android.dx.dex.code.OutputFinisher.addConstants(Ljava/util/HashSet;Lcom/android/dx/rop/code/RegisterSpec;)V @ 57
Event: 4.084 Thread 0x000000005622c000 Uncommon trap: reason=unstable_if action=reinterpret pc=0x000000000264ede0 method=java.util.Arrays.equals([Ljava/lang/Object;[Ljava/lang/Object;)Z @ 23

Internal exceptions (2 events):
Event: 0.110 Thread 0x00000000020be800 Exception <a 'java/lang/NoSuchMethodError': Method sun.misc.Unsafe.defineClass(Ljava/lang/String;[BII)Ljava/lang/Class; name or signature does not match> (0x00000000eab130a0) thrown at [C:\workspace\8-2-build-windows-amd64-cygwin\jdk8u65\4987\hotspot\src\s™@õ¬$¼?
Event: 0.110 Thread 0x00000000020be800 Exception <a 'java/lang/NoSuchMethodError': Method sun.misc.Unsafe.prefetchRead(Ljava/lang/Object;J)V name or signature does not match> (0x00000000eab13388) thrown at [C:\workspace\8-2-build-windows-amd64-cygwin\jdk8u65\4987\hotspot\src\share\vm\prims\jni.`

Events (10 events):
Event: 4.084 loading class com/android/dx/util/ByteArrayAnnotatedOutput done
Event: 4.143 loading class com/android/dx/rop/code/RegisterSpec$1
Event: 4.143 loading class com/android/dx/rop/code/RegisterSpec$1 done
Event: 4.161 loading class com/android/dx/dex/file/DebugInfoEncoder
Event: 4.161 loading class com/android/dx/dex/file/DebugInfoEncoder done
Event: 4.163 loading class com/android/dx/dex/file/DebugInfoEncoder$1
Event: 4.163 loading class com/android/dx/dex/file/DebugInfoEncoder$1 done
Event: 4.165 loading class com/android/dx/dex/file/DebugInfoEncoder$2
Event: 4.165 loading class com/android/dx/dex/file/DebugInfoEncoder$2 done
Event: 4.326 Executing VM operation: EnableBiasedLocking


Dynamic libraries:
0x000000013f030000 - 0x000000013f067000 	C:\Program Files\Java\jdk1.8.0_65\bin\java.exe
0x0000000076db0000 - 0x0000000076f58000 	C:\Windows\SYSTEM32\ntdll.dll
0x0000000076b90000 - 0x0000000076caf000 	C:\Windows\system32\kernel32.dll
0x000007fefcf50000 - 0x000007fefcfbc000 	C:\Windows\system32\KERNELBASE.dll
0x000007fefd860000 - 0x000007fefd93b000 	C:\Windows\system32\ADVAPI32.dll
0x000007fefd250000 - 0x000007fefd2ef000 	C:\Windows\system32\msvcrt.dll
0x000007fefd440000 - 0x000007fefd45f000 	C:\Windows\SYSTEM32\sechost.dll
0x000007fefd2f0000 - 0x000007fefd41d000 	C:\Windows\system32\RPCRT4.dll
0x0000000076cb0000 - 0x0000000076daa000 	C:\Windows\system32\USER32.dll
0x000007fefdec0000 - 0x000007fefdf27000 	C:\Windows\system32\GDI32.dll
0x000007feff0b0000 - 0x000007feff0be000 	C:\Windows\system32\LPK.dll
0x000007fefd710000 - 0x000007fefd7d9000 	C:\Windows\system32\USP10.dll
0x000007fefa9c0000 - 0x000007fefabb4000 	C:\Windows\WinSxS\amd64_microsoft.windows.common-controls_6595b64144ccf1df_6.0.7601.18807_none_fa381d5f175bfb52\COMCTL32.dll
0x000007fefd7e0000 - 0x000007fefd851000 	C:\Windows\system32\SHLWAPI.dll
0x000007fefd460000 - 0x000007fefd48e000 	C:\Windows\system32\IMM32.DLL
0x000007fefd940000 - 0x000007fefda49000 	C:\Windows\system32\MSCTF.dll
0x000007fefcc70000 - 0x000007fefcca1000 	C:\Windows\system32\nvinitx.dll
0x000007fefcc60000 - 0x000007fefcc6c000 	C:\Windows\system32\VERSION.dll
0x000000005b710000 - 0x000000005b7e2000 	C:\Program Files\Java\jdk1.8.0_65\jre\bin\msvcr100.dll
0x00000000595a0000 - 0x0000000059e29000 	C:\Program Files\Java\jdk1.8.0_65\jre\bin\server\jvm.dll
0x000007feec300000 - 0x000007feec309000 	C:\Windows\system32\WSOCK32.dll
0x000007fefd540000 - 0x000007fefd58d000 	C:\Windows\system32\WS2_32.dll
0x000007fefd490000 - 0x000007fefd498000 	C:\Windows\system32\NSI.dll
0x000007fefa3d0000 - 0x000007fefa40b000 	C:\Windows\system32\WINMM.dll
0x0000000076f80000 - 0x0000000076f87000 	C:\Windows\system32\PSAPI.DLL
0x000000005c220000 - 0x000000005c22f000 	C:\Program Files\Java\jdk1.8.0_65\jre\bin\verify.dll
0x000000005c1f0000 - 0x000000005c219000 	C:\Program Files\Java\jdk1.8.0_65\jre\bin\java.dll
0x000000005c1d0000 - 0x000000005c1e6000 	C:\Program Files\Java\jdk1.8.0_65\jre\bin\zip.dll
0x000007fefe140000 - 0x000007fefeec8000 	C:\Windows\system32\SHELL32.dll
0x000007fefdf30000 - 0x000007fefe133000 	C:\Windows\system32\ole32.dll
0x000007fefccb0000 - 0x000007fefccbf000 	C:\Windows\system32\profapi.dll

VM Arguments:
jvm_args: -Djava.awt.headless=true -Xmx1024M -Dfile.encoding=GBK -Duser.country=CN -Duser.language=zh -Duser.variant 
java_command: com.android.dx.command.Main --dex --force-jumbo --num-threads=4 --multi-dex --output E:\AndroidStudioProjects\GankIO\app\build\intermediates\transforms\dex\debug\folders\1000\10\com.android.support-support-vector-drawable-23.4.0_ef82723d8aaa2d9de5349a2fca44ec8e71f04e62 E:\AndroidStudioProjects\GankIO\app\build\intermediates\exploded-aar\com.android.support\support-vector-drawable\23.4.0\jars\classes.jar
java_class_path (initial): E:\Users\Administrator\AppData\Local\Android\sdk\build-tools\23.0.3\lib\dx.jar
Launcher Type: SUN_STANDARD

Environment Variables:
JAVA_HOME=C:\Program Files\Java\jdk1.8.0_65
CLASSPATH=.;C:\Program Files\Java\jdk1.8.0_65\lib
PATH=C:\ProgramData\Oracle\Java\javapath;E:\Users\Administrator\AppData\Local\Android\sdk\platform-tools;C:\Program Files\Java\jdk1.8.0_65\bin;C:\Windows\system32;C:\Windows;C:\Windows\System32\Wbem;C:\Windows\System32\WindowsPowerShell\v1.0\;C:\Program Files\nodejs\;C:\Users\Administrator\AppData\Roaming\npm;C:\Users\Administrator\AppData\Local\atom\bin
USERNAME=Administrator
OS=Windows_NT
PROCESSOR_IDENTIFIER=Intel64 Family 6 Model 60 Stepping 3, GenuineIntel



---------------  S Y S T E M  ---------------

OS: Windows 7 , 64 bit Build 7601 (6.1.7601.18798)

CPU:total 4 (2 cores per cpu, 2 threads per core) family 6 model 60 stepping 3, cmov, cx8, fxsr, mmx, sse, sse2, sse3, ssse3, sse4.1, sse4.2, popcnt, avx, avx2, aes, clmul, erms, lzcnt, ht, tsc, tscinvbit, bmi1, bmi2

Memory: 4k page, physical 8313136k(571460k free), swap 12504876k(5124k free)

vm_info: Java HotSpot(TM) 64-Bit Server VM (25.65-b01) for windows-amd64 JRE (1.8.0_65-b17), built on Oct  6 2015 16:39:20 by "java_re" with MS VC++ 10.0 (VS2010)

time: Sat Dec 03 17:59:24 2016
elapsed time: 4 seconds (0d 0h 0m 4s)

